#
# There is insufficient memory for the Java Runtime Environment to continue.
# Native memory allocation (mmap) failed to map 100663296 bytes for G1 virtual space
# Possible reasons:
#   The system is out of physical RAM or swap space
#   The process is running with CompressedOops enabled, and the Java Heap may be blocking the growth of the native heap
# Possible solutions:
#   Reduce memory load on the system
#   Increase physical memory or swap space
#   Check if swap backing store is full
#   Decrease Java heap size (-Xmx/-Xms)
#   Decrease number of Java threads
#   Decrease Java thread stack sizes (-Xss)
#   Set larger code cache with -XX:ReservedCodeCacheSize=
#   JVM is running with Zero Based Compressed Oops mode in which the Java heap is
#     placed in the first 32GB address space. The Java Heap base address is the
#     maximum limit for the native heap growth. Please use -XX:HeapBaseMinAddress
#     to set the Java Heap base and to place the Java Heap above 32GB virtual address.
# This output file may be truncated or incomplete.
#
#  Out of Memory Error (os_windows.cpp:3532), pid=28008, tid=29092
#
# JRE version: OpenJDK Runtime Environment (17.0.2+8) (build 17.0.2+8-86)
# Java VM: OpenJDK 64-Bit Server VM (17.0.2+8-86, mixed mode, emulated-client, sharing, tiered, compressed oops, compressed class ptrs, g1 gc, windows-amd64)
# No core dump will be written. Minidumps are not enabled by default on client versions of Windows
#

---------------  S U M M A R Y ------------

Command Line: -XX:TieredStopAtLevel=1 -Xverify:none -Dspring.output.ansi.enabled=always -Dcom.sun.management.jmxremote -Dspring.jmx.enabled=true -Dspring.liveBeansView.mbeanDomain -Dspring.application.admin.enabled=true -javaagent:D:\JetBrains\IntelliJ IDEA 2022.1\lib\idea_rt.jar=21896:D:\JetBrains\IntelliJ IDEA 2022.1\bin -Dfile.encoding=UTF-8 ru.kata.spring.boot_security.demo.SpringBootSecurityDemoApplication

Host: Intel(R) Core(TM) i5-4460  CPU @ 3.20GHz, 4 cores, 15G,  Windows 10 , 64 bit Build 19041 (10.0.19041.1741)
Time: Mon Jul 25 02:38:55 2022 RTZ 2 (s 10 , 64 bit Build 19041 (10.0.19041.1741) elapsed time: 15.299525 seconds (0d 0h 0m 15s)

---------------  T H R E A D  ---------------

Current thread (0x000001b72da9b350):  VMThread "VM Thread" [stack: 0x0000003eeea00000,0x0000003eeeb00000] [id=29092]

Stack: [0x0000003eeea00000,0x0000003eeeb00000]
Native frames: (J=compiled Java code, j=interpreted, Vv=VM code, C=native code)
V  [jvm.dll+0x670baa]
V  [jvm.dll+0x7cfcb4]
V  [jvm.dll+0x7d145e]
V  [jvm.dll+0x7d1ac3]
V  [jvm.dll+0x242bc5]
V  [jvm.dll+0x66dac9]
V  [jvm.dll+0x662412]
V  [jvm.dll+0x300c0b]
V  [jvm.dll+0x3081a6]
V  [jvm.dll+0x357d0e]
V  [jvm.dll+0x357f3f]
V  [jvm.dll+0x2d7ec8]
V  [jvm.dll+0x2d6194]
V  [jvm.dll+0x2d579c]
V  [jvm.dll+0x3190eb]
V  [jvm.dll+0x7d5f9b]
V  [jvm.dll+0x7d6cd4]
V  [jvm.dll+0x7d71ec]
V  [jvm.dll+0x7d75c4]
V  [jvm.dll+0x7d7690]
V  [jvm.dll+0x77ff7a]
V  [jvm.dll+0x66fa35]
C  [ucrtbase.dll+0x21bb2]
C  [KERNEL32.DLL+0x17034]
C  [ntdll.dll+0x52651]

VM_Operation (0x0000003eef4fb2c0): G1CollectForAllocation, mode: safepoint, requested by thread 0x000001b73092f550


---------------  P R O C E S S  ---------------

Threads class SMR info:
_java_thread_list=0x000001b730a175b0, length=27, elements={
0x000001b72da9faa0, 0x000001b72daa2660, 0x000001b72daba260, 0x000001b72dabd640,
0x000001b72dac0000, 0x000001b72dac8de0, 0x000001b72daed770, 0x000001b72daee160,
0x000001b72e5d82d0, 0x000001b72e90d280, 0x000001b72e90d750, 0x000001b72eaf7620,
0x000001b73014e430, 0x000001b72f0e07a0, 0x000001b7305ff6b0, 0x000001b7304424a0,
0x000001b7305574b0, 0x000001b73063e450, 0x000001b73092d3a0, 0x000001b73092e6e0,
0x000001b73092ca00, 0x000001b73092fa20, 0x000001b73092f080, 0x000001b73092e210,
0x000001b73092ced0, 0x000001b73092ebb0, 0x000001b73092f550
}

Java Threads: ( => current thread )
  0x000001b72da9faa0 JavaThread "Reference Handler" daemon [_thread_blocked, id=28348, stack(0x0000003eeeb00000,0x0000003eeec00000)]
  0x000001b72daa2660 JavaThread "Finalizer" daemon [_thread_blocked, id=18352, stack(0x0000003eeec00000,0x0000003eeed00000)]
  0x000001b72daba260 JavaThread "Signal Dispatcher" daemon [_thread_blocked, id=24608, stack(0x0000003eeed00000,0x0000003eeee00000)]
  0x000001b72dabd640 JavaThread "Attach Listener" daemon [_thread_blocked, id=19036, stack(0x0000003eeee00000,0x0000003eeef00000)]
  0x000001b72dac0000 JavaThread "Service Thread" daemon [_thread_blocked, id=19736, stack(0x0000003eeef00000,0x0000003eef000000)]
  0x000001b72dac8de0 JavaThread "Monitor Deflation Thread" daemon [_thread_blocked, id=28752, stack(0x0000003eef000000,0x0000003eef100000)]
  0x000001b72daed770 JavaThread "C1 CompilerThread0" daemon [_thread_blocked, id=23308, stack(0x0000003eef100000,0x0000003eef200000)]
  0x000001b72daee160 JavaThread "Sweeper thread" daemon [_thread_blocked, id=29500, stack(0x0000003eef200000,0x0000003eef300000)]
  0x000001b72e5d82d0 JavaThread "Common-Cleaner" daemon [_thread_blocked, id=29520, stack(0x0000003eef300000,0x0000003eef400000)]
  0x000001b72e90d280 JavaThread "Monitor Ctrl-Break" daemon [_thread_in_native, id=20352, stack(0x0000003eef600000,0x0000003eef700000)]
  0x000001b72e90d750 JavaThread "Notification Thread" daemon [_thread_blocked, id=28568, stack(0x0000003eef700000,0x0000003eef800000)]
  0x000001b72eaf7620 JavaThread "RMI TCP Accept-0" daemon [_thread_in_native, id=3412, stack(0x0000003eef800000,0x0000003eef900000)]
  0x000001b73014e430 JavaThread "RMI TCP Connection(1)-169.254.76.163" daemon [_thread_in_native, id=28152, stack(0x0000003ef0000000,0x0000003ef0100000)]
  0x000001b72f0e07a0 JavaThread "RMI Scheduler(0)" daemon [_thread_blocked, id=28948, stack(0x0000003eeff00000,0x0000003ef0000000)]
  0x000001b7305ff6b0 JavaThread "Catalina-utility-1" [_thread_blocked, id=29272, stack(0x0000003ef0100000,0x0000003ef0200000)]
  0x000001b7304424a0 JavaThread "Catalina-utility-2" [_thread_blocked, id=19092, stack(0x0000003ef0200000,0x0000003ef0300000)]
  0x000001b7305574b0 JavaThread "container-0" [_thread_blocked, id=27372, stack(0x0000003ef0300000,0x0000003ef0400000)]
  0x000001b73063e450 JavaThread "mysql-cj-abandoned-connection-cleanup" daemon [_thread_blocked, id=29576, stack(0x0000003ef0400000,0x0000003ef0500000)]
  0x000001b73092d3a0 JavaThread "HikariPool-1 housekeeper" daemon [_thread_blocked, id=28968, stack(0x0000003ef0600000,0x0000003ef0700000)]
  0x000001b73092e6e0 JavaThread "http-nio-8080-Poller" daemon [_thread_in_native, id=8412, stack(0x0000003ef0800000,0x0000003ef0900000)]
  0x000001b73092ca00 JavaThread "http-nio-8080-Acceptor" daemon [_thread_in_native, id=27348, stack(0x0000003ef0900000,0x0000003ef0a00000)]
  0x000001b73092fa20 JavaThread "DestroyJavaVM" [_thread_blocked, id=26860, stack(0x0000003eee400000,0x0000003eee500000)]
  0x000001b73092f080 JavaThread "RMI TCP Connection(2)-169.254.76.163" daemon [_thread_in_native, id=29632, stack(0x0000003ef0a00000,0x0000003ef0b00000)]
  0x000001b73092e210 JavaThread "http-nio-8080-exec-1" daemon [_thread_blocked, id=28020, stack(0x0000003eef500000,0x0000003eef600000)]
  0x000001b73092ced0 JavaThread "http-nio-8080-exec-2" daemon [_thread_blocked, id=26732, stack(0x0000003ef0700000,0x0000003ef0800000)]
  0x000001b73092ebb0 JavaThread "http-nio-8080-exec-3" daemon [_thread_blocked, id=25396, stack(0x0000003ef0b00000,0x0000003ef0c00000)]
  0x000001b73092f550 JavaThread "http-nio-8080-exec-4" daemon [_thread_blocked, id=28756, stack(0x0000003eef400000,0x0000003eef500000)]

Other Threads:
=>0x000001b72da9b350 VMThread "VM Thread" [stack: 0x0000003eeea00000,0x0000003eeeb00000] [id=29092]
  0x000001b72eb0eb40 WatcherThread [stack: 0x0000003eef900000,0x0000003eefa00000] [id=27392]
  0x000001b71785ca40 GCTaskThread "GC Thread#0" [stack: 0x0000003eee500000,0x0000003eee600000] [id=27728]
  0x000001b72ebb4b40 GCTaskThread "GC Thread#1" [stack: 0x0000003eefa00000,0x0000003eefb00000] [id=25812]
  0x000001b72eb8f740 GCTaskThread "GC Thread#2" [stack: 0x0000003eefb00000,0x0000003eefc00000] [id=29096]
  0x000001b72eb8f9f0 GCTaskThread "GC Thread#3" [stack: 0x0000003eefc00000,0x0000003eefd00000] [id=28096]
  0x000001b71786d890 ConcurrentGCThread "G1 Main Marker" [stack: 0x0000003eee600000,0x0000003eee700000] [id=27208]
  0x000001b71786ea40 ConcurrentGCThread "G1 Conc#0" [stack: 0x0000003eee700000,0x0000003eee800000] [id=5432]
  0x000001b72d9624c0 ConcurrentGCThread "G1 Refine#0" [stack: 0x0000003eee800000,0x0000003eee900000] [id=26960]
  0x000001b72ebcec30 ConcurrentGCThread "G1 Refine#1" [stack: 0x0000003eefd00000,0x0000003eefe00000] [id=29024]
  0x000001b72ebda2f0 ConcurrentGCThread "G1 Refine#2" [stack: 0x0000003eefe00000,0x0000003eeff00000] [id=28264]
  0x000001b72d962d80 ConcurrentGCThread "G1 Service" [stack: 0x0000003eee900000,0x0000003eeea00000] [id=29544]

Threads with active compile tasks:

VM state: at safepoint (normal execution)

VM Mutex/Monitor currently owned by a thread:  ([mutex/lock_event])
[0x000001b717808db0] Threads_lock - owner thread: 0x000001b72da9b350
[0x000001b717807f10] Heap_lock - owner thread: 0x000001b73092f550

Heap address: 0x0000000700e00000, size: 4082 MB, Compressed Oops mode: Zero based, Oop shift amount: 3

CDS archive(s) mapped at: [0x0000000800000000-0x0000000800bc0000-0x0000000800bc0000), size 12320768, SharedBaseAddress: 0x0000000800000000, ArchiveRelocationMode: 0.
Compressed class space mapped at: 0x0000000800c00000-0x0000000840c00000, reserved size: 1073741824
Narrow klass base: 0x0000000800000000, Narrow klass shift: 0, Narrow klass range: 0x100000000

GC Precious Log:
 CPUs: 4 total, 4 available
 Memory: 16322M
 Large Page Support: Disabled
 NUMA Support: Disabled
 Compressed Oops: Enabled (Zero based)
 Heap Region Size: 2M
 Heap Min Capacity: 8M
 Heap Initial Capacity: 256M
 Heap Max Capacity: 4082M
 Pre-touch: Disabled
 Parallel Workers: 4
 Concurrent Workers: 1
 Concurrent Refinement Workers: 4
 Periodic GC: Disabled

Heap:
 garbage-first heap   total 163840K, used 28630K [0x0000000700e00000, 0x0000000800000000)
  region size 2048K, 2 young (4096K), 2 survivors (4096K)
 Metaspace       used 56679K, committed 57088K, reserved 1105920K
  class space    used 7875K, committed 8064K, reserved 1048576K

Heap Regions: E=young(eden), S=young(survivor), O=old, HS=humongous(starts), HC=humongous(continues), CS=collection set, F=free, OA=open archive, CA=closed archive, TAMS=top-at-mark-start (previous, next)
|   0|0x0000000700e00000, 0x0000000701000000, 0x0000000701000000|100%| O|  |TAMS 0x0000000701000000, 0x0000000700e00000| Untracked 
|   1|0x0000000701000000, 0x0000000701200000, 0x0000000701200000|100%| O|  |TAMS 0x0000000701200000, 0x0000000701000000| Untracked 
|   2|0x0000000701200000, 0x0000000701400000, 0x0000000701400000|100%| O|  |TAMS 0x0000000701400000, 0x0000000701200000| Untracked 
|   3|0x0000000701400000, 0x0000000701600000, 0x0000000701600000|100%| O|  |TAMS 0x0000000701600000, 0x0000000701400000| Untracked 
|   4|0x0000000701600000, 0x0000000701800000, 0x0000000701800000|100%| O|  |TAMS 0x0000000701800000, 0x0000000701600000| Untracked 
|   5|0x0000000701800000, 0x0000000701a00000, 0x0000000701a00000|100%| O|  |TAMS 0x0000000701800000, 0x0000000701800000| Untracked 
|   6|0x0000000701a00000, 0x0000000701c00000, 0x0000000701c00000|100%| O|  |TAMS 0x0000000701a00000, 0x0000000701a00000| Untracked 
|   7|0x0000000701c00000, 0x0000000701dde400, 0x0000000701e00000| 93%| O|  |TAMS 0x0000000701c00000, 0x0000000701c00000| Untracked 
|   8|0x0000000701e00000, 0x0000000701e00000, 0x0000000702000000|  0%| F|  |TAMS 0x0000000701e00000, 0x0000000701e00000| Untracked 
|   9|0x0000000702000000, 0x00000007021ffff8, 0x0000000702200000| 99%| O|  |TAMS 0x00000007021ffff8, 0x0000000702000000| Untracked 
|  10|0x0000000702200000, 0x0000000702400000, 0x0000000702400000|100%| O|  |TAMS 0x0000000702400000, 0x0000000702200000| Untracked 
|  11|0x0000000702400000, 0x0000000702600000, 0x0000000702600000|100%| O|  |TAMS 0x0000000702600000, 0x0000000702400000| Untracked 
|  12|0x0000000702600000, 0x0000000702800000, 0x0000000702800000|100%| O|  |TAMS 0x0000000702800000, 0x0000000702600000| Untracked 
|  13|0x0000000702800000, 0x0000000702a00000, 0x0000000702a00000|100%| O|  |TAMS 0x0000000702a00000, 0x0000000702800000| Untracked 
|  14|0x0000000702a00000, 0x0000000702a00000, 0x0000000702c00000|  0%| F|  |TAMS 0x0000000702a00000, 0x0000000702a00000| Untracked 
|  15|0x0000000702c00000, 0x0000000702c00000, 0x0000000702e00000|  0%| F|  |TAMS 0x0000000702c00000, 0x0000000702c00000| Untracked 
|  16|0x0000000702e00000, 0x0000000702e00000, 0x0000000703000000|  0%| F|  |TAMS 0x0000000702e00000, 0x0000000702e00000| Untracked 
|  17|0x0000000703000000, 0x0000000703000000, 0x0000000703200000|  0%| F|  |TAMS 0x0000000703000000, 0x0000000703000000| Untracked 
|  18|0x0000000703200000, 0x0000000703200000, 0x0000000703400000|  0%| F|  |TAMS 0x0000000703200000, 0x0000000703200000| Untracked 
|  19|0x0000000703400000, 0x0000000703417410, 0x0000000703600000|  4%| S|CS|TAMS 0x0000000703400000, 0x0000000703400000| Complete 
|  20|0x0000000703600000, 0x0000000703800000, 0x0000000703800000|100%| S|CS|TAMS 0x0000000703600000, 0x0000000703600000| Complete 
|  21|0x0000000703800000, 0x0000000703800000, 0x0000000703a00000|  0%| F|  |TAMS 0x0000000703800000, 0x0000000703800000| Untracked 
|  22|0x0000000703a00000, 0x0000000703a00000, 0x0000000703c00000|  0%| F|  |TAMS 0x0000000703a00000, 0x0000000703a00000| Untracked 
|  23|0x0000000703c00000, 0x0000000703c00000, 0x0000000703e00000|  0%| F|  |TAMS 0x0000000703c00000, 0x0000000703c00000| Untracked 
|  24|0x0000000703e00000, 0x0000000703e00000, 0x0000000704000000|  0%| F|  |TAMS 0x0000000703e00000, 0x0000000703e00000| Untracked 
|  25|0x0000000704000000, 0x0000000704000000, 0x0000000704200000|  0%| F|  |TAMS 0x0000000704000000, 0x0000000704000000| Untracked 
|  26|0x0000000704200000, 0x0000000704200000, 0x0000000704400000|  0%| F|  |TAMS 0x0000000704200000, 0x0000000704200000| Untracked 
|  27|0x0000000704400000, 0x0000000704400000, 0x0000000704600000|  0%| F|  |TAMS 0x0000000704400000, 0x0000000704400000| Untracked 
|  28|0x0000000704600000, 0x0000000704600000, 0x0000000704800000|  0%| F|  |TAMS 0x0000000704600000, 0x0000000704600000| Untracked 
|  29|0x0000000704800000, 0x0000000704800000, 0x0000000704a00000|  0%| F|  |TAMS 0x0000000704800000, 0x0000000704800000| Untracked 
|  30|0x0000000704a00000, 0x0000000704a00000, 0x0000000704c00000|  0%| F|  |TAMS 0x0000000704a00000, 0x0000000704a00000| Untracked 
|  31|0x0000000704c00000, 0x0000000704c00000, 0x0000000704e00000|  0%| F|  |TAMS 0x0000000704c00000, 0x0000000704c00000| Untracked 
|  32|0x0000000704e00000, 0x0000000704e00000, 0x0000000705000000|  0%| F|  |TAMS 0x0000000704e00000, 0x0000000704e00000| Untracked 
|  33|0x0000000705000000, 0x0000000705000000, 0x0000000705200000|  0%| F|  |TAMS 0x0000000705000000, 0x0000000705000000| Untracked 
|  34|0x0000000705200000, 0x0000000705200000, 0x0000000705400000|  0%| F|  |TAMS 0x0000000705200000, 0x0000000705200000| Untracked 
|  35|0x0000000705400000, 0x0000000705400000, 0x0000000705600000|  0%| F|  |TAMS 0x0000000705400000, 0x0000000705400000| Untracked 
|  36|0x0000000705600000, 0x0000000705600000, 0x0000000705800000|  0%| F|  |TAMS 0x0000000705600000, 0x0000000705600000| Untracked 
|  37|0x0000000705800000, 0x0000000705800000, 0x0000000705a00000|  0%| F|  |TAMS 0x0000000705800000, 0x0000000705800000| Untracked 
|  38|0x0000000705a00000, 0x0000000705a00000, 0x0000000705c00000|  0%| F|  |TAMS 0x0000000705a00000, 0x0000000705a00000| Untracked 
|  39|0x0000000705c00000, 0x0000000705c00000, 0x0000000705e00000|  0%| F|  |TAMS 0x0000000705c00000, 0x0000000705c00000| Untracked 
|  40|0x0000000705e00000, 0x0000000705e00000, 0x0000000706000000|  0%| F|  |TAMS 0x0000000705e00000, 0x0000000705e00000| Untracked 
|  41|0x0000000706000000, 0x0000000706000000, 0x0000000706200000|  0%| F|  |TAMS 0x0000000706000000, 0x0000000706000000| Untracked 
|  42|0x0000000706200000, 0x0000000706200000, 0x0000000706400000|  0%| F|  |TAMS 0x0000000706200000, 0x0000000706200000| Untracked 
|  43|0x0000000706400000, 0x0000000706400000, 0x0000000706600000|  0%| F|  |TAMS 0x0000000706400000, 0x0000000706400000| Untracked 
|  44|0x0000000706600000, 0x0000000706600000, 0x0000000706800000|  0%| F|  |TAMS 0x0000000706600000, 0x0000000706600000| Untracked 
|  45|0x0000000706800000, 0x0000000706800000, 0x0000000706a00000|  0%| F|  |TAMS 0x0000000706800000, 0x0000000706800000| Untracked 
|  46|0x0000000706a00000, 0x0000000706a00000, 0x0000000706c00000|  0%| F|  |TAMS 0x0000000706a00000, 0x0000000706a00000| Untracked 
|  47|0x0000000706c00000, 0x0000000706c00000, 0x0000000706e00000|  0%| F|  |TAMS 0x0000000706c00000, 0x0000000706c00000| Untracked 
|  48|0x0000000706e00000, 0x0000000706e00000, 0x0000000707000000|  0%| F|  |TAMS 0x0000000706e00000, 0x0000000706e00000| Untracked 
|  49|0x0000000707000000, 0x0000000707000000, 0x0000000707200000|  0%| F|  |TAMS 0x0000000707000000, 0x0000000707000000| Untracked 
|  50|0x0000000707200000, 0x0000000707200000, 0x0000000707400000|  0%| F|  |TAMS 0x0000000707200000, 0x0000000707200000| Untracked 
|  51|0x0000000707400000, 0x0000000707400000, 0x0000000707600000|  0%| F|  |TAMS 0x0000000707400000, 0x0000000707400000| Untracked 
|  52|0x0000000707600000, 0x0000000707600000, 0x0000000707800000|  0%| F|  |TAMS 0x0000000707600000, 0x0000000707600000| Untracked 
|  53|0x0000000707800000, 0x0000000707800000, 0x0000000707a00000|  0%| F|  |TAMS 0x0000000707800000, 0x0000000707800000| Untracked 
|  54|0x0000000707a00000, 0x0000000707a00000, 0x0000000707c00000|  0%| F|  |TAMS 0x0000000707a00000, 0x0000000707a00000| Untracked 
|  55|0x0000000707c00000, 0x0000000707c00000, 0x0000000707e00000|  0%| F|  |TAMS 0x0000000707c00000, 0x0000000707c00000| Untracked 
|  56|0x0000000707e00000, 0x0000000707e00000, 0x0000000708000000|  0%| F|  |TAMS 0x0000000707e00000, 0x0000000707e00000| Untracked 
|  57|0x0000000708000000, 0x0000000708000000, 0x0000000708200000|  0%| F|  |TAMS 0x0000000708000000, 0x0000000708000000| Untracked 
|  58|0x0000000708200000, 0x0000000708200000, 0x0000000708400000|  0%| F|  |TAMS 0x0000000708200000, 0x0000000708200000| Untracked 
|  59|0x0000000708400000, 0x0000000708400000, 0x0000000708600000|  0%| F|  |TAMS 0x0000000708400000, 0x0000000708400000| Untracked 
|  60|0x0000000708600000, 0x0000000708600000, 0x0000000708800000|  0%| F|  |TAMS 0x0000000708600000, 0x0000000708600000| Untracked 
|  61|0x0000000708800000, 0x0000000708800000, 0x0000000708a00000|  0%| F|  |TAMS 0x0000000708800000, 0x0000000708800000| Untracked 
|  62|0x0000000708a00000, 0x0000000708a00000, 0x0000000708c00000|  0%| F|  |TAMS 0x0000000708a00000, 0x0000000708a00000| Untracked 
|  63|0x0000000708c00000, 0x0000000708c00000, 0x0000000708e00000|  0%| F|  |TAMS 0x0000000708c00000, 0x0000000708c00000| Untracked 
|  64|0x0000000708e00000, 0x0000000708e00000, 0x0000000709000000|  0%| F|  |TAMS 0x0000000708e00000, 0x0000000708e00000| Untracked 
|  65|0x0000000709000000, 0x0000000709000000, 0x0000000709200000|  0%| F|  |TAMS 0x0000000709000000, 0x0000000709000000| Untracked 
|  66|0x0000000709200000, 0x0000000709200000, 0x0000000709400000|  0%| F|  |TAMS 0x0000000709200000, 0x0000000709200000| Untracked 
|  67|0x0000000709400000, 0x0000000709400000, 0x0000000709600000|  0%| F|  |TAMS 0x0000000709400000, 0x0000000709400000| Untracked 
|  68|0x0000000709600000, 0x0000000709600000, 0x0000000709800000|  0%| F|  |TAMS 0x0000000709600000, 0x0000000709600000| Untracked 
|  69|0x0000000709800000, 0x0000000709800000, 0x0000000709a00000|  0%| F|  |TAMS 0x0000000709800000, 0x0000000709800000| Untracked 
|  70|0x0000000709a00000, 0x0000000709a00000, 0x0000000709c00000|  0%| F|  |TAMS 0x0000000709a00000, 0x0000000709a00000| Untracked 
|  71|0x0000000709c00000, 0x0000000709c00000, 0x0000000709e00000|  0%| F|  |TAMS 0x0000000709c00000, 0x0000000709c00000| Untracked 
|  72|0x0000000709e00000, 0x0000000709e00000, 0x000000070a000000|  0%| F|  |TAMS 0x0000000709e00000, 0x0000000709e00000| Untracked 
|  73|0x000000070a000000, 0x000000070a000000, 0x000000070a200000|  0%| F|  |TAMS 0x000000070a000000, 0x000000070a000000| Untracked 
|  74|0x000000070a200000, 0x000000070a200000, 0x000000070a400000|  0%| F|  |TAMS 0x000000070a200000, 0x000000070a200000| Untracked 
|  75|0x000000070a400000, 0x000000070a400000, 0x000000070a600000|  0%| F|  |TAMS 0x000000070a400000, 0x000000070a400000| Untracked 
|  76|0x000000070a600000, 0x000000070a600000, 0x000000070a800000|  0%| F|  |TAMS 0x000000070a600000, 0x000000070a600000| Untracked 
|  77|0x000000070a800000, 0x000000070a800000, 0x000000070aa00000|  0%| F|  |TAMS 0x000000070a800000, 0x000000070a800000| Untracked 
|  78|0x000000070aa00000, 0x000000070aa00000, 0x000000070ac00000|  0%| F|  |TAMS 0x000000070aa00000, 0x000000070aa00000| Untracked 
| 127|0x0000000710c00000, 0x0000000710c00000, 0x0000000710e00000|  0%| F|  |TAMS 0x0000000710c00000, 0x0000000710c00000| Untracked 

Card table byte_map: [0x000001b722850000,0x000001b723050000] _byte_map_base: 0x000001b71f049000

Marking Bits (Prev, Next): (CMBitMap*) 0x000001b71785d090, (CMBitMap*) 0x000001b71785d050
 Prev Bits: [0x000001b727820000, 0x000001b72b7e8000)
 Next Bits: [0x000001b723850000, 0x000001b727818000)

Polling page: 0x000001b7156c0000

Metaspace:

Usage:
  Non-class:     47.66 MB used.
      Class:      7.69 MB used.
       Both:     55.35 MB used.

Virtual space:
  Non-class space:       56.00 MB reserved,      47.88 MB ( 85%) committed,  7 nodes.
      Class space:        1.00 GB reserved,       7.88 MB ( <1%) committed,  1 nodes.
             Both:        1.05 GB reserved,      55.75 MB (  5%) committed. 

Chunk freelists:
   Non-Class:  3.67 MB
       Class:  176.00 KB
        Both:  3.84 MB

MaxMetaspaceSize: unlimited
CompressedClassSpaceSize: 1.00 GB
Initial GC threshold: 21.00 MB
Current GC threshold: 78.44 MB
CDS: on
MetaspaceReclaimPolicy: balanced
 - commit_granule_bytes: 65536.
 - commit_granule_words: 8192.
 - virtual_space_node_default_size: 1048576.
 - enlarge_chunks_in_place: 1.
 - new_chunks_are_fully_committed: 0.
 - uncommit_free_chunks: 1.
 - use_allocation_guard: 0.
 - handle_deallocations: 1.


Internal statistics:

num_allocs_failed_limit: 12.
num_arena_births: 540.
num_arena_deaths: 0.
num_vsnodes_births: 8.
num_vsnodes_deaths: 0.
num_space_committed: 892.
num_space_uncommitted: 0.
num_chunks_returned_to_freelist: 12.
num_chunks_taken_from_freelist: 2529.
num_chunk_merges: 12.
num_chunk_splits: 1794.
num_chunks_enlarged: 1384.
num_purges: 0.
num_inconsistent_stats: 0.

CodeCache: size=49152Kb used=10147Kb max_used=10885Kb free=39004Kb
 bounds [0x000001b71f050000, 0x000001b71fb00000, 0x000001b722050000]
 total_blobs=6219 nmethods=5537 adapters=609
 compilation: enabled
              stopped_count=0, restarted_count=0
 full_count=0

Compilation events (20 events):
Event: 15.206 Thread 0x000001b72daed770 5528       1       ru.kata.spring.boot_security.demo.models.Role::getId (5 bytes)
Event: 15.206 Thread 0x000001b72daed770 nmethod 5528 0x000001b71f22b290 code [0x000001b71f22b420, 0x000001b71f22b4f8]
Event: 15.206 Thread 0x000001b72daed770 5529       1       ru.kata.spring.boot_security.demo.models.Role::getName (5 bytes)
Event: 15.206 Thread 0x000001b72daed770 nmethod 5529 0x000001b71f22af90 code [0x000001b71f22b120, 0x000001b71f22b1f8]
Event: 15.206 Thread 0x000001b72daed770 5534       1       java.lang.invoke.LambdaForm$MH/0x0000000800c03400::invoke (27 bytes)
Event: 15.206 Thread 0x000001b72daed770 nmethod 5534 0x000001b71f22ab90 code [0x000001b71f22ad40, 0x000001b71f22aeb8]
Event: 15.206 Thread 0x000001b72daed770 5535       1       java.lang.StringConcatHelper::newArrayWithSuffix (40 bytes)
Event: 15.207 Thread 0x000001b72daed770 nmethod 5535 0x000001b71f22a690 code [0x000001b71f22a840, 0x000001b71f22aa28]
Event: 15.207 Thread 0x000001b72daed770 5530       1       java.lang.invoke.LambdaForm$MH/0x0000000800c02c00::invoke (27 bytes)
Event: 15.207 Thread 0x000001b72daed770 nmethod 5530 0x000001b71f22a290 code [0x000001b71f22a440, 0x000001b71f22a5b8]
Event: 15.207 Thread 0x000001b72daed770 5536       1       java.lang.invoke.DelegatingMethodHandle$Holder::reinvoke_L (20 bytes)
Event: 15.207 Thread 0x000001b72daed770 nmethod 5536 0x000001b71f229e90 code [0x000001b71f22a040, 0x000001b71f22a198]
Event: 15.207 Thread 0x000001b72daed770 5537       1       java.lang.invoke.DelegatingMethodHandle$Holder::reinvoke_L (18 bytes)
Event: 15.207 Thread 0x000001b72daed770 nmethod 5537 0x000001b71f229a90 code [0x000001b71f229c40, 0x000001b71f229d98]
Event: 15.207 Thread 0x000001b72daed770 5531       1       java.lang.Integer::toString (8 bytes)
Event: 15.207 Thread 0x000001b72daed770 nmethod 5531 0x000001b71f229790 code [0x000001b71f229920, 0x000001b71f229a08]
Event: 15.207 Thread 0x000001b72daed770 5532       1       java.lang.invoke.LambdaForm$MH/0x0000000800c07800::invoke (148 bytes)
Event: 15.207 Thread 0x000001b72daed770 nmethod 5532 0x000001b71f228c90 code [0x000001b71f228ec0, 0x000001b71f229328]
Event: 15.207 Thread 0x000001b72daed770 5533       1       ru.kata.spring.boot_security.demo.models.Role::toString (14 bytes)
Event: 15.208 Thread 0x000001b72daed770 nmethod 5533 0x000001b71f228190 code [0x000001b71f2283c0, 0x000001b71f2287f8]

GC Heap History (20 events):
Event: 2.983 GC heap after
{Heap after GC invocations=8 (full 0):
 garbage-first heap   total 159744K, used 18632K [0x0000000700e00000, 0x0000000800000000)
  region size 2048K, 2 young (4096K), 2 survivors (4096K)
 Metaspace       used 36112K, committed 36480K, reserved 1081344K
  class space    used 4951K, committed 5120K, reserved 1048576K
}
Event: 3.431 GC heap before
{Heap before GC invocations=9 (full 0):
 garbage-first heap   total 75776K, used 59592K [0x0000000700e00000, 0x0000000800000000)
  region size 2048K, 22 young (45056K), 2 survivors (4096K)
 Metaspace       used 43448K, committed 43840K, reserved 1089536K
  class space    used 6057K, committed 6208K, reserved 1048576K
}
Event: 3.437 GC heap after
{Heap after GC invocations=10 (full 0):
 garbage-first heap   total 75776K, used 20516K [0x0000000700e00000, 0x0000000800000000)
  region size 2048K, 1 young (2048K), 1 survivors (2048K)
 Metaspace       used 43448K, committed 43840K, reserved 1089536K
  class space    used 6057K, committed 6208K, reserved 1048576K
}
Event: 3.485 GC heap before
{Heap before GC invocations=10 (full 0):
 garbage-first heap   total 75776K, used 22564K [0x0000000700e00000, 0x0000000800000000)
  region size 2048K, 2 young (4096K), 1 survivors (2048K)
 Metaspace       used 43998K, committed 44352K, reserved 1089536K
  class space    used 6131K, committed 6272K, reserved 1048576K
}
Event: 3.487 GC heap after
{Heap after GC invocations=11 (full 0):
 garbage-first heap   total 75776K, used 21003K [0x0000000700e00000, 0x0000000800000000)
  region size 2048K, 1 young (2048K), 1 survivors (2048K)
 Metaspace       used 43998K, committed 44352K, reserved 1089536K
  class space    used 6131K, committed 6272K, reserved 1048576K
}
Event: 3.811 GC heap before
{Heap before GC invocations=11 (full 0):
 garbage-first heap   total 75776K, used 55819K [0x0000000700e00000, 0x0000000800000000)
  region size 2048K, 18 young (36864K), 1 survivors (2048K)
 Metaspace       used 47452K, committed 47936K, reserved 1097728K
  class space    used 6623K, committed 6848K, reserved 1048576K
}
Event: 3.815 GC heap after
{Heap after GC invocations=12 (full 0):
 garbage-first heap   total 163840K, used 23077K [0x0000000700e00000, 0x0000000800000000)
  region size 2048K, 2 young (4096K), 2 survivors (4096K)
 Metaspace       used 47452K, committed 47936K, reserved 1097728K
  class space    used 6623K, committed 6848K, reserved 1048576K
}
Event: 11.496 GC heap before
{Heap before GC invocations=13 (full 0):
 garbage-first heap   total 96256K, used 76325K [0x0000000700e00000, 0x0000000800000000)
  region size 2048K, 28 young (57344K), 2 survivors (4096K)
 Metaspace       used 53407K, committed 53824K, reserved 1097728K
  class space    used 7483K, committed 7680K, reserved 1048576K
}
Event: 11.501 GC heap after
{Heap after GC invocations=14 (full 0):
 garbage-first heap   total 96256K, used 26620K [0x0000000700e00000, 0x0000000800000000)
  region size 2048K, 3 young (6144K), 3 survivors (6144K)
 Metaspace       used 53407K, committed 53824K, reserved 1097728K
  class space    used 7483K, committed 7680K, reserved 1048576K
}
Event: 15.211 GC heap before
{Heap before GC invocations=14 (full 0):
 garbage-first heap   total 96256K, used 71676K [0x0000000700e00000, 0x0000000800000000)
  region size 2048K, 26 young (53248K), 3 survivors (6144K)
 Metaspace       used 56679K, committed 57088K, reserved 1105920K
  class space    used 7875K, committed 8064K, reserved 1048576K
}
Event: 15.217 GC heap after
{Heap after GC invocations=15 (full 0):
 garbage-first heap   total 96256K, used 28764K [0x0000000700e00000, 0x0000000800000000)
  region size 2048K, 3 young (6144K), 3 survivors (6144K)
 Metaspace       used 56679K, committed 57088K, reserved 1105920K
  class space    used 7875K, committed 8064K, reserved 1048576K
}
Event: 15.224 GC heap before
{Heap before GC invocations=15 (full 0):
 garbage-first heap   total 96256K, used 71772K [0x0000000700e00000, 0x0000000800000000)
  region size 2048K, 25 young (51200K), 3 survivors (6144K)
 Metaspace       used 56679K, committed 57088K, reserved 1105920K
  class space    used 7875K, committed 8064K, reserved 1048576K
}
Event: 15.229 GC heap after
{Heap after GC invocations=16 (full 0):
 garbage-first heap   total 96256K, used 29089K [0x0000000700e00000, 0x0000000800000000)
  region size 2048K, 2 young (4096K), 2 survivors (4096K)
 Metaspace       used 56679K, committed 57088K, reserved 1105920K
  class space    used 7875K, committed 8064K, reserved 1048576K
}
Event: 15.235 GC heap before
{Heap before GC invocations=16 (full 0):
 garbage-first heap   total 96256K, used 72097K [0x0000000700e00000, 0x0000000800000000)
  region size 2048K, 24 young (49152K), 2 survivors (4096K)
 Metaspace       used 56679K, committed 57088K, reserved 1105920K
  class space    used 7875K, committed 8064K, reserved 1048576K
}
Event: 15.237 GC heap after
{Heap after GC invocations=17 (full 0):
 garbage-first heap   total 96256K, used 28679K [0x0000000700e00000, 0x0000000800000000)
  region size 2048K, 2 young (4096K), 2 survivors (4096K)
 Metaspace       used 56679K, committed 57088K, reserved 1105920K
  class space    used 7875K, committed 8064K, reserved 1048576K
}
Event: 15.243 GC heap before
{Heap before GC invocations=17 (full 0):
 garbage-first heap   total 96256K, used 73735K [0x0000000700e00000, 0x0000000800000000)
  region size 2048K, 25 young (51200K), 2 survivors (4096K)
 Metaspace       used 56679K, committed 57088K, reserved 1105920K
  class space    used 7875K, committed 8064K, reserved 1048576K
}
Event: 15.245 GC heap after
{Heap after GC invocations=18 (full 0):
 garbage-first heap   total 96256K, used 28749K [0x0000000700e00000, 0x0000000800000000)
  region size 2048K, 2 young (4096K), 2 survivors (4096K)
 Metaspace       used 56679K, committed 57088K, reserved 1105920K
  class space    used 7875K, committed 8064K, reserved 1048576K
}
Event: 15.251 GC heap before
{Heap before GC invocations=18 (full 0):
 garbage-first heap   total 96256K, used 73805K [0x0000000700e00000, 0x0000000800000000)
  region size 2048K, 25 young (51200K), 2 survivors (4096K)
 Metaspace       used 56679K, committed 57088K, reserved 1105920K
  class space    used 7875K, committed 8064K, reserved 1048576K
}
Event: 15.253 GC heap after
{Heap after GC invocations=19 (full 0):
 garbage-first heap   total 96256K, used 28642K [0x0000000700e00000, 0x0000000800000000)
  region size 2048K, 2 young (4096K), 2 survivors (4096K)
 Metaspace       used 56679K, committed 57088K, reserved 1105920K
  class space    used 7875K, committed 8064K, reserved 1048576K
}
Event: 15.259 GC heap before
{Heap before GC invocations=19 (full 0):
 garbage-first heap   total 96256K, used 75746K [0x0000000700e00000, 0x0000000800000000)
  region size 2048K, 26 young (53248K), 2 survivors (4096K)
 Metaspace       used 56679K, committed 57088K, reserved 1105920K
  class space    used 7875K, committed 8064K, reserved 1048576K
}

Deoptimization events (18 events):
Event: 0.613 Thread 0x000001b71780cf40 DEOPT PACKING pc=0x000001b71f32ab01 sp=0x0000003eee4fdd00
Event: 0.613 Thread 0x000001b71780cf40 DEOPT UNPACKING pc=0x000001b71f0a2b43 sp=0x0000003eee4fd158 mode 3
Event: 0.979 Thread 0x000001b71780cf40 DEOPT PACKING pc=0x000001b71f5484f9 sp=0x0000003eee4fd7b0
Event: 0.980 Thread 0x000001b71780cf40 DEOPT UNPACKING pc=0x000001b71f0a2b43 sp=0x0000003eee4fcc90 mode 3
Event: 1.637 Thread 0x000001b71780cf40 DEOPT PACKING pc=0x000001b71f57e654 sp=0x0000003eee4fdbe0
Event: 1.637 Thread 0x000001b71780cf40 DEOPT UNPACKING pc=0x000001b71f0a2b43 sp=0x0000003eee4fd138 mode 0
Event: 1.806 Thread 0x000001b71780cf40 DEOPT PACKING pc=0x000001b71f74d901 sp=0x0000003eee4fcfd0
Event: 1.806 Thread 0x000001b71780cf40 DEOPT UNPACKING pc=0x000001b71f0a2b43 sp=0x0000003eee4fc440 mode 3
Event: 2.348 Thread 0x000001b71780cf40 DEOPT PACKING pc=0x000001b71f8162e5 sp=0x0000003eee4fc9b0
Event: 2.348 Thread 0x000001b71780cf40 DEOPT UNPACKING pc=0x000001b71f0a2b43 sp=0x0000003eee4fbf18 mode 3
Event: 2.359 Thread 0x000001b71780cf40 DEOPT PACKING pc=0x000001b71f55fa09 sp=0x0000003eee4fec20
Event: 2.359 Thread 0x000001b71780cf40 DEOPT UNPACKING pc=0x000001b71f0a2b43 sp=0x0000003eee4fe0b0 mode 3
Event: 2.359 Thread 0x000001b7304424a0 DEOPT PACKING pc=0x000001b71f531d9f sp=0x0000003ef02ff230
Event: 2.359 Thread 0x000001b7304424a0 DEOPT UNPACKING pc=0x000001b71f0a2b43 sp=0x0000003ef02fe688 mode 3
Event: 3.562 Thread 0x000001b71780cf40 DEOPT PACKING pc=0x000001b71f5956d2 sp=0x0000003eee4fc2a0
Event: 3.562 Thread 0x000001b71780cf40 DEOPT UNPACKING pc=0x000001b71f0a2b43 sp=0x0000003eee4fb7a8 mode 3
Event: 3.848 Thread 0x000001b71780cf40 DEOPT PACKING pc=0x000001b71fa4df79 sp=0x0000003eee4fb560
Event: 3.848 Thread 0x000001b71780cf40 DEOPT UNPACKING pc=0x000001b71f0a2b43 sp=0x0000003eee4faa40 mode 3

Classes unloaded (0 events):
No events

Classes redefined (0 events):
No events

Internal exceptions (20 events):
Event: 3.759 Thread 0x000001b71780cf40 Exception <a 'java/lang/ClassNotFoundException'{0x0000000703a42c10}: org/springframework/web/context/ServletContextAwareCustomizer> (0x0000000703a42c10) 
thrown [t:\workspace\open\src\hotspot\share\classfile\systemDictionary.cpp, line 256]
Event: 3.759 Thread 0x000001b71780cf40 Exception <a 'java/lang/ClassNotFoundException'{0x0000000703a482b0}: org/springframework/beans/factory/AwareCustomizer> (0x0000000703a482b0) 
thrown [t:\workspace\open\src\hotspot\share\classfile\systemDictionary.cpp, line 256]
Event: 3.787 Thread 0x000001b73014e430 Exception <a 'java/lang/reflect/InvocationTargetException'{0x00000007038a4f48}> (0x00000007038a4f48) 
thrown [t:\workspace\open\src\hotspot\share\runtime\reflection.cpp, line 1121]
Event: 3.797 Thread 0x000001b71780cf40 Exception <a 'java/lang/reflect/InvocationTargetException'{0x000000070349dc80}> (0x000000070349dc80) 
thrown [t:\workspace\open\src\hotspot\share\runtime\reflection.cpp, line 1121]
Event: 3.818 Thread 0x000001b71780cf40 Exception <a 'java/lang/ClassNotFoundException'{0x0000000710c36500}: java/lang/ObjectCustomizer> (0x0000000710c36500) 
thrown [t:\workspace\open\src\hotspot\share\classfile\systemDictionary.cpp, line 256]
Event: 3.818 Thread 0x000001b71780cf40 Exception <a 'java/lang/ClassNotFoundException'{0x0000000710c3eab0}: org/springframework/security/config/annotation/web/configuration/WebSecurityConfigurationCustomizer> (0x0000000710c3eab0) 
thrown [t:\workspace\open\src\hotspot\share\classfile\systemDictionary.cpp, line 256]
Event: 3.819 Thread 0x000001b71780cf40 Exception <a 'java/lang/ClassNotFoundException'{0x0000000710c4da68}: org/springframework/context/annotation/ImportAwareCustomizer> (0x0000000710c4da68) 
thrown [t:\workspace\open\src\hotspot\share\classfile\systemDictionary.cpp, line 256]
Event: 3.819 Thread 0x000001b71780cf40 Exception <a 'java/lang/ClassNotFoundException'{0x0000000710c52d18}: org/springframework/beans/factory/AwareCustomizer> (0x0000000710c52d18) 
thrown [t:\workspace\open\src\hotspot\share\classfile\systemDictionary.cpp, line 256]
Event: 3.819 Thread 0x000001b71780cf40 Exception <a 'java/lang/ClassNotFoundException'{0x0000000710c574d8}: org/springframework/beans/factory/BeanClassLoaderAwareCustomizer> (0x0000000710c574d8) 
thrown [t:\workspace\open\src\hotspot\share\classfile\systemDictionary.cpp, line 256]
Event: 3.819 Thread 0x000001b71780cf40 Exception <a 'java/lang/ClassNotFoundException'{0x0000000710c5c768}: org/springframework/beans/factory/AwareCustomizer> (0x0000000710c5c768) 
thrown [t:\workspace\open\src\hotspot\share\classfile\systemDictionary.cpp, line 256]
Event: 3.936 Thread 0x000001b71780cf40 Exception <a 'java/lang/ClassNotFoundException'{0x00000007063ef428}: java/lang/ObjectCustomizer> (0x00000007063ef428) 
thrown [t:\workspace\open\src\hotspot\share\classfile\systemDictionary.cpp, line 256]
Event: 3.936 Thread 0x000001b71780cf40 Exception <a 'java/lang/ClassNotFoundException'{0x00000007063f79d8}: org/springframework/security/config/annotation/web/configuration/HttpSecurityConfigurationCustomizer> (0x00000007063f79d8) 
thrown [t:\workspace\open\src\hotspot\share\classfile\systemDictionary.cpp, line 256]
Event: 4.038 Thread 0x000001b71780cf40 Exception <a 'java/lang/NoSuchMethodError'{0x00000007058b4a78}: 'void java.lang.invoke.DirectMethodHandle$Holder.invokeVirtual(java.lang.Object, java.lang.Object, int)'> (0x00000007058b4a78) 
thrown [t:\workspace\open\src\hotspot\share\interpreter\linkResolver.cpp, line 766]
Event: 4.040 Thread 0x000001b71780cf40 Exception <a 'java/lang/NoSuchMethodError'{0x00000007058cf620}: 'void java.lang.invoke.DirectMethodHandle$Holder.invokeVirtual(java.lang.Object, java.lang.Object, long)'> (0x00000007058cf620) 
thrown [t:\workspace\open\src\hotspot\share\interpreter\linkResolver.cpp, line 766]
Event: 4.128 Thread 0x000001b71780cf40 Exception <a 'java/lang/IncompatibleClassChangeError'{0x000000070503bc78}: Found class java.lang.Object, but interface was expected> (0x000000070503bc78) 
thrown [t:\workspace\open\src\hotspot\share\interpreter\linkResolver.cpp, line 833]
Event: 4.256 Thread 0x000001b71780cf40 Exception <a 'java/lang/NoSuchMethodError'{0x000000070442f7f0}: 'java.lang.Object java.lang.invoke.DirectMethodHandle$Holder.invokeSpecial(java.lang.Object, java.lang.Object, int, java.lang.Object, int, java.lang.Object)'> (0x000000070442f7f0) 
thrown [t:\workspace\open\src\hotspot\share\interpreter\linkResolver.cpp, line 766]
Event: 4.256 Thread 0x000001b71780cf40 Exception <a 'java/lang/NoSuchMethodError'{0x00000007044375f0}: 'java.lang.Object java.lang.invoke.DirectMethodHandle$Holder.newInvokeSpecial(java.lang.Object, java.lang.Object, int, java.lang.Object, int)'> (0x00000007044375f0) 
thrown [t:\workspace\open\src\hotspot\share\interpreter\linkResolver.cpp, line 766]
Event: 4.256 Thread 0x000001b71780cf40 Exception <a 'java/lang/NoSuchMethodError'{0x000000070443b6f0}: 'java.lang.Object java.lang.invoke.DirectMethodHandle$Holder.invokeSpecial(java.lang.Object, java.lang.Object, java.lang.Object, int, java.lang.Object, int)'> (0x000000070443b6f0) 
thrown [t:\workspace\open\src\hotspot\share\interpreter\linkResolver.cpp, line 766]
Event: 4.257 Thread 0x000001b71780cf40 Exception <a 'java/lang/NoSuchMethodError'{0x0000000704445960}: 'void java.lang.invoke.DirectMethodHandle$Holder.invokeVirtual(java.lang.Object, java.lang.Object)'> (0x0000000704445960) 
thrown [t:\workspace\open\src\hotspot\share\interpreter\linkResolver.cpp, line 766]
Event: 15.108 Thread 0x000001b73092ebb0 Exception <a 'java/lang/NoSuchMethodError'{0x0000000705ed7600}: 'java.lang.Object java.lang.invoke.DirectMethodHandle$Holder.invokeStaticInit(java.lang.Object, java.lang.Object, java.lang.Object, java.lang.Object, java.lang.Object, java.lang.Object)'> (0x0000000705ed7600) 
thrown [t:\workspace\open\src\hotspot\share\interpreter\linkResolver.cpp, line 766]

VM Operations (20 events):
Event: 11.435 Executing VM operation: HandshakeAllThreads done
Event: 11.442 Executing VM operation: HandshakeAllThreads
Event: 11.442 Executing VM operation: HandshakeAllThreads done
Event: 11.495 Executing VM operation: G1CollectForAllocation
Event: 11.501 Executing VM operation: G1CollectForAllocation done
Event: 12.504 Executing VM operation: Cleanup
Event: 12.504 Executing VM operation: Cleanup done
Event: 13.519 Executing VM operation: Cleanup
Event: 13.519 Executing VM operation: Cleanup done
Event: 15.211 Executing VM operation: G1CollectForAllocation
Event: 15.217 Executing VM operation: G1CollectForAllocation done
Event: 15.224 Executing VM operation: G1CollectForAllocation
Event: 15.229 Executing VM operation: G1CollectForAllocation done
Event: 15.234 Executing VM operation: G1CollectForAllocation
Event: 15.237 Executing VM operation: G1CollectForAllocation done
Event: 15.243 Executing VM operation: G1CollectForAllocation
Event: 15.245 Executing VM operation: G1CollectForAllocation done
Event: 15.251 Executing VM operation: G1CollectForAllocation
Event: 15.253 Executing VM operation: G1CollectForAllocation done
Event: 15.259 Executing VM operation: G1CollectForAllocation

Events (20 events):
Event: 11.387 loading class sun/nio/cs/ThreadLocalCoders$1
Event: 11.387 loading class sun/nio/cs/ThreadLocalCoders$Cache
Event: 11.387 loading class sun/nio/cs/ThreadLocalCoders$Cache done
Event: 11.387 loading class sun/nio/cs/ThreadLocalCoders$1 done
Event: 11.387 loading class sun/nio/cs/ThreadLocalCoders$2
Event: 11.387 loading class sun/nio/cs/ThreadLocalCoders$2 done
Event: 11.387 loading class java/io/StringReader
Event: 11.387 loading class java/io/StringReader done
Event: 11.410 loading class java/lang/InheritableThreadLocal
Event: 11.410 loading class java/lang/InheritableThreadLocal done
Event: 11.495 loading class java/util/EnumMap$EntryIterator$Entry
Event: 11.495 loading class java/util/EnumMap$EntryIterator$Entry done
Event: 12.655 Thread 0x000001b73092ced0 Thread added: 0x000001b73092ced0
Event: 15.009 Thread 0x000001b73092ebb0 Thread added: 0x000001b73092ebb0
Event: 15.012 Thread 0x000001b72e5da7b0 Thread exited: 0x000001b72e5da7b0
Event: 15.131 loading class sun/security/provider/SecureRandom
Event: 15.132 loading class sun/security/provider/SecureRandom done
Event: 15.132 loading class sun/security/provider/SecureRandom$SeederHolder
Event: 15.132 loading class sun/security/provider/SecureRandom$SeederHolder done
Event: 15.200 Thread 0x000001b73092f550 Thread added: 0x000001b73092f550


Dynamic libraries:
0x00007ff7bbeb0000 - 0x00007ff7bbebe000 	D:\SDK\bin\java.exe
0x00007ff910310000 - 0x00007ff910507000 	C:\WINDOWS\SYSTEM32\ntdll.dll
0x00007ff90ecc0000 - 0x00007ff90ed7d000 	C:\WINDOWS\System32\KERNEL32.DLL
0x00007ff90d3b0000 - 0x00007ff90d67d000 	C:\WINDOWS\System32\KERNELBASE.dll
0x00007ff90d170000 - 0x00007ff90d270000 	C:\WINDOWS\System32\ucrtbase.dll
0x00007ff8f4a40000 - 0x00007ff8f4a58000 	D:\SDK\bin\jli.dll
0x00007ff904430000 - 0x00007ff90444a000 	D:\SDK\bin\VCRUNTIME140.dll
0x00007ff90bd70000 - 0x00007ff90c00a000 	C:\WINDOWS\WinSxS\amd64_microsoft.windows.common-controls_6595b64144ccf1df_6.0.19041.1110_none_60b5254171f9507e\COMCTL32.dll
0x00007ff90ee60000 - 0x00007ff90eefe000 	C:\WINDOWS\System32\msvcrt.dll
0x00007ff90fce0000 - 0x00007ff90fe80000 	C:\WINDOWS\System32\USER32.dll
0x00007ff90dd80000 - 0x00007ff90ddaa000 	C:\WINDOWS\System32\GDI32.dll
0x00007ff90d140000 - 0x00007ff90d162000 	C:\WINDOWS\System32\win32u.dll
0x00007ff90d870000 - 0x00007ff90d97b000 	C:\WINDOWS\System32\gdi32full.dll
0x00007ff90d270000 - 0x00007ff90d30d000 	C:\WINDOWS\System32\msvcp_win.dll
0x00007ff90f5f0000 - 0x00007ff90f620000 	C:\WINDOWS\System32\IMM32.DLL
0x00007ff907810000 - 0x00007ff90781c000 	D:\SDK\bin\vcruntime140_1.dll
0x00007ff8f00c0000 - 0x00007ff8f014d000 	D:\SDK\bin\msvcp140.dll
0x00007ff8dc120000 - 0x00007ff8dcce1000 	D:\SDK\bin\server\jvm.dll
0x00007ff90ddb0000 - 0x00007ff90de5e000 	C:\WINDOWS\System32\ADVAPI32.dll
0x00007ff90f3a0000 - 0x00007ff90f43c000 	C:\WINDOWS\System32\sechost.dll
0x00007ff90d990000 - 0x00007ff90dab5000 	C:\WINDOWS\System32\RPCRT4.dll
0x00007ff90f5e0000 - 0x00007ff90f5e8000 	C:\WINDOWS\System32\PSAPI.DLL
0x00007ff8f9490000 - 0x00007ff8f9499000 	C:\WINDOWS\SYSTEM32\WSOCK32.dll
0x00007ff905ef0000 - 0x00007ff905efa000 	C:\WINDOWS\SYSTEM32\VERSION.dll
0x00007ff90fc70000 - 0x00007ff90fcdb000 	C:\WINDOWS\System32\WS2_32.dll
0x00007ff90b5a0000 - 0x00007ff90b5c7000 	C:\WINDOWS\SYSTEM32\WINMM.dll
0x00007ff90b140000 - 0x00007ff90b152000 	C:\WINDOWS\SYSTEM32\kernel.appcore.dll
0x00007ff9023d0000 - 0x00007ff9023da000 	D:\SDK\bin\jimage.dll
0x00007ff902ae0000 - 0x00007ff902cc4000 	C:\WINDOWS\SYSTEM32\DBGHELP.DLL
0x00007ff902ab0000 - 0x00007ff902adc000 	C:\WINDOWS\SYSTEM32\dbgcore.DLL
0x00007ff90d7e0000 - 0x00007ff90d862000 	C:\WINDOWS\System32\bcryptPrimitives.dll
0x00007ff906dc0000 - 0x00007ff906dce000 	D:\SDK\bin\instrument.dll
0x00007ff8f4a10000 - 0x00007ff8f4a35000 	D:\SDK\bin\java.dll
0x00007ff8e3450000 - 0x00007ff8e3526000 	D:\SDK\bin\jsvml.dll
0x00007ff90e570000 - 0x00007ff90ecb4000 	C:\WINDOWS\System32\SHELL32.dll
0x00007ff90b5d0000 - 0x00007ff90bd64000 	C:\WINDOWS\SYSTEM32\windows.storage.dll
0x00007ff90ff40000 - 0x00007ff910294000 	C:\WINDOWS\System32\combase.dll
0x00007ff90ca70000 - 0x00007ff90ca9c000 	C:\WINDOWS\SYSTEM32\Wldp.dll
0x00007ff90de60000 - 0x00007ff90df0d000 	C:\WINDOWS\System32\SHCORE.dll
0x00007ff90fee0000 - 0x00007ff90ff35000 	C:\WINDOWS\System32\shlwapi.dll
0x00007ff90cf50000 - 0x00007ff90cf6f000 	C:\WINDOWS\SYSTEM32\profapi.dll
0x00007ff8ec870000 - 0x00007ff8ec888000 	D:\SDK\bin\zip.dll
0x00007ff8ef0a0000 - 0x00007ff8ef0b9000 	D:\SDK\bin\net.dll
0x00007ff902ce0000 - 0x00007ff902dea000 	C:\WINDOWS\SYSTEM32\WINHTTP.dll
0x00007ff90c7d0000 - 0x00007ff90c83a000 	C:\WINDOWS\system32\mswsock.dll
0x00007ff8ecf40000 - 0x00007ff8ecf56000 	D:\SDK\bin\nio.dll
0x00007ff9024f0000 - 0x00007ff90250a000 	D:\JetBrains\IntelliJ IDEA 2022.1\bin\breakgen64.dll
0x00007ff90c4c0000 - 0x00007ff90c58b000 	C:\WINDOWS\SYSTEM32\DNSAPI.dll
0x00007ff90c480000 - 0x00007ff90c4bb000 	C:\WINDOWS\SYSTEM32\IPHLPAPI.DLL
0x00007ff90f5d0000 - 0x00007ff90f5d8000 	C:\WINDOWS\System32\NSI.dll
0x00007ff9035c0000 - 0x00007ff9035ca000 	C:\Windows\System32\rasadhlp.dll
0x00007ff901ff0000 - 0x00007ff902070000 	C:\WINDOWS\System32\fwpuclnt.dll
0x00007ff90d310000 - 0x00007ff90d337000 	C:\WINDOWS\System32\bcrypt.dll
0x00007ff9024e0000 - 0x00007ff9024e9000 	D:\SDK\bin\management.dll
0x00007ff9024d0000 - 0x00007ff9024db000 	D:\SDK\bin\management_ext.dll
0x00007ff90c9c0000 - 0x00007ff90c9d8000 	C:\WINDOWS\SYSTEM32\CRYPTSP.dll
0x000000006a680000 - 0x000000006a699000 	C:\Program Files\Common Files\Crypto Pro\AppCompat\cpadvai.dll
0x00007ff90c0f0000 - 0x00007ff90c124000 	C:\WINDOWS\system32\rsaenh.dll
0x00007ff90ced0000 - 0x00007ff90cefe000 	C:\WINDOWS\SYSTEM32\USERENV.dll
0x00007ff90c9e0000 - 0x00007ff90c9ec000 	C:\WINDOWS\SYSTEM32\CRYPTBASE.dll
0x00007ff904750000 - 0x00007ff904767000 	C:\WINDOWS\SYSTEM32\dhcpcsvc6.DLL
0x00007ff9057c0000 - 0x00007ff9057dd000 	C:\WINDOWS\SYSTEM32\dhcpcsvc.DLL
0x00007ff8f6230000 - 0x00007ff8f6247000 	C:\WINDOWS\system32\napinsp.dll
0x00007ff8f2ed0000 - 0x00007ff8f2eeb000 	C:\WINDOWS\system32\pnrpnsp.dll
0x00007ff8f2eb0000 - 0x00007ff8f2ec5000 	C:\WINDOWS\system32\wshbth.dll
0x00007ff905f70000 - 0x00007ff905f8d000 	C:\WINDOWS\system32\NLAapi.dll
0x00007ff8f2e90000 - 0x00007ff8f2ea2000 	C:\WINDOWS\System32\winrnr.dll
0x00007ff9009f0000 - 0x00007ff9009fe000 	D:\SDK\bin\sunmscapi.dll
0x00007ff90d680000 - 0x00007ff90d7d6000 	C:\WINDOWS\System32\CRYPT32.dll
0x00007ff90cae0000 - 0x00007ff90cb07000 	C:\WINDOWS\SYSTEM32\ncrypt.dll
0x000000006a6a0000 - 0x000000006a6c5000 	C:\Program Files\Common Files\Crypto Pro\AppCompat\cpcrypt.dll
0x00007ff90caa0000 - 0x00007ff90cadb000 	C:\WINDOWS\SYSTEM32\NTASN1.dll
0x00007ff9009e0000 - 0x00007ff9009e7000 	C:\WINDOWS\system32\wshunix.dll

dbghelp: loaded successfully - version: 4.0.5 - missing functions: none
symbol engine: initialized successfully - sym options: 0x614 - pdb path: .;D:\SDK\bin;C:\WINDOWS\SYSTEM32;C:\WINDOWS\WinSxS\amd64_microsoft.windows.common-controls_6595b64144ccf1df_6.0.19041.1110_none_60b5254171f9507e;D:\SDK\bin\server;D:\JetBrains\IntelliJ IDEA 2022.1\bin;C:\Program Files\Common Files\Crypto Pro\AppCompat

VM Arguments:
jvm_args: -XX:TieredStopAtLevel=1 -Xverify:none -Dspring.output.ansi.enabled=always -Dcom.sun.management.jmxremote -Dspring.jmx.enabled=true -Dspring.liveBeansView.mbeanDomain -Dspring.application.admin.enabled=true -javaagent:D:\JetBrains\IntelliJ IDEA 2022.1\lib\idea_rt.jar=21896:D:\JetBrains\IntelliJ IDEA 2022.1\bin -Dfile.encoding=UTF-8 
java_command: ru.kata.spring.boot_security.demo.SpringBootSecurityDemoApplication
java_class_path (initial): D:\PROJECTS\PP_3_1_2_Boot_Security-master\target\classes;C:\Users\Roman\.m2\repository\org\springframework\boot\spring-boot-starter-data-jpa\2.6.2\spring-boot-starter-data-jpa-2.6.2.jar;C:\Users\Roman\.m2\repository\org\springframework\boot\spring-boot-starter-aop\2.6.2\spring-boot-starter-aop-2.6.2.jar;C:\Users\Roman\.m2\repository\org\aspectj\aspectjweaver\1.9.7\aspectjweaver-1.9.7.jar;C:\Users\Roman\.m2\repository\org\springframework\boot\spring-boot-starter-jdbc\2.6.2\spring-boot-starter-jdbc-2.6.2.jar;C:\Users\Roman\.m2\repository\com\zaxxer\HikariCP\4.0.3\HikariCP-4.0.3.jar;C:\Users\Roman\.m2\repository\org\springframework\spring-jdbc\5.3.14\spring-jdbc-5.3.14.jar;C:\Users\Roman\.m2\repository\jakarta\transaction\jakarta.transaction-api\1.3.3\jakarta.transaction-api-1.3.3.jar;C:\Users\Roman\.m2\repository\jakarta\persistence\jakarta.persistence-api\2.2.3\jakarta.persistence-api-2.2.3.jar;C:\Users\Roman\.m2\repository\org\hibernate\hibernate-core\5.6.3.Final\hibernate-core-5.6.3.Final.jar;C:\Users\Roman\.m2\repository\org\jboss\logging\jboss-logging\3.4.2.Final\jboss-logging-3.4.2.Final.jar;C:\Users\Roman\.m2\repository\net\bytebuddy\byte-buddy\1.11.22\byte-buddy-1.11.22.jar;C:\Users\Roman\.m2\repository\antlr\antlr\2.7.7\antlr-2.7.7.jar;C:\Users\Roman\.m2\repository\org\jboss\jandex\2.2.3.Final\jandex-2.2.3.Final.jar;C:\Users\Roman\.m2\repository\com\fasterxml\classmate\1.5.1\classmate-1.5.1.jar;C:\Users\Roman\.m2\repository\org\hibernate\common\hibernate-commons-annotations\5.1.2.Final\hibernate-commons-annotations-5.1.2.Final.jar;C:\Users\Roman\.m2\repository\org\glassfish\jaxb\jaxb-runtime\2.3.5\jaxb-runtime-2.3.5.jar;C:\Users\Roman\.m2\repository\org\glassfish\jaxb\txw2\2.3.5\txw2-2.3.5.jar;C:\Users\Roman\.m2\repository\com\sun\istack\istack-commons-runtime\3.0.12\istack-commons-runtime-3.0.12.jar;C:\Users\Roman\.m2\repository\com\sun\activation\jakarta.activation\1.2.2\jakarta.activation-1.2.2.jar;C:\Users\Roman\.m2\repository
Launcher Type: SUN_STANDARD

[Global flags]
     intx CICompilerCount                          = 3                                         {product} {ergonomic}
     uint ConcGCThreads                            = 1                                         {product} {ergonomic}
     uint G1ConcRefinementThreads                  = 4                                         {product} {ergonomic}
   size_t G1HeapRegionSize                         = 2097152                                   {product} {ergonomic}
    uintx GCDrainStackTargetSize                   = 64                                        {product} {ergonomic}
   size_t InitialHeapSize                          = 268435456                                 {product} {ergonomic}
     bool ManagementServer                         = true                                      {product} {command line}
   size_t MarkStackSize                            = 4194304                                   {product} {ergonomic}
   size_t MaxHeapSize                              = 4280287232                                {product} {ergonomic}
   size_t MaxNewSize                               = 2566914048                                {product} {ergonomic}
   size_t MinHeapDeltaBytes                        = 2097152                                   {product} {ergonomic}
   size_t MinHeapSize                              = 8388608                                   {product} {ergonomic}
    uintx NonProfiledCodeHeapSize                  = 0                                      {pd product} {ergonomic}
     bool ProfileInterpreter                       = false                                  {pd product} {command line}
    uintx ProfiledCodeHeapSize                     = 0                                      {pd product} {ergonomic}
   size_t SoftMaxHeapSize                          = 4280287232                             {manageable} {ergonomic}
     intx TieredStopAtLevel                        = 1                                         {product} {command line}
     bool UseCompressedClassPointers               = true                           {product lp64_product} {ergonomic}
     bool UseCompressedOops                        = true                           {product lp64_product} {ergonomic}
     bool UseG1GC                                  = true                                      {product} {ergonomic}
     bool UseLargePagesIndividualAllocation        = false                                  {pd product} {ergonomic}

Logging:
Log output configuration:
 #0: stdout all=warning uptime,level,tags
 #1: stderr all=off uptime,level,tags

Environment Variables:
JAVA_HOME=D:\JetBrains\jdk-11.0.14.1+1
PATH=C:\Program Files (x86)\Common Files\Intel\Shared Libraries\redist\intel64\compiler;C:\Program Files (x86)\Common Files\Oracle\Java\javapath;C:\Windows\system32;C:\Windows;C:\Windows\System32\Wbem;C:\Windows\System32\WindowsPowerShell\v1.0\;C:\Users\lawson\.dnx\bin;C:\Program Files\Microsoft DNX\Dnvm\;C:\Program Files\Andy;C:\Windows\SysWOW64;C:\Windows\System32;C:\Windows\SysWOW64\wbem;C:\Windows\System32\wbem;C:\Windows\SysWOW64\WindowsPowerShell\v1.0\;C:\Windows\;C:\Users\  \.dnx\bin;D:\quicktime\QTSystem\;C:\Program Files (x86)\NVIDIA Corporation\PhysX\Common;C:\Program Files (x86)\GtkSharp\2.12\bin;C:\Program Files\dotnet\;D:\quartus\quartus\bin;C:\Program Files\Microsoft SQL Server\130\Tools\Binn\;C:\Program Files\Microsoft SQL Server\Client SDK\ODBC\170\Tools\Binn\;C:\WINDOWS\system32;C:\WINDOWS;C:\WINDOWS\System32\Wbem;C:\WINDOWS\System32\WindowsPowerShell\v1.0\;C:\WINDOWS\System32\OpenSSH\;D:\univer\Rational Rose\common;D:\MAVEN\apache-maven-3.8.6\bin;D:\GitHub\Git\cmd;D:\visual studio code\Microsoft VS Code\bin;C:\Users\  \AppData\Local\GitHubDesktop\bin;C:\Users\Roman\.dotnet\tools;C:\Users\Roman\AppData\Local\Microsoft\WindowsApps;C:\Users\Roman\AppData\Local\GitHubDesktop\bin;D:\JetBrains\IntelliJ IDEA 2022.1\bin;;D:\Visual Studio Code\Microsoft VS Code\bin
USERNAME=Roman
OS=Windows_NT
PROCESSOR_IDENTIFIER=Intel64 Family 6 Model 60 Stepping 3, GenuineIntel



---------------  S Y S T E M  ---------------

OS:
 Windows 10 , 64 bit Build 19041 (10.0.19041.1741)
OS uptime: 2 days 18:06 hours

CPU: total 4 (initial active 4) (4 cores per cpu, 1 threads per core) family 6 model 60 stepping 3 microcode 0x27, cx8, cmov, fxsr, mmx, sse, sse2, sse3, ssse3, sse4.1, sse4.2, popcnt, lzcnt, tsc, tscinvbit, avx, avx2, aes, erms, clmul, bmi1, bmi2, fma, vzeroupper, clflush

Memory: 4k page, system-wide physical 16322M (3497M free)
TotalPageFile size 18370M (AvailPageFile size 38M)
current process WorkingSet (physical memory assigned to process): 225M, peak: 225M
current process commit charge ("private bytes"): 324M, peak: 420M

vm_info: OpenJDK 64-Bit Server VM (17.0.2+8-86) for windows-amd64 JRE (17.0.2+8-86), built on Dec  7 2021 21:49:10 by "mach5one" with MS VC++ 16.8 / 16.9 (VS2019)

END.
