#
# There is insufficient memory for the Java Runtime Environment to continue.
# Native memory allocation (mmap) failed to map 157286400 bytes for G1 virtual space
# Possible reasons:
#   The system is out of physical RAM or swap space
#   The process is running with CompressedOops enabled, and the Java Heap may be blocking the growth of the native heap
# Possible solutions:
#   Reduce memory load on the system
#   Increase physical memory or swap space
#   Check if swap backing store is full
#   Decrease Java heap size (-Xmx/-Xms)
#   Decrease number of Java threads
#   Decrease Java thread stack sizes (-Xss)
#   Set larger code cache with -XX:ReservedCodeCacheSize=
#   JVM is running with Zero Based Compressed Oops mode in which the Java heap is
#     placed in the first 32GB address space. The Java Heap base address is the
#     maximum limit for the native heap growth. Please use -XX:HeapBaseMinAddress
#     to set the Java Heap base and to place the Java Heap above 32GB virtual address.
# This output file may be truncated or incomplete.
#
#  Out of Memory Error (os_windows.cpp:3532), pid=27976, tid=27772
#
# JRE version: OpenJDK Runtime Environment (17.0.2+8) (build 17.0.2+8-86)
# Java VM: OpenJDK 64-Bit Server VM (17.0.2+8-86, mixed mode, emulated-client, sharing, tiered, compressed oops, compressed class ptrs, g1 gc, windows-amd64)
# No core dump will be written. Minidumps are not enabled by default on client versions of Windows
#

---------------  S U M M A R Y ------------

Command Line: -XX:TieredStopAtLevel=1 -Xverify:none -Dspring.output.ansi.enabled=always -Dcom.sun.management.jmxremote -Dspring.jmx.enabled=true -Dspring.liveBeansView.mbeanDomain -Dspring.application.admin.enabled=true -javaagent:D:\JetBrains\IntelliJ IDEA 2022.1\lib\idea_rt.jar=21971:D:\JetBrains\IntelliJ IDEA 2022.1\bin -Dfile.encoding=UTF-8 ru.kata.spring.boot_security.demo.SpringBootSecurityDemoApplication

Host: Intel(R) Core(TM) i5-4460  CPU @ 3.20GHz, 4 cores, 15G,  Windows 10 , 64 bit Build 19041 (10.0.19041.1741)
Time: Mon Jul 25 02:39:36 2022 RTZ 2 (s 10 , 64 bit Build 19041 (10.0.19041.1741) elapsed time: 12.116326 seconds (0d 0h 0m 12s)

---------------  T H R E A D  ---------------

Current thread (0x000001d57f41acf0):  VMThread "VM Thread" [stack: 0x00000069b9a00000,0x00000069b9b00000] [id=27772]

Stack: [0x00000069b9a00000,0x00000069b9b00000]
Native frames: (J=compiled Java code, j=interpreted, Vv=VM code, C=native code)
V  [jvm.dll+0x670baa]
V  [jvm.dll+0x7cfcb4]
V  [jvm.dll+0x7d145e]
V  [jvm.dll+0x7d1ac3]
V  [jvm.dll+0x242bc5]
V  [jvm.dll+0x66dac9]
V  [jvm.dll+0x662412]
V  [jvm.dll+0x300c0b]
V  [jvm.dll+0x3081a6]
V  [jvm.dll+0x357d0e]
V  [jvm.dll+0x357f3f]
V  [jvm.dll+0x2d7ec8]
V  [jvm.dll+0x2d6194]
V  [jvm.dll+0x2d579c]
V  [jvm.dll+0x3190eb]
V  [jvm.dll+0x7d5f9b]
V  [jvm.dll+0x7d6cd4]
V  [jvm.dll+0x7d71ec]
V  [jvm.dll+0x7d75c4]
V  [jvm.dll+0x7d7690]
V  [jvm.dll+0x77ff7a]
V  [jvm.dll+0x66fa35]
C  [ucrtbase.dll+0x21bb2]
C  [KERNEL32.DLL+0x17034]
C  [ntdll.dll+0x52651]

VM_Operation (0x00000069bbdfafb0): G1CollectForAllocation, mode: safepoint, requested by thread 0x000001d50fb7d280


---------------  P R O C E S S  ---------------

Threads class SMR info:
_java_thread_list=0x000001d50df40840, length=29, elements={
0x000001d57f41e8e0, 0x000001d57f41fd60, 0x000001d57f43bcc0, 0x000001d57f43c930,
0x000001d57f43e2f0, 0x000001d57f43fcb0, 0x000001d57f443c10, 0x000001d57f44c610,
0x000001d57f40d130, 0x000001d50dd02240, 0x000001d50dd02710, 0x000001d50df51590,
0x000001d50f6aa060, 0x000001d50f6ce120, 0x000001d50f93bec0, 0x000001d50f93c390,
0x000001d50f93c860, 0x000001d50f9d2030, 0x000001d50fb7ea90, 0x000001d50fb7dc20,
0x000001d50fb7f430, 0x000001d50fb7e0f0, 0x000001d50fb7f900, 0x000001d50fb7fdd0,
0x000001d50fb7e5c0, 0x000001d50fb7c410, 0x000001d50fb7ef60, 0x000001d50fb7c8e0,
0x000001d50fb7d280
}

Java Threads: ( => current thread )
  0x000001d57f41e8e0 JavaThread "Reference Handler" daemon [_thread_blocked, id=28940, stack(0x00000069b9b00000,0x00000069b9c00000)]
  0x000001d57f41fd60 JavaThread "Finalizer" daemon [_thread_blocked, id=12808, stack(0x00000069b9c00000,0x00000069b9d00000)]
  0x000001d57f43bcc0 JavaThread "Signal Dispatcher" daemon [_thread_blocked, id=28456, stack(0x00000069b9d00000,0x00000069b9e00000)]
  0x000001d57f43c930 JavaThread "Attach Listener" daemon [_thread_blocked, id=6928, stack(0x00000069b9e00000,0x00000069b9f00000)]
  0x000001d57f43e2f0 JavaThread "Service Thread" daemon [_thread_blocked, id=25364, stack(0x00000069b9f00000,0x00000069ba000000)]
  0x000001d57f43fcb0 JavaThread "Monitor Deflation Thread" daemon [_thread_blocked, id=22816, stack(0x00000069ba000000,0x00000069ba100000)]
  0x000001d57f443c10 JavaThread "C1 CompilerThread0" daemon [_thread_blocked, id=26976, stack(0x00000069ba100000,0x00000069ba200000)]
  0x000001d57f44c610 JavaThread "Sweeper thread" daemon [_thread_blocked, id=27552, stack(0x00000069ba200000,0x00000069ba300000)]
  0x000001d57f40d130 JavaThread "Common-Cleaner" daemon [_thread_blocked, id=25136, stack(0x00000069ba300000,0x00000069ba400000)]
  0x000001d50dd02240 JavaThread "Monitor Ctrl-Break" daemon [_thread_in_native, id=28972, stack(0x00000069ba600000,0x00000069ba700000)]
  0x000001d50dd02710 JavaThread "Notification Thread" daemon [_thread_blocked, id=3640, stack(0x00000069ba700000,0x00000069ba800000)]
  0x000001d50df51590 JavaThread "RMI TCP Accept-0" daemon [_thread_in_native, id=25152, stack(0x00000069ba800000,0x00000069ba900000)]
  0x000001d50f6aa060 JavaThread "RMI TCP Connection(2)-169.254.76.163" daemon [_thread_in_native, id=29160, stack(0x00000069baf00000,0x00000069bb000000)]
  0x000001d50f6ce120 JavaThread "RMI Scheduler(0)" daemon [_thread_blocked, id=29476, stack(0x00000069bb000000,0x00000069bb100000)]
  0x000001d50f93bec0 JavaThread "Catalina-utility-1" [_thread_blocked, id=28996, stack(0x00000069bb100000,0x00000069bb200000)]
  0x000001d50f93c390 JavaThread "Catalina-utility-2" [_thread_blocked, id=19408, stack(0x00000069bb200000,0x00000069bb300000)]
  0x000001d50f93c860 JavaThread "container-0" [_thread_blocked, id=27692, stack(0x00000069bb300000,0x00000069bb400000)]
  0x000001d50f9d2030 JavaThread "mysql-cj-abandoned-connection-cleanup" daemon [_thread_blocked, id=24444, stack(0x00000069bb400000,0x00000069bb500000)]
  0x000001d50fb7ea90 JavaThread "HikariPool-1 housekeeper" daemon [_thread_blocked, id=29688, stack(0x00000069bb600000,0x00000069bb700000)]
  0x000001d50fb7dc20 JavaThread "http-nio-8080-Poller" daemon [_thread_in_native, id=29264, stack(0x00000069bb800000,0x00000069bb900000)]
  0x000001d50fb7f430 JavaThread "http-nio-8080-Acceptor" daemon [_thread_in_native, id=29300, stack(0x00000069bb900000,0x00000069bba00000)]
  0x000001d50fb7e0f0 JavaThread "DestroyJavaVM" [_thread_blocked, id=28908, stack(0x00000069b9400000,0x00000069b9500000)]
  0x000001d50fb7f900 JavaThread "RMI TCP Connection(3)-169.254.76.163" daemon [_thread_in_native, id=24956, stack(0x00000069bba00000,0x00000069bbb00000)]
  0x000001d50fb7fdd0 JavaThread "RMI TCP Connection(4)-169.254.76.163" daemon [_thread_in_native, id=26620, stack(0x00000069bbb00000,0x00000069bbc00000)]
  0x000001d50fb7e5c0 JavaThread "RMI TCP Connection(5)-169.254.76.163" daemon [_thread_in_native, id=14656, stack(0x00000069bbc00000,0x00000069bbd00000)]
  0x000001d50fb7c410 JavaThread "http-nio-8080-exec-1" daemon [_thread_blocked, id=29440, stack(0x00000069bb700000,0x00000069bb800000)]
  0x000001d50fb7ef60 JavaThread "http-nio-8080-exec-2" daemon [_thread_blocked, id=29544, stack(0x00000069ba500000,0x00000069ba600000)]
  0x000001d50fb7c8e0 JavaThread "http-nio-8080-exec-3" daemon [_thread_blocked, id=29520, stack(0x00000069ba400000,0x00000069ba500000)]
  0x000001d50fb7d280 JavaThread "http-nio-8080-exec-4" daemon [_thread_blocked, id=29024, stack(0x00000069bbd00000,0x00000069bbe00000)]

Other Threads:
=>0x000001d57f41acf0 VMThread "VM Thread" [stack: 0x00000069b9a00000,0x00000069b9b00000] [id=27772]
  0x000001d50dec5600 WatcherThread [stack: 0x00000069ba900000,0x00000069baa00000] [id=27308]
  0x000001d57606f1d0 GCTaskThread "GC Thread#0" [stack: 0x00000069b9500000,0x00000069b9600000] [id=10620]
  0x000001d50dea8040 GCTaskThread "GC Thread#1" [stack: 0x00000069baa00000,0x00000069bab00000] [id=27356]
  0x000001d50dea82f0 GCTaskThread "GC Thread#2" [stack: 0x00000069bab00000,0x00000069bac00000] [id=28528]
  0x000001d50dea85a0 GCTaskThread "GC Thread#3" [stack: 0x00000069bac00000,0x00000069bad00000] [id=132]
  0x000001d576080020 ConcurrentGCThread "G1 Main Marker" [stack: 0x00000069b9600000,0x00000069b9700000] [id=28056]
  0x000001d5760811d0 ConcurrentGCThread "G1 Conc#0" [stack: 0x00000069b9700000,0x00000069b9800000] [id=29436]
  0x000001d5760e2e90 ConcurrentGCThread "G1 Refine#0" [stack: 0x00000069b9800000,0x00000069b9900000] [id=28364]
  0x000001d50df532a0 ConcurrentGCThread "G1 Refine#1" [stack: 0x00000069bad00000,0x00000069bae00000] [id=16068]
  0x000001d50df53580 ConcurrentGCThread "G1 Refine#2" [stack: 0x00000069bae00000,0x00000069baf00000] [id=4284]
  0x000001d5760e38b0 ConcurrentGCThread "G1 Service" [stack: 0x00000069b9900000,0x00000069b9a00000] [id=28980]

Threads with active compile tasks:

VM state: at safepoint (normal execution)

VM Mutex/Monitor currently owned by a thread:  ([mutex/lock_event])
[0x000001d57601c440] Threads_lock - owner thread: 0x000001d57f41acf0
[0x000001d57601b870] Heap_lock - owner thread: 0x000001d50fb7d280

Heap address: 0x0000000700e00000, size: 4082 MB, Compressed Oops mode: Zero based, Oop shift amount: 3

CDS archive(s) mapped at: [0x0000000800000000-0x0000000800bc0000-0x0000000800bc0000), size 12320768, SharedBaseAddress: 0x0000000800000000, ArchiveRelocationMode: 0.
Compressed class space mapped at: 0x0000000800c00000-0x0000000840c00000, reserved size: 1073741824
Narrow klass base: 0x0000000800000000, Narrow klass shift: 0, Narrow klass range: 0x100000000

GC Precious Log:
 CPUs: 4 total, 4 available
 Memory: 16322M
 Large Page Support: Disabled
 NUMA Support: Disabled
 Compressed Oops: Enabled (Zero based)
 Heap Region Size: 2M
 Heap Min Capacity: 8M
 Heap Initial Capacity: 256M
 Heap Max Capacity: 4082M
 Pre-touch: Disabled
 Parallel Workers: 4
 Concurrent Workers: 1
 Concurrent Refinement Workers: 4
 Periodic GC: Disabled

Heap:
 garbage-first heap   total 262144K, used 29139K [0x0000000700e00000, 0x0000000800000000)
  region size 2048K, 4 young (8192K), 4 survivors (8192K)
 Metaspace       used 56679K, committed 57152K, reserved 1105920K
  class space    used 7878K, committed 8128K, reserved 1048576K

Heap Regions: E=young(eden), S=young(survivor), O=old, HS=humongous(starts), HC=humongous(continues), CS=collection set, F=free, OA=open archive, CA=closed archive, TAMS=top-at-mark-start (previous, next)
|   0|0x0000000700e00000, 0x0000000701000000, 0x0000000701000000|100%| O|  |TAMS 0x0000000701000000, 0x0000000700e00000| Untracked 
|   1|0x0000000701000000, 0x0000000701200000, 0x0000000701200000|100%| O|  |TAMS 0x0000000701200000, 0x0000000701000000| Untracked 
|   2|0x0000000701200000, 0x0000000701400000, 0x0000000701400000|100%| O|  |TAMS 0x0000000701400000, 0x0000000701200000| Untracked 
|   3|0x0000000701400000, 0x0000000701600000, 0x0000000701600000|100%| O|  |TAMS 0x0000000701600000, 0x0000000701400000| Untracked 
|   4|0x0000000701600000, 0x0000000701800000, 0x0000000701800000|100%| O|  |TAMS 0x0000000701800000, 0x0000000701600000| Untracked 
|   5|0x0000000701800000, 0x0000000701a00000, 0x0000000701a00000|100%| O|  |TAMS 0x0000000701a00000, 0x0000000701800000| Untracked 
|   6|0x0000000701a00000, 0x0000000701c00000, 0x0000000701c00000|100%| O|  |TAMS 0x0000000701a00000, 0x0000000701a00000| Untracked 
|   7|0x0000000701c00000, 0x0000000701c2dc00, 0x0000000701e00000|  8%| O|  |TAMS 0x0000000701c00000, 0x0000000701c00000| Untracked 
|   8|0x0000000701e00000, 0x0000000701e00000, 0x0000000702000000|  0%| F|  |TAMS 0x0000000701e00000, 0x0000000701e00000| Untracked 
|   9|0x0000000702000000, 0x0000000702200000, 0x0000000702200000|100%| O|  |TAMS 0x0000000702200000, 0x0000000702000000| Untracked 
|  10|0x0000000702200000, 0x0000000702400000, 0x0000000702400000|100%| O|  |TAMS 0x0000000702400000, 0x0000000702200000| Untracked 
|  11|0x0000000702400000, 0x0000000702600000, 0x0000000702600000|100%| O|  |TAMS 0x0000000702600000, 0x0000000702400000| Untracked 
|  12|0x0000000702600000, 0x0000000702800000, 0x0000000702800000|100%| O|  |TAMS 0x0000000702800000, 0x0000000702600000| Untracked 
|  13|0x0000000702800000, 0x0000000702800000, 0x0000000702a00000|  0%| F|  |TAMS 0x0000000702800000, 0x0000000702800000| Untracked 
|  14|0x0000000702a00000, 0x0000000702a00000, 0x0000000702c00000|  0%| F|  |TAMS 0x0000000702a00000, 0x0000000702a00000| Untracked 
|  15|0x0000000702c00000, 0x0000000702c00000, 0x0000000702e00000|  0%| F|  |TAMS 0x0000000702c00000, 0x0000000702c00000| Untracked 
|  16|0x0000000702e00000, 0x0000000702e00000, 0x0000000703000000|  0%| F|  |TAMS 0x0000000702e00000, 0x0000000702e00000| Untracked 
|  17|0x0000000703000000, 0x0000000703000000, 0x0000000703200000|  0%| F|  |TAMS 0x0000000703000000, 0x0000000703000000| Untracked 
|  18|0x0000000703200000, 0x0000000703200000, 0x0000000703400000|  0%| F|  |TAMS 0x0000000703200000, 0x0000000703200000| Untracked 
|  19|0x0000000703400000, 0x0000000703400000, 0x0000000703600000|  0%| F|  |TAMS 0x0000000703400000, 0x0000000703400000| Untracked 
|  20|0x0000000703600000, 0x0000000703600000, 0x0000000703800000|  0%| F|  |TAMS 0x0000000703600000, 0x0000000703600000| Untracked 
|  21|0x0000000703800000, 0x0000000703800000, 0x0000000703a00000|  0%| F|  |TAMS 0x0000000703800000, 0x0000000703800000| Untracked 
|  22|0x0000000703a00000, 0x0000000703a00000, 0x0000000703c00000|  0%| F|  |TAMS 0x0000000703a00000, 0x0000000703a00000| Untracked 
|  23|0x0000000703c00000, 0x0000000703c00000, 0x0000000703e00000|  0%| F|  |TAMS 0x0000000703c00000, 0x0000000703c00000| Untracked 
|  24|0x0000000703e00000, 0x0000000703e00000, 0x0000000704000000|  0%| F|  |TAMS 0x0000000703e00000, 0x0000000703e00000| Untracked 
|  25|0x0000000704000000, 0x0000000704000000, 0x0000000704200000|  0%| F|  |TAMS 0x0000000704000000, 0x0000000704000000| Untracked 
|  26|0x0000000704200000, 0x0000000704200000, 0x0000000704400000|  0%| F|  |TAMS 0x0000000704200000, 0x0000000704200000| Untracked 
|  27|0x0000000704400000, 0x0000000704400000, 0x0000000704600000|  0%| F|  |TAMS 0x0000000704400000, 0x0000000704400000| Untracked 
|  28|0x0000000704600000, 0x0000000704647390, 0x0000000704800000| 13%| S|CS|TAMS 0x0000000704600000, 0x0000000704600000| Complete 
|  29|0x0000000704800000, 0x0000000704800000, 0x0000000704a00000|  0%| F|  |TAMS 0x0000000704800000, 0x0000000704800000| Untracked 
|  30|0x0000000704a00000, 0x0000000704a00000, 0x0000000704c00000|  0%| F|  |TAMS 0x0000000704a00000, 0x0000000704a00000| Untracked 
|  31|0x0000000704c00000, 0x0000000704c00000, 0x0000000704e00000|  0%| F|  |TAMS 0x0000000704c00000, 0x0000000704c00000| Untracked 
|  32|0x0000000704e00000, 0x0000000705000000, 0x0000000705000000|100%| S|CS|TAMS 0x0000000704e00000, 0x0000000704e00000| Complete 
|  33|0x0000000705000000, 0x0000000705200000, 0x0000000705200000|100%| S|CS|TAMS 0x0000000705000000, 0x0000000705000000| Complete 
|  34|0x0000000705200000, 0x0000000705400000, 0x0000000705400000|100%| S|CS|TAMS 0x0000000705200000, 0x0000000705200000| Complete 
|  35|0x0000000705400000, 0x0000000705400000, 0x0000000705600000|  0%| F|  |TAMS 0x0000000705400000, 0x0000000705400000| Untracked 
|  36|0x0000000705600000, 0x0000000705600000, 0x0000000705800000|  0%| F|  |TAMS 0x0000000705600000, 0x0000000705600000| Untracked 
|  37|0x0000000705800000, 0x0000000705800000, 0x0000000705a00000|  0%| F|  |TAMS 0x0000000705800000, 0x0000000705800000| Untracked 
|  38|0x0000000705a00000, 0x0000000705a00000, 0x0000000705c00000|  0%| F|  |TAMS 0x0000000705a00000, 0x0000000705a00000| Untracked 
|  39|0x0000000705c00000, 0x0000000705c00000, 0x0000000705e00000|  0%| F|  |TAMS 0x0000000705c00000, 0x0000000705c00000| Untracked 
|  40|0x0000000705e00000, 0x0000000705e00000, 0x0000000706000000|  0%| F|  |TAMS 0x0000000705e00000, 0x0000000705e00000| Untracked 
|  41|0x0000000706000000, 0x0000000706000000, 0x0000000706200000|  0%| F|  |TAMS 0x0000000706000000, 0x0000000706000000| Untracked 
|  42|0x0000000706200000, 0x0000000706200000, 0x0000000706400000|  0%| F|  |TAMS 0x0000000706200000, 0x0000000706200000| Untracked 
|  43|0x0000000706400000, 0x0000000706400000, 0x0000000706600000|  0%| F|  |TAMS 0x0000000706400000, 0x0000000706400000| Untracked 
|  44|0x0000000706600000, 0x0000000706600000, 0x0000000706800000|  0%| F|  |TAMS 0x0000000706600000, 0x0000000706600000| Untracked 
|  45|0x0000000706800000, 0x0000000706800000, 0x0000000706a00000|  0%| F|  |TAMS 0x0000000706800000, 0x0000000706800000| Untracked 
|  46|0x0000000706a00000, 0x0000000706a00000, 0x0000000706c00000|  0%| F|  |TAMS 0x0000000706a00000, 0x0000000706a00000| Untracked 
|  47|0x0000000706c00000, 0x0000000706c00000, 0x0000000706e00000|  0%| F|  |TAMS 0x0000000706c00000, 0x0000000706c00000| Untracked 
|  48|0x0000000706e00000, 0x0000000706e00000, 0x0000000707000000|  0%| F|  |TAMS 0x0000000706e00000, 0x0000000706e00000| Untracked 
|  49|0x0000000707000000, 0x0000000707000000, 0x0000000707200000|  0%| F|  |TAMS 0x0000000707000000, 0x0000000707000000| Untracked 
|  50|0x0000000707200000, 0x0000000707200000, 0x0000000707400000|  0%| F|  |TAMS 0x0000000707200000, 0x0000000707200000| Untracked 
|  51|0x0000000707400000, 0x0000000707400000, 0x0000000707600000|  0%| F|  |TAMS 0x0000000707400000, 0x0000000707400000| Untracked 
|  52|0x0000000707600000, 0x0000000707600000, 0x0000000707800000|  0%| F|  |TAMS 0x0000000707600000, 0x0000000707600000| Untracked 
|  53|0x0000000707800000, 0x0000000707800000, 0x0000000707a00000|  0%| F|  |TAMS 0x0000000707800000, 0x0000000707800000| Untracked 
|  54|0x0000000707a00000, 0x0000000707a00000, 0x0000000707c00000|  0%| F|  |TAMS 0x0000000707a00000, 0x0000000707a00000| Untracked 
|  55|0x0000000707c00000, 0x0000000707c00000, 0x0000000707e00000|  0%| F|  |TAMS 0x0000000707c00000, 0x0000000707c00000| Untracked 
|  56|0x0000000707e00000, 0x0000000707e00000, 0x0000000708000000|  0%| F|  |TAMS 0x0000000707e00000, 0x0000000707e00000| Untracked 
|  57|0x0000000708000000, 0x0000000708000000, 0x0000000708200000|  0%| F|  |TAMS 0x0000000708000000, 0x0000000708000000| Untracked 
|  58|0x0000000708200000, 0x0000000708200000, 0x0000000708400000|  0%| F|  |TAMS 0x0000000708200000, 0x0000000708200000| Untracked 
|  59|0x0000000708400000, 0x0000000708400000, 0x0000000708600000|  0%| F|  |TAMS 0x0000000708400000, 0x0000000708400000| Untracked 
|  60|0x0000000708600000, 0x0000000708600000, 0x0000000708800000|  0%| F|  |TAMS 0x0000000708600000, 0x0000000708600000| Untracked 
|  61|0x0000000708800000, 0x0000000708800000, 0x0000000708a00000|  0%| F|  |TAMS 0x0000000708800000, 0x0000000708800000| Untracked 
|  62|0x0000000708a00000, 0x0000000708a00000, 0x0000000708c00000|  0%| F|  |TAMS 0x0000000708a00000, 0x0000000708a00000| Untracked 
|  63|0x0000000708c00000, 0x0000000708c00000, 0x0000000708e00000|  0%| F|  |TAMS 0x0000000708c00000, 0x0000000708c00000| Untracked 
|  64|0x0000000708e00000, 0x0000000708e00000, 0x0000000709000000|  0%| F|  |TAMS 0x0000000708e00000, 0x0000000708e00000| Untracked 
|  65|0x0000000709000000, 0x0000000709000000, 0x0000000709200000|  0%| F|  |TAMS 0x0000000709000000, 0x0000000709000000| Untracked 
|  66|0x0000000709200000, 0x0000000709200000, 0x0000000709400000|  0%| F|  |TAMS 0x0000000709200000, 0x0000000709200000| Untracked 
|  67|0x0000000709400000, 0x0000000709400000, 0x0000000709600000|  0%| F|  |TAMS 0x0000000709400000, 0x0000000709400000| Untracked 
|  68|0x0000000709600000, 0x0000000709600000, 0x0000000709800000|  0%| F|  |TAMS 0x0000000709600000, 0x0000000709600000| Untracked 
|  69|0x0000000709800000, 0x0000000709800000, 0x0000000709a00000|  0%| F|  |TAMS 0x0000000709800000, 0x0000000709800000| Untracked 
|  70|0x0000000709a00000, 0x0000000709a00000, 0x0000000709c00000|  0%| F|  |TAMS 0x0000000709a00000, 0x0000000709a00000| Untracked 
|  71|0x0000000709c00000, 0x0000000709c00000, 0x0000000709e00000|  0%| F|  |TAMS 0x0000000709c00000, 0x0000000709c00000| Untracked 
|  72|0x0000000709e00000, 0x0000000709e00000, 0x000000070a000000|  0%| F|  |TAMS 0x0000000709e00000, 0x0000000709e00000| Untracked 
|  73|0x000000070a000000, 0x000000070a000000, 0x000000070a200000|  0%| F|  |TAMS 0x000000070a000000, 0x000000070a000000| Untracked 
|  74|0x000000070a200000, 0x000000070a200000, 0x000000070a400000|  0%| F|  |TAMS 0x000000070a200000, 0x000000070a200000| Untracked 
|  75|0x000000070a400000, 0x000000070a400000, 0x000000070a600000|  0%| F|  |TAMS 0x000000070a400000, 0x000000070a400000| Untracked 
|  76|0x000000070a600000, 0x000000070a600000, 0x000000070a800000|  0%| F|  |TAMS 0x000000070a600000, 0x000000070a600000| Untracked 
|  77|0x000000070a800000, 0x000000070a800000, 0x000000070aa00000|  0%| F|  |TAMS 0x000000070a800000, 0x000000070a800000| Untracked 
|  78|0x000000070aa00000, 0x000000070aa00000, 0x000000070ac00000|  0%| F|  |TAMS 0x000000070aa00000, 0x000000070aa00000| Untracked 
|  79|0x000000070ac00000, 0x000000070ac00000, 0x000000070ae00000|  0%| F|  |TAMS 0x000000070ac00000, 0x000000070ac00000| Untracked 
|  80|0x000000070ae00000, 0x000000070ae00000, 0x000000070b000000|  0%| F|  |TAMS 0x000000070ae00000, 0x000000070ae00000| Untracked 
|  81|0x000000070b000000, 0x000000070b000000, 0x000000070b200000|  0%| F|  |TAMS 0x000000070b000000, 0x000000070b000000| Untracked 
|  82|0x000000070b200000, 0x000000070b200000, 0x000000070b400000|  0%| F|  |TAMS 0x000000070b200000, 0x000000070b200000| Untracked 
|  83|0x000000070b400000, 0x000000070b400000, 0x000000070b600000|  0%| F|  |TAMS 0x000000070b400000, 0x000000070b400000| Untracked 
|  84|0x000000070b600000, 0x000000070b600000, 0x000000070b800000|  0%| F|  |TAMS 0x000000070b600000, 0x000000070b600000| Untracked 
|  85|0x000000070b800000, 0x000000070b800000, 0x000000070ba00000|  0%| F|  |TAMS 0x000000070b800000, 0x000000070b800000| Untracked 
|  86|0x000000070ba00000, 0x000000070ba00000, 0x000000070bc00000|  0%| F|  |TAMS 0x000000070ba00000, 0x000000070ba00000| Untracked 
|  87|0x000000070bc00000, 0x000000070bc00000, 0x000000070be00000|  0%| F|  |TAMS 0x000000070bc00000, 0x000000070bc00000| Untracked 
|  88|0x000000070be00000, 0x000000070be00000, 0x000000070c000000|  0%| F|  |TAMS 0x000000070be00000, 0x000000070be00000| Untracked 
|  89|0x000000070c000000, 0x000000070c000000, 0x000000070c200000|  0%| F|  |TAMS 0x000000070c000000, 0x000000070c000000| Untracked 
|  90|0x000000070c200000, 0x000000070c200000, 0x000000070c400000|  0%| F|  |TAMS 0x000000070c200000, 0x000000070c200000| Untracked 
|  91|0x000000070c400000, 0x000000070c400000, 0x000000070c600000|  0%| F|  |TAMS 0x000000070c400000, 0x000000070c400000| Untracked 
|  92|0x000000070c600000, 0x000000070c600000, 0x000000070c800000|  0%| F|  |TAMS 0x000000070c600000, 0x000000070c600000| Untracked 
|  93|0x000000070c800000, 0x000000070c800000, 0x000000070ca00000|  0%| F|  |TAMS 0x000000070c800000, 0x000000070c800000| Untracked 
|  94|0x000000070ca00000, 0x000000070ca00000, 0x000000070cc00000|  0%| F|  |TAMS 0x000000070ca00000, 0x000000070ca00000| Untracked 
|  95|0x000000070cc00000, 0x000000070cc00000, 0x000000070ce00000|  0%| F|  |TAMS 0x000000070cc00000, 0x000000070cc00000| Untracked 
|  96|0x000000070ce00000, 0x000000070ce00000, 0x000000070d000000|  0%| F|  |TAMS 0x000000070ce00000, 0x000000070ce00000| Untracked 
|  97|0x000000070d000000, 0x000000070d000000, 0x000000070d200000|  0%| F|  |TAMS 0x000000070d000000, 0x000000070d000000| Untracked 
|  98|0x000000070d200000, 0x000000070d200000, 0x000000070d400000|  0%| F|  |TAMS 0x000000070d200000, 0x000000070d200000| Untracked 
|  99|0x000000070d400000, 0x000000070d400000, 0x000000070d600000|  0%| F|  |TAMS 0x000000070d400000, 0x000000070d400000| Untracked 
| 100|0x000000070d600000, 0x000000070d600000, 0x000000070d800000|  0%| F|  |TAMS 0x000000070d600000, 0x000000070d600000| Untracked 
| 101|0x000000070d800000, 0x000000070d800000, 0x000000070da00000|  0%| F|  |TAMS 0x000000070d800000, 0x000000070d800000| Untracked 
| 102|0x000000070da00000, 0x000000070da00000, 0x000000070dc00000|  0%| F|  |TAMS 0x000000070da00000, 0x000000070da00000| Untracked 
| 103|0x000000070dc00000, 0x000000070dc00000, 0x000000070de00000|  0%| F|  |TAMS 0x000000070dc00000, 0x000000070dc00000| Untracked 
| 104|0x000000070de00000, 0x000000070de00000, 0x000000070e000000|  0%| F|  |TAMS 0x000000070de00000, 0x000000070de00000| Untracked 
| 105|0x000000070e000000, 0x000000070e000000, 0x000000070e200000|  0%| F|  |TAMS 0x000000070e000000, 0x000000070e000000| Untracked 
| 106|0x000000070e200000, 0x000000070e200000, 0x000000070e400000|  0%| F|  |TAMS 0x000000070e200000, 0x000000070e200000| Untracked 
| 107|0x000000070e400000, 0x000000070e400000, 0x000000070e600000|  0%| F|  |TAMS 0x000000070e400000, 0x000000070e400000| Untracked 
| 108|0x000000070e600000, 0x000000070e600000, 0x000000070e800000|  0%| F|  |TAMS 0x000000070e600000, 0x000000070e600000| Untracked 
| 109|0x000000070e800000, 0x000000070e800000, 0x000000070ea00000|  0%| F|  |TAMS 0x000000070e800000, 0x000000070e800000| Untracked 
| 110|0x000000070ea00000, 0x000000070ea00000, 0x000000070ec00000|  0%| F|  |TAMS 0x000000070ea00000, 0x000000070ea00000| Untracked 
| 111|0x000000070ec00000, 0x000000070ec00000, 0x000000070ee00000|  0%| F|  |TAMS 0x000000070ec00000, 0x000000070ec00000| Untracked 
| 112|0x000000070ee00000, 0x000000070ee00000, 0x000000070f000000|  0%| F|  |TAMS 0x000000070ee00000, 0x000000070ee00000| Untracked 
| 113|0x000000070f000000, 0x000000070f000000, 0x000000070f200000|  0%| F|  |TAMS 0x000000070f000000, 0x000000070f000000| Untracked 
| 114|0x000000070f200000, 0x000000070f200000, 0x000000070f400000|  0%| F|  |TAMS 0x000000070f200000, 0x000000070f200000| Untracked 
| 115|0x000000070f400000, 0x000000070f400000, 0x000000070f600000|  0%| F|  |TAMS 0x000000070f400000, 0x000000070f400000| Untracked 
| 116|0x000000070f600000, 0x000000070f600000, 0x000000070f800000|  0%| F|  |TAMS 0x000000070f600000, 0x000000070f600000| Untracked 
| 117|0x000000070f800000, 0x000000070f800000, 0x000000070fa00000|  0%| F|  |TAMS 0x000000070f800000, 0x000000070f800000| Untracked 
| 118|0x000000070fa00000, 0x000000070fa00000, 0x000000070fc00000|  0%| F|  |TAMS 0x000000070fa00000, 0x000000070fa00000| Untracked 
| 119|0x000000070fc00000, 0x000000070fc00000, 0x000000070fe00000|  0%| F|  |TAMS 0x000000070fc00000, 0x000000070fc00000| Untracked 
| 120|0x000000070fe00000, 0x000000070fe00000, 0x0000000710000000|  0%| F|  |TAMS 0x000000070fe00000, 0x000000070fe00000| Untracked 
| 121|0x0000000710000000, 0x0000000710000000, 0x0000000710200000|  0%| F|  |TAMS 0x0000000710000000, 0x0000000710000000| Untracked 
| 122|0x0000000710200000, 0x0000000710200000, 0x0000000710400000|  0%| F|  |TAMS 0x0000000710200000, 0x0000000710200000| Untracked 
| 123|0x0000000710400000, 0x0000000710400000, 0x0000000710600000|  0%| F|  |TAMS 0x0000000710400000, 0x0000000710400000| Untracked 
| 124|0x0000000710600000, 0x0000000710600000, 0x0000000710800000|  0%| F|  |TAMS 0x0000000710600000, 0x0000000710600000| Untracked 
| 125|0x0000000710800000, 0x0000000710800000, 0x0000000710a00000|  0%| F|  |TAMS 0x0000000710800000, 0x0000000710800000| Untracked 
| 126|0x0000000710a00000, 0x0000000710a00000, 0x0000000710c00000|  0%| F|  |TAMS 0x0000000710a00000, 0x0000000710a00000| Untracked 
| 127|0x0000000710c00000, 0x0000000710c00000, 0x0000000710e00000|  0%| F|  |TAMS 0x0000000710c00000, 0x0000000710c00000| Untracked 

Card table byte_map: [0x000001d57e060000,0x000001d57e860000] _byte_map_base: 0x000001d57a859000

Marking Bits (Prev, Next): (CMBitMap*) 0x000001d57606f820, (CMBitMap*) 0x000001d57606f7e0
 Prev Bits: [0x000001d506fd0000, 0x000001d50af98000)
 Next Bits: [0x000001d503000000, 0x000001d506fc8000)

Polling page: 0x000001d573e40000

Metaspace:

Usage:
  Non-class:     47.66 MB used.
      Class:      7.69 MB used.
       Both:     55.35 MB used.

Virtual space:
  Non-class space:       56.00 MB reserved,      47.88 MB ( 85%) committed,  7 nodes.
      Class space:        1.00 GB reserved,       7.94 MB ( <1%) committed,  1 nodes.
             Both:        1.05 GB reserved,      55.81 MB (  5%) committed. 

Chunk freelists:
   Non-Class:  3.67 MB
       Class:  3.92 MB
        Both:  7.59 MB

MaxMetaspaceSize: unlimited
CompressedClassSpaceSize: 1.00 GB
Initial GC threshold: 21.00 MB
Current GC threshold: 78.38 MB
CDS: on
MetaspaceReclaimPolicy: balanced
 - commit_granule_bytes: 65536.
 - commit_granule_words: 8192.
 - virtual_space_node_default_size: 1048576.
 - enlarge_chunks_in_place: 1.
 - new_chunks_are_fully_committed: 0.
 - uncommit_free_chunks: 1.
 - use_allocation_guard: 0.
 - handle_deallocations: 1.


Internal statistics:

num_allocs_failed_limit: 9.
num_arena_births: 540.
num_arena_deaths: 0.
num_vsnodes_births: 8.
num_vsnodes_deaths: 0.
num_space_committed: 893.
num_space_uncommitted: 0.
num_chunks_returned_to_freelist: 9.
num_chunks_taken_from_freelist: 2533.
num_chunk_merges: 9.
num_chunk_splits: 1792.
num_chunks_enlarged: 1383.
num_purges: 0.
num_inconsistent_stats: 0.

CodeCache: size=49152Kb used=10148Kb max_used=10880Kb free=39003Kb
 bounds [0x000001d500000000, 0x000001d500ab0000, 0x000001d503000000]
 total_blobs=6205 nmethods=5523 adapters=609
 compilation: enabled
              stopped_count=0, restarted_count=0
 full_count=0

Compilation events (20 events):
Event: 11.974 Thread 0x000001d57f443c10 5516       1       java.lang.invoke.LambdaForm$MH/0x0000000800c03400::invoke (27 bytes)
Event: 11.974 Thread 0x000001d57f443c10 nmethod 5516 0x000001d5001df890 code [0x000001d5001dfa40, 0x000001d5001dfbb8]
Event: 11.974 Thread 0x000001d57f443c10 5517       1       java.lang.invoke.LambdaForm$MH/0x0000000800c02c00::invoke (27 bytes)
Event: 11.974 Thread 0x000001d57f443c10 nmethod 5517 0x000001d5001df490 code [0x000001d5001df640, 0x000001d5001df7b8]
Event: 11.974 Thread 0x000001d57f443c10 5518       1       java.lang.invoke.DelegatingMethodHandle$Holder::reinvoke_L (18 bytes)
Event: 11.974 Thread 0x000001d57f443c10 nmethod 5518 0x000001d5001df090 code [0x000001d5001df240, 0x000001d5001df398]
Event: 11.974 Thread 0x000001d57f443c10 5519       1       java.lang.Integer::toString (8 bytes)
Event: 11.974 Thread 0x000001d57f443c10 nmethod 5519 0x000001d5001ded90 code [0x000001d5001def20, 0x000001d5001df008]
Event: 11.974 Thread 0x000001d57f443c10 5514       1       ru.kata.spring.boot_security.demo.models.Role::getId (5 bytes)
Event: 11.974 Thread 0x000001d57f443c10 nmethod 5514 0x000001d5001dea90 code [0x000001d5001dec20, 0x000001d5001decf8]
Event: 11.974 Thread 0x000001d57f443c10 5520       1       java.lang.invoke.LambdaForm$MH/0x0000000800c07800::invoke (148 bytes)
Event: 11.975 Thread 0x000001d57f443c10 nmethod 5520 0x000001d5001ddf90 code [0x000001d5001de1c0, 0x000001d5001de628]
Event: 11.975 Thread 0x000001d57f443c10 5515       1       ru.kata.spring.boot_security.demo.models.Role::getName (5 bytes)
Event: 11.975 Thread 0x000001d57f443c10 nmethod 5515 0x000001d5001ddc90 code [0x000001d5001dde20, 0x000001d5001ddef8]
Event: 11.975 Thread 0x000001d57f443c10 5521       1       ru.kata.spring.boot_security.demo.models.Role::toString (14 bytes)
Event: 11.975 Thread 0x000001d57f443c10 nmethod 5521 0x000001d5001dd190 code [0x000001d5001dd3c0, 0x000001d5001dd7f8]
Event: 11.975 Thread 0x000001d57f443c10 5522       1       java.lang.StringConcatHelper::newArrayWithSuffix (40 bytes)
Event: 11.975 Thread 0x000001d57f443c10 nmethod 5522 0x000001d5001dcc90 code [0x000001d5001dce40, 0x000001d5001dd028]
Event: 11.976 Thread 0x000001d57f443c10 5523       1       java.lang.invoke.DelegatingMethodHandle$Holder::reinvoke_L (20 bytes)
Event: 11.976 Thread 0x000001d57f443c10 nmethod 5523 0x000001d5001dc890 code [0x000001d5001dca40, 0x000001d5001dcb98]

GC Heap History (20 events):
Event: 2.926 GC heap after
{Heap after GC invocations=8 (full 0):
 garbage-first heap   total 159744K, used 18780K [0x0000000700e00000, 0x0000000800000000)
  region size 2048K, 2 young (4096K), 2 survivors (4096K)
 Metaspace       used 36055K, committed 36416K, reserved 1081344K
  class space    used 4953K, committed 5120K, reserved 1048576K
}
Event: 3.394 GC heap before
{Heap before GC invocations=9 (full 0):
 garbage-first heap   total 75776K, used 59740K [0x0000000700e00000, 0x0000000800000000)
  region size 2048K, 22 young (45056K), 2 survivors (4096K)
 Metaspace       used 43496K, committed 43840K, reserved 1089536K
  class space    used 6066K, committed 6208K, reserved 1048576K
}
Event: 3.399 GC heap after
{Heap after GC invocations=10 (full 0):
 garbage-first heap   total 75776K, used 20686K [0x0000000700e00000, 0x0000000800000000)
  region size 2048K, 2 young (4096K), 2 survivors (4096K)
 Metaspace       used 43496K, committed 43840K, reserved 1089536K
  class space    used 6066K, committed 6208K, reserved 1048576K
}
Event: 3.445 GC heap before
{Heap before GC invocations=10 (full 0):
 garbage-first heap   total 75776K, used 22734K [0x0000000700e00000, 0x0000000800000000)
  region size 2048K, 3 young (6144K), 2 survivors (4096K)
 Metaspace       used 44019K, committed 44416K, reserved 1089536K
  class space    used 6134K, committed 6336K, reserved 1048576K
}
Event: 3.448 GC heap after
{Heap after GC invocations=11 (full 0):
 garbage-first heap   total 75776K, used 20902K [0x0000000700e00000, 0x0000000800000000)
  region size 2048K, 1 young (2048K), 1 survivors (2048K)
 Metaspace       used 44019K, committed 44416K, reserved 1089536K
  class space    used 6134K, committed 6336K, reserved 1048576K
}
Event: 3.766 GC heap before
{Heap before GC invocations=11 (full 0):
 garbage-first heap   total 75776K, used 55718K [0x0000000700e00000, 0x0000000800000000)
  region size 2048K, 18 young (36864K), 1 survivors (2048K)
 Metaspace       used 47450K, committed 47872K, reserved 1097728K
  class space    used 6626K, committed 6848K, reserved 1048576K
}
Event: 3.770 GC heap after
{Heap after GC invocations=12 (full 0):
 garbage-first heap   total 75776K, used 23004K [0x0000000700e00000, 0x0000000800000000)
  region size 2048K, 2 young (4096K), 2 survivors (4096K)
 Metaspace       used 47450K, committed 47872K, reserved 1097728K
  class space    used 6626K, committed 6848K, reserved 1048576K
}
Event: 4.193 GC heap before
{Heap before GC invocations=13 (full 0):
 garbage-first heap   total 75776K, used 55772K [0x0000000700e00000, 0x0000000800000000)
  region size 2048K, 18 young (36864K), 2 survivors (4096K)
 Metaspace       used 50666K, committed 51072K, reserved 1097728K
  class space    used 7110K, committed 7296K, reserved 1048576K
}
Event: 4.198 GC heap after
{Heap after GC invocations=14 (full 0):
 garbage-first heap   total 75776K, used 25648K [0x0000000700e00000, 0x0000000800000000)
  region size 2048K, 3 young (6144K), 3 survivors (6144K)
 Metaspace       used 50666K, committed 51072K, reserved 1097728K
  class space    used 7110K, committed 7296K, reserved 1048576K
}
Event: 11.860 GC heap before
{Heap before GC invocations=14 (full 0):
 garbage-first heap   total 75776K, used 54320K [0x0000000700e00000, 0x0000000800000000)
  region size 2048K, 18 young (36864K), 3 survivors (6144K)
 Metaspace       used 56242K, committed 56704K, reserved 1097728K
  class space    used 7820K, committed 8064K, reserved 1048576K
}
Event: 11.867 GC heap after
{Heap after GC invocations=15 (full 0):
 garbage-first heap   total 159744K, used 28855K [0x0000000700e00000, 0x0000000800000000)
  region size 2048K, 3 young (6144K), 3 survivors (6144K)
 Metaspace       used 56242K, committed 56704K, reserved 1097728K
  class space    used 7820K, committed 8064K, reserved 1048576K
}
Event: 12.034 GC heap before
{Heap before GC invocations=15 (full 0):
 garbage-first heap   total 159744K, used 114871K [0x0000000700e00000, 0x0000000800000000)
  region size 2048K, 46 young (94208K), 3 survivors (6144K)
 Metaspace       used 56679K, committed 57152K, reserved 1105920K
  class space    used 7878K, committed 8128K, reserved 1048576K
}
Event: 12.042 GC heap after
{Heap after GC invocations=16 (full 0):
 garbage-first heap   total 159744K, used 28855K [0x0000000700e00000, 0x0000000800000000)
  region size 2048K, 3 young (6144K), 3 survivors (6144K)
 Metaspace       used 56679K, committed 57152K, reserved 1105920K
  class space    used 7878K, committed 8128K, reserved 1048576K
}
Event: 12.058 GC heap before
{Heap before GC invocations=16 (full 0):
 garbage-first heap   total 159744K, used 114871K [0x0000000700e00000, 0x0000000800000000)
  region size 2048K, 46 young (94208K), 3 survivors (6144K)
 Metaspace       used 56679K, committed 57152K, reserved 1105920K
  class space    used 7878K, committed 8128K, reserved 1048576K
}
Event: 12.064 GC heap after
{Heap after GC invocations=17 (full 0):
 garbage-first heap   total 159744K, used 29132K [0x0000000700e00000, 0x0000000800000000)
  region size 2048K, 4 young (8192K), 4 survivors (8192K)
 Metaspace       used 56679K, committed 57152K, reserved 1105920K
  class space    used 7878K, committed 8128K, reserved 1048576K
}
Event: 12.077 GC heap before
{Heap before GC invocations=17 (full 0):
 garbage-first heap   total 159744K, used 113100K [0x0000000700e00000, 0x0000000800000000)
  region size 2048K, 46 young (94208K), 4 survivors (8192K)
 Metaspace       used 56679K, committed 57152K, reserved 1105920K
  class space    used 7878K, committed 8128K, reserved 1048576K
}
Event: 12.082 GC heap after
{Heap after GC invocations=18 (full 0):
 garbage-first heap   total 159744K, used 29141K [0x0000000700e00000, 0x0000000800000000)
  region size 2048K, 4 young (8192K), 4 survivors (8192K)
 Metaspace       used 56679K, committed 57152K, reserved 1105920K
  class space    used 7878K, committed 8128K, reserved 1048576K
}
Event: 12.093 GC heap before
{Heap before GC invocations=18 (full 0):
 garbage-first heap   total 159744K, used 113109K [0x0000000700e00000, 0x0000000800000000)
  region size 2048K, 46 young (94208K), 4 survivors (8192K)
 Metaspace       used 56679K, committed 57152K, reserved 1105920K
  class space    used 7878K, committed 8128K, reserved 1048576K
}
Event: 12.097 GC heap after
{Heap after GC invocations=19 (full 0):
 garbage-first heap   total 159744K, used 28807K [0x0000000700e00000, 0x0000000800000000)
  region size 2048K, 3 young (6144K), 3 survivors (6144K)
 Metaspace       used 56679K, committed 57152K, reserved 1105920K
  class space    used 7878K, committed 8128K, reserved 1048576K
}
Event: 12.110 GC heap before
{Heap before GC invocations=19 (full 0):
 garbage-first heap   total 159744K, used 114823K [0x0000000700e00000, 0x0000000800000000)
  region size 2048K, 46 young (94208K), 3 survivors (6144K)
 Metaspace       used 56679K, committed 57152K, reserved 1105920K
  class space    used 7878K, committed 8128K, reserved 1048576K
}

Deoptimization events (20 events):
Event: 0.681 Thread 0x000001d57601f890 DEOPT PACKING pc=0x000001d5002dab01 sp=0x00000069b94fd860
Event: 0.681 Thread 0x000001d57601f890 DEOPT UNPACKING pc=0x000001d500052b43 sp=0x00000069b94fccb8 mode 3
Event: 1.010 Thread 0x000001d57601f890 DEOPT PACKING pc=0x000001d5004f75f9 sp=0x00000069b94fd310
Event: 1.010 Thread 0x000001d57601f890 DEOPT UNPACKING pc=0x000001d500052b43 sp=0x00000069b94fc7f0 mode 3
Event: 1.581 Thread 0x000001d57601f890 DEOPT PACKING pc=0x000001d50052edd4 sp=0x00000069b94fd740
Event: 1.581 Thread 0x000001d57601f890 DEOPT UNPACKING pc=0x000001d500052b43 sp=0x00000069b94fcc98 mode 0
Event: 1.739 Thread 0x000001d57601f890 DEOPT PACKING pc=0x000001d5006efa01 sp=0x00000069b94fdef0
Event: 1.739 Thread 0x000001d57601f890 DEOPT UNPACKING pc=0x000001d500052b43 sp=0x00000069b94fd360 mode 3
Event: 2.230 Thread 0x000001d57601f890 DEOPT PACKING pc=0x000001d5007b9b65 sp=0x00000069b94fc510
Event: 2.230 Thread 0x000001d57601f890 DEOPT UNPACKING pc=0x000001d500052b43 sp=0x00000069b94fba78 mode 3
Event: 2.241 Thread 0x000001d57601f890 DEOPT PACKING pc=0x000001d50050e389 sp=0x00000069b94fe780
Event: 2.241 Thread 0x000001d57601f890 DEOPT UNPACKING pc=0x000001d500052b43 sp=0x00000069b94fdc10 mode 3
Event: 2.241 Thread 0x000001d50f93c390 DEOPT PACKING pc=0x000001d5004dc91f sp=0x00000069bb2ff1a0
Event: 2.241 Thread 0x000001d50f93c390 DEOPT UNPACKING pc=0x000001d500052b43 sp=0x00000069bb2fe5f8 mode 3
Event: 3.814 Thread 0x000001d57601f890 DEOPT PACKING pc=0x000001d5009f3279 sp=0x00000069b94fb0c0
Event: 3.814 Thread 0x000001d57601f890 DEOPT UNPACKING pc=0x000001d500052b43 sp=0x00000069b94fa5a0 mode 3
Event: 4.004 Thread 0x000001d57601f890 DEOPT PACKING pc=0x000001d5005432d2 sp=0x00000069b94fa120
Event: 4.004 Thread 0x000001d57601f890 DEOPT UNPACKING pc=0x000001d500052b43 sp=0x00000069b94f9628 mode 3
Event: 4.005 Thread 0x000001d57601f890 DEOPT PACKING pc=0x000001d500514355 sp=0x00000069b94fa0e0
Event: 4.005 Thread 0x000001d57601f890 DEOPT UNPACKING pc=0x000001d500052b43 sp=0x00000069b94f9628 mode 3

Classes unloaded (0 events):
No events

Classes redefined (0 events):
No events

Internal exceptions (20 events):
Event: 3.709 Thread 0x000001d57601f890 Exception <a 'java/lang/ClassNotFoundException'{0x0000000703a43f80}: org/springframework/web/context/ServletContextAwareCustomizer> (0x0000000703a43f80) 
thrown [t:\workspace\open\src\hotspot\share\classfile\systemDictionary.cpp, line 256]
Event: 3.710 Thread 0x000001d57601f890 Exception <a 'java/lang/ClassNotFoundException'{0x0000000703a49620}: org/springframework/beans/factory/AwareCustomizer> (0x0000000703a49620) 
thrown [t:\workspace\open\src\hotspot\share\classfile\systemDictionary.cpp, line 256]
Event: 3.749 Thread 0x000001d57601f890 Exception <a 'java/lang/reflect/InvocationTargetException'{0x0000000703463728}> (0x0000000703463728) 
thrown [t:\workspace\open\src\hotspot\share\runtime\reflection.cpp, line 1121]
Event: 3.766 Thread 0x000001d57601f890 Exception <a 'java/lang/ClassNotFoundException'{0x00000007035fa270}: java/lang/ObjectCustomizer> (0x00000007035fa270) 
thrown [t:\workspace\open\src\hotspot\share\classfile\systemDictionary.cpp, line 256]
Event: 3.771 Thread 0x000001d57601f890 Exception <a 'java/lang/ClassNotFoundException'{0x0000000710c02888}: org/springframework/security/config/annotation/web/configuration/WebSecurityConfigurationCustomizer> (0x0000000710c02888) 
thrown [t:\workspace\open\src\hotspot\share\classfile\systemDictionary.cpp, line 256]
Event: 3.772 Thread 0x000001d57601f890 Exception <a 'java/lang/ClassNotFoundException'{0x0000000710c11840}: org/springframework/context/annotation/ImportAwareCustomizer> (0x0000000710c11840) 
thrown [t:\workspace\open\src\hotspot\share\classfile\systemDictionary.cpp, line 256]
Event: 3.772 Thread 0x000001d57601f890 Exception <a 'java/lang/ClassNotFoundException'{0x0000000710c16af0}: org/springframework/beans/factory/AwareCustomizer> (0x0000000710c16af0) 
thrown [t:\workspace\open\src\hotspot\share\classfile\systemDictionary.cpp, line 256]
Event: 3.772 Thread 0x000001d57601f890 Exception <a 'java/lang/ClassNotFoundException'{0x0000000710c1b2b0}: org/springframework/beans/factory/BeanClassLoaderAwareCustomizer> (0x0000000710c1b2b0) 
thrown [t:\workspace\open\src\hotspot\share\classfile\systemDictionary.cpp, line 256]
Event: 3.773 Thread 0x000001d57601f890 Exception <a 'java/lang/ClassNotFoundException'{0x0000000710c20540}: org/springframework/beans/factory/AwareCustomizer> (0x0000000710c20540) 
thrown [t:\workspace\open\src\hotspot\share\classfile\systemDictionary.cpp, line 256]
Event: 3.924 Thread 0x000001d57601f890 Exception <a 'java/lang/ClassNotFoundException'{0x0000000704f99690}: java/lang/ObjectCustomizer> (0x0000000704f99690) 
thrown [t:\workspace\open\src\hotspot\share\classfile\systemDictionary.cpp, line 256]
Event: 3.924 Thread 0x000001d57601f890 Exception <a 'java/lang/ClassNotFoundException'{0x0000000704fa1c40}: org/springframework/security/config/annotation/web/configuration/HttpSecurityConfigurationCustomizer> (0x0000000704fa1c40) 
thrown [t:\workspace\open\src\hotspot\share\classfile\systemDictionary.cpp, line 256]
Event: 4.021 Thread 0x000001d57601f890 Exception <a 'java/lang/NoSuchMethodError'{0x000000070446e8d0}: 'void java.lang.invoke.DirectMethodHandle$Holder.invokeVirtual(java.lang.Object, java.lang.Object, int)'> (0x000000070446e8d0) 
thrown [t:\workspace\open\src\hotspot\share\interpreter\linkResolver.cpp, line 766]
Event: 4.022 Thread 0x000001d57601f890 Exception <a 'java/lang/NoSuchMethodError'{0x0000000704489478}: 'void java.lang.invoke.DirectMethodHandle$Holder.invokeVirtual(java.lang.Object, java.lang.Object, long)'> (0x0000000704489478) 
thrown [t:\workspace\open\src\hotspot\share\interpreter\linkResolver.cpp, line 766]
Event: 4.044 Thread 0x000001d50f6aa060 Exception <a 'java/lang/reflect/InvocationTargetException'{0x00000007042c2370}> (0x00000007042c2370) 
thrown [t:\workspace\open\src\hotspot\share\runtime\reflection.cpp, line 1121]
Event: 4.117 Thread 0x000001d57601f890 Exception <a 'java/lang/IncompatibleClassChangeError'{0x0000000703c1f5d0}: Found class java.lang.Object, but interface was expected> (0x0000000703c1f5d0) 
thrown [t:\workspace\open\src\hotspot\share\interpreter\linkResolver.cpp, line 833]
Event: 4.268 Thread 0x000001d57601f890 Exception <a 'java/lang/NoSuchMethodError'{0x00000007081f6fb8}: 'java.lang.Object java.lang.invoke.DirectMethodHandle$Holder.invokeSpecial(java.lang.Object, java.lang.Object, int, java.lang.Object, int, java.lang.Object)'> (0x00000007081f6fb8) 
thrown [t:\workspace\open\src\hotspot\share\interpreter\linkResolver.cpp, line 766]
Event: 4.268 Thread 0x000001d57601f890 Exception <a 'java/lang/NoSuchMethodError'{0x00000007081fedb8}: 'java.lang.Object java.lang.invoke.DirectMethodHandle$Holder.newInvokeSpecial(java.lang.Object, java.lang.Object, int, java.lang.Object, int)'> (0x00000007081fedb8) 
thrown [t:\workspace\open\src\hotspot\share\interpreter\linkResolver.cpp, line 766]
Event: 4.269 Thread 0x000001d57601f890 Exception <a 'java/lang/NoSuchMethodError'{0x0000000705002f00}: 'java.lang.Object java.lang.invoke.DirectMethodHandle$Holder.invokeSpecial(java.lang.Object, java.lang.Object, java.lang.Object, int, java.lang.Object, int)'> (0x0000000705002f00) 
thrown [t:\workspace\open\src\hotspot\share\interpreter\linkResolver.cpp, line 766]
Event: 4.269 Thread 0x000001d57601f890 Exception <a 'java/lang/NoSuchMethodError'{0x000000070500d170}: 'void java.lang.invoke.DirectMethodHandle$Holder.invokeVirtual(java.lang.Object, java.lang.Object)'> (0x000000070500d170) 
thrown [t:\workspace\open\src\hotspot\share\interpreter\linkResolver.cpp, line 766]
Event: 11.869 Thread 0x000001d50fb7c8e0 Exception <a 'java/lang/NoSuchMethodError'{0x0000000710c101f8}: 'java.lang.Object java.lang.invoke.DirectMethodHandle$Holder.invokeStaticInit(java.lang.Object, java.lang.Object, java.lang.Object, java.lang.Object, java.lang.Object, java.lang.Object)'> (0x0000000710c101f8) 
thrown [t:\workspace\open\src\hotspot\share\interpreter\linkResolver.cpp, line 766]

VM Operations (20 events):
Event: 9.498 Executing VM operation: Cleanup done
Event: 9.515 Executing VM operation: HandshakeAllThreads
Event: 9.515 Executing VM operation: HandshakeAllThreads done
Event: 9.540 Executing VM operation: HandshakeAllThreads
Event: 9.540 Executing VM operation: HandshakeAllThreads done
Event: 9.548 Executing VM operation: HandshakeAllThreads
Event: 9.548 Executing VM operation: HandshakeAllThreads done
Event: 10.560 Executing VM operation: Cleanup
Event: 10.560 Executing VM operation: Cleanup done
Event: 11.859 Executing VM operation: G1CollectForAllocation
Event: 11.867 Executing VM operation: G1CollectForAllocation done
Event: 12.034 Executing VM operation: G1CollectForAllocation
Event: 12.042 Executing VM operation: G1CollectForAllocation done
Event: 12.058 Executing VM operation: G1CollectForAllocation
Event: 12.064 Executing VM operation: G1CollectForAllocation done
Event: 12.077 Executing VM operation: G1CollectForAllocation
Event: 12.082 Executing VM operation: G1CollectForAllocation done
Event: 12.093 Executing VM operation: G1CollectForAllocation
Event: 12.097 Executing VM operation: G1CollectForAllocation done
Event: 12.110 Executing VM operation: G1CollectForAllocation

Events (20 events):
Event: 9.491 loading class sun/nio/cs/ThreadLocalCoders$1
Event: 9.491 loading class sun/nio/cs/ThreadLocalCoders$Cache
Event: 9.491 loading class sun/nio/cs/ThreadLocalCoders$Cache done
Event: 9.491 loading class sun/nio/cs/ThreadLocalCoders$1 done
Event: 9.492 loading class sun/nio/cs/ThreadLocalCoders$2
Event: 9.492 loading class sun/nio/cs/ThreadLocalCoders$2 done
Event: 9.492 loading class java/io/StringReader
Event: 9.492 loading class java/io/StringReader done
Event: 9.514 loading class java/lang/InheritableThreadLocal
Event: 9.514 loading class java/lang/InheritableThreadLocal done
Event: 9.599 loading class java/util/EnumMap$EntryIterator$Entry
Event: 9.599 loading class java/util/EnumMap$EntryIterator$Entry done
Event: 10.503 Thread 0x000001d50fb7ef60 Thread added: 0x000001d50fb7ef60
Event: 10.505 Thread 0x000001d50d9bf140 Thread exited: 0x000001d50d9bf140
Event: 11.762 Thread 0x000001d50fb7c8e0 Thread added: 0x000001d50fb7c8e0
Event: 11.892 loading class sun/security/provider/SecureRandom
Event: 11.892 loading class sun/security/provider/SecureRandom done
Event: 11.892 loading class sun/security/provider/SecureRandom$SeederHolder
Event: 11.892 loading class sun/security/provider/SecureRandom$SeederHolder done
Event: 11.965 Thread 0x000001d50fb7d280 Thread added: 0x000001d50fb7d280


Dynamic libraries:
0x00007ff7bbeb0000 - 0x00007ff7bbebe000 	D:\SDK\bin\java.exe
0x00007ff910310000 - 0x00007ff910507000 	C:\WINDOWS\SYSTEM32\ntdll.dll
0x00007ff90ecc0000 - 0x00007ff90ed7d000 	C:\WINDOWS\System32\KERNEL32.DLL
0x00007ff90d3b0000 - 0x00007ff90d67d000 	C:\WINDOWS\System32\KERNELBASE.dll
0x00007ff90d170000 - 0x00007ff90d270000 	C:\WINDOWS\System32\ucrtbase.dll
0x00007ff8f4a40000 - 0x00007ff8f4a58000 	D:\SDK\bin\jli.dll
0x00007ff904430000 - 0x00007ff90444a000 	D:\SDK\bin\VCRUNTIME140.dll
0x00007ff90fce0000 - 0x00007ff90fe80000 	C:\WINDOWS\System32\USER32.dll
0x00007ff90d140000 - 0x00007ff90d162000 	C:\WINDOWS\System32\win32u.dll
0x00007ff90bd70000 - 0x00007ff90c00a000 	C:\WINDOWS\WinSxS\amd64_microsoft.windows.common-controls_6595b64144ccf1df_6.0.19041.1110_none_60b5254171f9507e\COMCTL32.dll
0x00007ff90dd80000 - 0x00007ff90ddaa000 	C:\WINDOWS\System32\GDI32.dll
0x00007ff90ee60000 - 0x00007ff90eefe000 	C:\WINDOWS\System32\msvcrt.dll
0x00007ff90d870000 - 0x00007ff90d97b000 	C:\WINDOWS\System32\gdi32full.dll
0x00007ff90d270000 - 0x00007ff90d30d000 	C:\WINDOWS\System32\msvcp_win.dll
0x00007ff90f5f0000 - 0x00007ff90f620000 	C:\WINDOWS\System32\IMM32.DLL
0x00007ff907810000 - 0x00007ff90781c000 	D:\SDK\bin\vcruntime140_1.dll
0x00007ff8f00c0000 - 0x00007ff8f014d000 	D:\SDK\bin\msvcp140.dll
0x00007ff8dc120000 - 0x00007ff8dcce1000 	D:\SDK\bin\server\jvm.dll
0x00007ff90ddb0000 - 0x00007ff90de5e000 	C:\WINDOWS\System32\ADVAPI32.dll
0x00007ff90f3a0000 - 0x00007ff90f43c000 	C:\WINDOWS\System32\sechost.dll
0x00007ff90d990000 - 0x00007ff90dab5000 	C:\WINDOWS\System32\RPCRT4.dll
0x00007ff90f5e0000 - 0x00007ff90f5e8000 	C:\WINDOWS\System32\PSAPI.DLL
0x00007ff8f9490000 - 0x00007ff8f9499000 	C:\WINDOWS\SYSTEM32\WSOCK32.dll
0x00007ff905ef0000 - 0x00007ff905efa000 	C:\WINDOWS\SYSTEM32\VERSION.dll
0x00007ff90b5a0000 - 0x00007ff90b5c7000 	C:\WINDOWS\SYSTEM32\WINMM.dll
0x00007ff90fc70000 - 0x00007ff90fcdb000 	C:\WINDOWS\System32\WS2_32.dll
0x00007ff90b140000 - 0x00007ff90b152000 	C:\WINDOWS\SYSTEM32\kernel.appcore.dll
0x00007ff9023d0000 - 0x00007ff9023da000 	D:\SDK\bin\jimage.dll
0x00007ff902ae0000 - 0x00007ff902cc4000 	C:\WINDOWS\SYSTEM32\DBGHELP.DLL
0x00007ff902ab0000 - 0x00007ff902adc000 	C:\WINDOWS\SYSTEM32\dbgcore.DLL
0x00007ff90d7e0000 - 0x00007ff90d862000 	C:\WINDOWS\System32\bcryptPrimitives.dll
0x00007ff906dc0000 - 0x00007ff906dce000 	D:\SDK\bin\instrument.dll
0x00007ff8f4a10000 - 0x00007ff8f4a35000 	D:\SDK\bin\java.dll
0x00007ff8e3450000 - 0x00007ff8e3526000 	D:\SDK\bin\jsvml.dll
0x00007ff90e570000 - 0x00007ff90ecb4000 	C:\WINDOWS\System32\SHELL32.dll
0x00007ff90b5d0000 - 0x00007ff90bd64000 	C:\WINDOWS\SYSTEM32\windows.storage.dll
0x00007ff90ff40000 - 0x00007ff910294000 	C:\WINDOWS\System32\combase.dll
0x00007ff90ca70000 - 0x00007ff90ca9c000 	C:\WINDOWS\SYSTEM32\Wldp.dll
0x00007ff90de60000 - 0x00007ff90df0d000 	C:\WINDOWS\System32\SHCORE.dll
0x00007ff90fee0000 - 0x00007ff90ff35000 	C:\WINDOWS\System32\shlwapi.dll
0x00007ff90cf50000 - 0x00007ff90cf6f000 	C:\WINDOWS\SYSTEM32\profapi.dll
0x00007ff8ec870000 - 0x00007ff8ec888000 	D:\SDK\bin\zip.dll
0x00007ff8ef0a0000 - 0x00007ff8ef0b9000 	D:\SDK\bin\net.dll
0x00007ff902ce0000 - 0x00007ff902dea000 	C:\WINDOWS\SYSTEM32\WINHTTP.dll
0x00007ff90c7d0000 - 0x00007ff90c83a000 	C:\WINDOWS\system32\mswsock.dll
0x00007ff8ecf40000 - 0x00007ff8ecf56000 	D:\SDK\bin\nio.dll
0x00007ff9024f0000 - 0x00007ff90250a000 	D:\JetBrains\IntelliJ IDEA 2022.1\bin\breakgen64.dll
0x00007ff90c4c0000 - 0x00007ff90c58b000 	C:\WINDOWS\SYSTEM32\DNSAPI.dll
0x00007ff90c480000 - 0x00007ff90c4bb000 	C:\WINDOWS\SYSTEM32\IPHLPAPI.DLL
0x00007ff90f5d0000 - 0x00007ff90f5d8000 	C:\WINDOWS\System32\NSI.dll
0x00007ff9035c0000 - 0x00007ff9035ca000 	C:\Windows\System32\rasadhlp.dll
0x00007ff901ff0000 - 0x00007ff902070000 	C:\WINDOWS\System32\fwpuclnt.dll
0x00007ff90d310000 - 0x00007ff90d337000 	C:\WINDOWS\System32\bcrypt.dll
0x00007ff9024e0000 - 0x00007ff9024e9000 	D:\SDK\bin\management.dll
0x00007ff9024d0000 - 0x00007ff9024db000 	D:\SDK\bin\management_ext.dll
0x00007ff90c9c0000 - 0x00007ff90c9d8000 	C:\WINDOWS\SYSTEM32\CRYPTSP.dll
0x000000006a680000 - 0x000000006a699000 	C:\Program Files\Common Files\Crypto Pro\AppCompat\cpadvai.dll
0x00007ff90c0f0000 - 0x00007ff90c124000 	C:\WINDOWS\system32\rsaenh.dll
0x00007ff90ced0000 - 0x00007ff90cefe000 	C:\WINDOWS\SYSTEM32\USERENV.dll
0x00007ff90c9e0000 - 0x00007ff90c9ec000 	C:\WINDOWS\SYSTEM32\CRYPTBASE.dll
0x00007ff904750000 - 0x00007ff904767000 	C:\WINDOWS\SYSTEM32\dhcpcsvc6.DLL
0x00007ff9057c0000 - 0x00007ff9057dd000 	C:\WINDOWS\SYSTEM32\dhcpcsvc.DLL
0x00007ff8f6230000 - 0x00007ff8f6247000 	C:\WINDOWS\system32\napinsp.dll
0x00007ff8f2ed0000 - 0x00007ff8f2eeb000 	C:\WINDOWS\system32\pnrpnsp.dll
0x00007ff8f2eb0000 - 0x00007ff8f2ec5000 	C:\WINDOWS\system32\wshbth.dll
0x00007ff905f70000 - 0x00007ff905f8d000 	C:\WINDOWS\system32\NLAapi.dll
0x00007ff8f2e90000 - 0x00007ff8f2ea2000 	C:\WINDOWS\System32\winrnr.dll
0x00007ff9009f0000 - 0x00007ff9009fe000 	D:\SDK\bin\sunmscapi.dll
0x00007ff90d680000 - 0x00007ff90d7d6000 	C:\WINDOWS\System32\CRYPT32.dll
0x00007ff90cae0000 - 0x00007ff90cb07000 	C:\WINDOWS\SYSTEM32\ncrypt.dll
0x000000006a6a0000 - 0x000000006a6c5000 	C:\Program Files\Common Files\Crypto Pro\AppCompat\cpcrypt.dll
0x00007ff90caa0000 - 0x00007ff90cadb000 	C:\WINDOWS\SYSTEM32\NTASN1.dll
0x00007ff9009e0000 - 0x00007ff9009e7000 	C:\WINDOWS\system32\wshunix.dll

dbghelp: loaded successfully - version: 4.0.5 - missing functions: none
symbol engine: initialized successfully - sym options: 0x614 - pdb path: .;D:\SDK\bin;C:\WINDOWS\SYSTEM32;C:\WINDOWS\WinSxS\amd64_microsoft.windows.common-controls_6595b64144ccf1df_6.0.19041.1110_none_60b5254171f9507e;D:\SDK\bin\server;D:\JetBrains\IntelliJ IDEA 2022.1\bin;C:\Program Files\Common Files\Crypto Pro\AppCompat

VM Arguments:
jvm_args: -XX:TieredStopAtLevel=1 -Xverify:none -Dspring.output.ansi.enabled=always -Dcom.sun.management.jmxremote -Dspring.jmx.enabled=true -Dspring.liveBeansView.mbeanDomain -Dspring.application.admin.enabled=true -javaagent:D:\JetBrains\IntelliJ IDEA 2022.1\lib\idea_rt.jar=21971:D:\JetBrains\IntelliJ IDEA 2022.1\bin -Dfile.encoding=UTF-8 
java_command: ru.kata.spring.boot_security.demo.SpringBootSecurityDemoApplication
java_class_path (initial): D:\PROJECTS\PP_3_1_2_Boot_Security-master\target\classes;C:\Users\Roman\.m2\repository\org\springframework\boot\spring-boot-starter-data-jpa\2.6.2\spring-boot-starter-data-jpa-2.6.2.jar;C:\Users\Roman\.m2\repository\org\springframework\boot\spring-boot-starter-aop\2.6.2\spring-boot-starter-aop-2.6.2.jar;C:\Users\Roman\.m2\repository\org\aspectj\aspectjweaver\1.9.7\aspectjweaver-1.9.7.jar;C:\Users\Roman\.m2\repository\org\springframework\boot\spring-boot-starter-jdbc\2.6.2\spring-boot-starter-jdbc-2.6.2.jar;C:\Users\Roman\.m2\repository\com\zaxxer\HikariCP\4.0.3\HikariCP-4.0.3.jar;C:\Users\Roman\.m2\repository\org\springframework\spring-jdbc\5.3.14\spring-jdbc-5.3.14.jar;C:\Users\Roman\.m2\repository\jakarta\transaction\jakarta.transaction-api\1.3.3\jakarta.transaction-api-1.3.3.jar;C:\Users\Roman\.m2\repository\jakarta\persistence\jakarta.persistence-api\2.2.3\jakarta.persistence-api-2.2.3.jar;C:\Users\Roman\.m2\repository\org\hibernate\hibernate-core\5.6.3.Final\hibernate-core-5.6.3.Final.jar;C:\Users\Roman\.m2\repository\org\jboss\logging\jboss-logging\3.4.2.Final\jboss-logging-3.4.2.Final.jar;C:\Users\Roman\.m2\repository\net\bytebuddy\byte-buddy\1.11.22\byte-buddy-1.11.22.jar;C:\Users\Roman\.m2\repository\antlr\antlr\2.7.7\antlr-2.7.7.jar;C:\Users\Roman\.m2\repository\org\jboss\jandex\2.2.3.Final\jandex-2.2.3.Final.jar;C:\Users\Roman\.m2\repository\com\fasterxml\classmate\1.5.1\classmate-1.5.1.jar;C:\Users\Roman\.m2\repository\org\hibernate\common\hibernate-commons-annotations\5.1.2.Final\hibernate-commons-annotations-5.1.2.Final.jar;C:\Users\Roman\.m2\repository\org\glassfish\jaxb\jaxb-runtime\2.3.5\jaxb-runtime-2.3.5.jar;C:\Users\Roman\.m2\repository\org\glassfish\jaxb\txw2\2.3.5\txw2-2.3.5.jar;C:\Users\Roman\.m2\repository\com\sun\istack\istack-commons-runtime\3.0.12\istack-commons-runtime-3.0.12.jar;C:\Users\Roman\.m2\repository\com\sun\activation\jakarta.activation\1.2.2\jakarta.activation-1.2.2.jar;C:\Users\Roman\.m2\repository
Launcher Type: SUN_STANDARD

[Global flags]
     intx CICompilerCount                          = 3                                         {product} {ergonomic}
     uint ConcGCThreads                            = 1                                         {product} {ergonomic}
     uint G1ConcRefinementThreads                  = 4                                         {product} {ergonomic}
   size_t G1HeapRegionSize                         = 2097152                                   {product} {ergonomic}
    uintx GCDrainStackTargetSize                   = 64                                        {product} {ergonomic}
   size_t InitialHeapSize                          = 268435456                                 {product} {ergonomic}
     bool ManagementServer                         = true                                      {product} {command line}
   size_t MarkStackSize                            = 4194304                                   {product} {ergonomic}
   size_t MaxHeapSize                              = 4280287232                                {product} {ergonomic}
   size_t MaxNewSize                               = 2566914048                                {product} {ergonomic}
   size_t MinHeapDeltaBytes                        = 2097152                                   {product} {ergonomic}
   size_t MinHeapSize                              = 8388608                                   {product} {ergonomic}
    uintx NonProfiledCodeHeapSize                  = 0                                      {pd product} {ergonomic}
     bool ProfileInterpreter                       = false                                  {pd product} {command line}
    uintx ProfiledCodeHeapSize                     = 0                                      {pd product} {ergonomic}
   size_t SoftMaxHeapSize                          = 4280287232                             {manageable} {ergonomic}
     intx TieredStopAtLevel                        = 1                                         {product} {command line}
     bool UseCompressedClassPointers               = true                           {product lp64_product} {ergonomic}
     bool UseCompressedOops                        = true                           {product lp64_product} {ergonomic}
     bool UseG1GC                                  = true                                      {product} {ergonomic}
     bool UseLargePagesIndividualAllocation        = false                                  {pd product} {ergonomic}

Logging:
Log output configuration:
 #0: stdout all=warning uptime,level,tags
 #1: stderr all=off uptime,level,tags

Environment Variables:
JAVA_HOME=D:\JetBrains\jdk-11.0.14.1+1
PATH=C:\Program Files (x86)\Common Files\Intel\Shared Libraries\redist\intel64\compiler;C:\Program Files (x86)\Common Files\Oracle\Java\javapath;C:\Windows\system32;C:\Windows;C:\Windows\System32\Wbem;C:\Windows\System32\WindowsPowerShell\v1.0\;C:\Users\lawson\.dnx\bin;C:\Program Files\Microsoft DNX\Dnvm\;C:\Program Files\Andy;C:\Windows\SysWOW64;C:\Windows\System32;C:\Windows\SysWOW64\wbem;C:\Windows\System32\wbem;C:\Windows\SysWOW64\WindowsPowerShell\v1.0\;C:\Windows\;C:\Users\  \.dnx\bin;D:\quicktime\QTSystem\;C:\Program Files (x86)\NVIDIA Corporation\PhysX\Common;C:\Program Files (x86)\GtkSharp\2.12\bin;C:\Program Files\dotnet\;D:\quartus\quartus\bin;C:\Program Files\Microsoft SQL Server\130\Tools\Binn\;C:\Program Files\Microsoft SQL Server\Client SDK\ODBC\170\Tools\Binn\;C:\WINDOWS\system32;C:\WINDOWS;C:\WINDOWS\System32\Wbem;C:\WINDOWS\System32\WindowsPowerShell\v1.0\;C:\WINDOWS\System32\OpenSSH\;D:\univer\Rational Rose\common;D:\MAVEN\apache-maven-3.8.6\bin;D:\GitHub\Git\cmd;D:\visual studio code\Microsoft VS Code\bin;C:\Users\  \AppData\Local\GitHubDesktop\bin;C:\Users\Roman\.dotnet\tools;C:\Users\Roman\AppData\Local\Microsoft\WindowsApps;C:\Users\Roman\AppData\Local\GitHubDesktop\bin;D:\JetBrains\IntelliJ IDEA 2022.1\bin;;D:\Visual Studio Code\Microsoft VS Code\bin
USERNAME=Roman
OS=Windows_NT
PROCESSOR_IDENTIFIER=Intel64 Family 6 Model 60 Stepping 3, GenuineIntel



---------------  S Y S T E M  ---------------

OS:
 Windows 10 , 64 bit Build 19041 (10.0.19041.1741)
OS uptime: 2 days 18:07 hours

CPU: total 4 (initial active 4) (4 cores per cpu, 1 threads per core) family 6 model 60 stepping 3 microcode 0x27, cx8, cmov, fxsr, mmx, sse, sse2, sse3, ssse3, sse4.1, sse4.2, popcnt, lzcnt, tsc, tscinvbit, avx, avx2, aes, erms, clmul, bmi1, bmi2, fma, vzeroupper, clflush

Memory: 4k page, system-wide physical 16322M (3452M free)
TotalPageFile size 18370M (AvailPageFile size 21M)
current process WorkingSet (physical memory assigned to process): 288M, peak: 288M
current process commit charge ("private bytes"): 424M, peak: 574M

vm_info: OpenJDK 64-Bit Server VM (17.0.2+8-86) for windows-amd64 JRE (17.0.2+8-86), built on Dec  7 2021 21:49:10 by "mach5one" with MS VC++ 16.8 / 16.9 (VS2019)

END.
