#
# There is insufficient memory for the Java Runtime Environment to continue.
# Native memory allocation (mmap) failed to map 46137344 bytes for G1 virtual space
# Possible reasons:
#   The system is out of physical RAM or swap space
#   The process is running with CompressedOops enabled, and the Java Heap may be blocking the growth of the native heap
# Possible solutions:
#   Reduce memory load on the system
#   Increase physical memory or swap space
#   Check if swap backing store is full
#   Decrease Java heap size (-Xmx/-Xms)
#   Decrease number of Java threads
#   Decrease Java thread stack sizes (-Xss)
#   Set larger code cache with -XX:ReservedCodeCacheSize=
#   JVM is running with Zero Based Compressed Oops mode in which the Java heap is
#     placed in the first 32GB address space. The Java Heap base address is the
#     maximum limit for the native heap growth. Please use -XX:HeapBaseMinAddress
#     to set the Java Heap base and to place the Java Heap above 32GB virtual address.
# This output file may be truncated or incomplete.
#
#  Out of Memory Error (os_windows.cpp:3532), pid=13124, tid=18536
#
# JRE version: OpenJDK Runtime Environment (17.0.2+8) (build 17.0.2+8-86)
# Java VM: OpenJDK 64-Bit Server VM (17.0.2+8-86, mixed mode, emulated-client, sharing, tiered, compressed oops, compressed class ptrs, g1 gc, windows-amd64)
# No core dump will be written. Minidumps are not enabled by default on client versions of Windows
#

---------------  S U M M A R Y ------------

Command Line: -XX:TieredStopAtLevel=1 -Xverify:none -Dspring.output.ansi.enabled=always -Dcom.sun.management.jmxremote -Dspring.jmx.enabled=true -Dspring.liveBeansView.mbeanDomain -Dspring.application.admin.enabled=true -javaagent:D:\JetBrains\IntelliJ IDEA 2022.1\lib\idea_rt.jar=22041:D:\JetBrains\IntelliJ IDEA 2022.1\bin -Dfile.encoding=UTF-8 ru.kata.spring.boot_security.demo.SpringBootSecurityDemoApplication

Host: Intel(R) Core(TM) i5-4460  CPU @ 3.20GHz, 4 cores, 15G,  Windows 10 , 64 bit Build 19041 (10.0.19041.1741)
Time: Mon Jul 25 02:40:29 2022 RTZ 2 (s 10 , 64 bit Build 19041 (10.0.19041.1741) elapsed time: 20.732885 seconds (0d 0h 0m 20s)

---------------  T H R E A D  ---------------

Current thread (0x000001554c1b6e60):  VMThread "VM Thread" [stack: 0x00000006b3e00000,0x00000006b3f00000] [id=18536]

Stack: [0x00000006b3e00000,0x00000006b3f00000]
Native frames: (J=compiled Java code, j=interpreted, Vv=VM code, C=native code)
V  [jvm.dll+0x670baa]
V  [jvm.dll+0x7cfcb4]
V  [jvm.dll+0x7d145e]
V  [jvm.dll+0x7d1ac3]
V  [jvm.dll+0x242bc5]
V  [jvm.dll+0x66dac9]
V  [jvm.dll+0x662412]
V  [jvm.dll+0x300c0b]
V  [jvm.dll+0x3081a6]
V  [jvm.dll+0x357d0e]
V  [jvm.dll+0x357f3f]
V  [jvm.dll+0x2d7ec8]
V  [jvm.dll+0x2d6194]
V  [jvm.dll+0x2d579c]
V  [jvm.dll+0x3190eb]
V  [jvm.dll+0x7d5f9b]
V  [jvm.dll+0x7d6cd4]
V  [jvm.dll+0x7d71ec]
V  [jvm.dll+0x7d75c4]
V  [jvm.dll+0x7d7690]
V  [jvm.dll+0x77ff7a]
V  [jvm.dll+0x66fa35]
C  [ucrtbase.dll+0x21bb2]
C  [KERNEL32.DLL+0x17034]
C  [ntdll.dll+0x52651]

VM_Operation (0x00000006b49f86e0): G1CollectForAllocation, mode: safepoint, requested by thread 0x000001554f1253a0


---------------  P R O C E S S  ---------------

Threads class SMR info:
_java_thread_list=0x000001554d1d1d90, length=27, elements={
0x000001554c1bbab0, 0x000001554c1bd0c0, 0x000001554c1d60f0, 0x000001554c1d8d70,
0x000001554c1daed0, 0x000001554c1dc020, 0x000001554c1e5f70, 0x000001554c1e8d20,
0x0000015535ffd8e0, 0x000001554cff4920, 0x000001554cff4df0, 0x000001554d1ba130,
0x000001554e88ebd0, 0x000001554e926110, 0x000001554ee61580, 0x000001554edb5020,
0x000001554ee87440, 0x000001554ee23450, 0x000001554f126bb0, 0x000001554f125870,
0x000001554f127550, 0x000001554f124060, 0x000001554f124ed0, 0x000001554f127080,
0x000001554f124a00, 0x000001554f124530, 0x000001554f1253a0
}

Java Threads: ( => current thread )
  0x000001554c1bbab0 JavaThread "Reference Handler" daemon [_thread_blocked, id=10836, stack(0x00000006b3f00000,0x00000006b4000000)]
  0x000001554c1bd0c0 JavaThread "Finalizer" daemon [_thread_blocked, id=25308, stack(0x00000006b4000000,0x00000006b4100000)]
  0x000001554c1d60f0 JavaThread "Signal Dispatcher" daemon [_thread_blocked, id=3732, stack(0x00000006b4100000,0x00000006b4200000)]
  0x000001554c1d8d70 JavaThread "Attach Listener" daemon [_thread_blocked, id=28084, stack(0x00000006b4200000,0x00000006b4300000)]
  0x000001554c1daed0 JavaThread "Service Thread" daemon [_thread_blocked, id=13288, stack(0x00000006b4300000,0x00000006b4400000)]
  0x000001554c1dc020 JavaThread "Monitor Deflation Thread" daemon [_thread_blocked, id=19700, stack(0x00000006b4400000,0x00000006b4500000)]
  0x000001554c1e5f70 JavaThread "C1 CompilerThread0" daemon [_thread_blocked, id=5948, stack(0x00000006b4500000,0x00000006b4600000)]
  0x000001554c1e8d20 JavaThread "Sweeper thread" daemon [_thread_blocked, id=12528, stack(0x00000006b4600000,0x00000006b4700000)]
  0x0000015535ffd8e0 JavaThread "Common-Cleaner" daemon [_thread_blocked, id=26948, stack(0x00000006b4700000,0x00000006b4800000)]
  0x000001554cff4920 JavaThread "Monitor Ctrl-Break" daemon [_thread_in_native, id=29072, stack(0x00000006b4a00000,0x00000006b4b00000)]
  0x000001554cff4df0 JavaThread "Notification Thread" daemon [_thread_blocked, id=27940, stack(0x00000006b4b00000,0x00000006b4c00000)]
  0x000001554d1ba130 JavaThread "RMI TCP Accept-0" daemon [_thread_in_native, id=19420, stack(0x00000006b4c00000,0x00000006b4d00000)]
  0x000001554e88ebd0 JavaThread "RMI TCP Connection(1)-169.254.76.163" daemon [_thread_in_native, id=27308, stack(0x00000006b5200000,0x00000006b5300000)]
  0x000001554e926110 JavaThread "RMI Scheduler(0)" daemon [_thread_blocked, id=27356, stack(0x00000006b5300000,0x00000006b5400000)]
  0x000001554ee61580 JavaThread "Catalina-utility-1" [_thread_blocked, id=29024, stack(0x00000006b5400000,0x00000006b5500000)]
  0x000001554edb5020 JavaThread "Catalina-utility-2" [_thread_blocked, id=27712, stack(0x00000006b5500000,0x00000006b5600000)]
  0x000001554ee87440 JavaThread "container-0" [_thread_blocked, id=28996, stack(0x00000006b5600000,0x00000006b5700000)]
  0x000001554ee23450 JavaThread "mysql-cj-abandoned-connection-cleanup" daemon [_thread_blocked, id=29628, stack(0x00000006b5700000,0x00000006b5800000)]
  0x000001554f126bb0 JavaThread "HikariPool-1 housekeeper" daemon [_thread_blocked, id=9044, stack(0x00000006b5900000,0x00000006b5a00000)]
  0x000001554f125870 JavaThread "http-nio-8080-Poller" daemon [_thread_in_native, id=23616, stack(0x00000006b5b00000,0x00000006b5c00000)]
  0x000001554f127550 JavaThread "http-nio-8080-Acceptor" daemon [_thread_in_native, id=4028, stack(0x00000006b5c00000,0x00000006b5d00000)]
  0x000001554f124060 JavaThread "DestroyJavaVM" [_thread_blocked, id=19544, stack(0x00000006b3800000,0x00000006b3900000)]
  0x000001554f124ed0 JavaThread "RMI TCP Connection(2)-169.254.76.163" daemon [_thread_in_native, id=27096, stack(0x00000006b5d00000,0x00000006b5e00000)]
  0x000001554f127080 JavaThread "RMI TCP Connection(3)-169.254.76.163" daemon [_thread_in_native, id=28140, stack(0x00000006b5e00000,0x00000006b5f00000)]
  0x000001554f124a00 JavaThread "http-nio-8080-exec-1" daemon [_thread_blocked, id=27016, stack(0x00000006b4800000,0x00000006b4900000)]
  0x000001554f124530 JavaThread "http-nio-8080-exec-2" daemon [_thread_blocked, id=26656, stack(0x00000006b5a00000,0x00000006b5b00000)]
  0x000001554f1253a0 JavaThread "http-nio-8080-exec-3" daemon [_thread_blocked, id=27724, stack(0x00000006b4900000,0x00000006b4a00000)]

Other Threads:
=>0x000001554c1b6e60 VMThread "VM Thread" [stack: 0x00000006b3e00000,0x00000006b3f00000] [id=18536]
  0x000001554d208620 WatcherThread [stack: 0x00000006b4d00000,0x00000006b4e00000] [id=23212]
  0x0000015535f7d4c0 GCTaskThread "GC Thread#0" [stack: 0x00000006b3900000,0x00000006b3a00000] [id=23284]
  0x000001554d20cd40 GCTaskThread "GC Thread#1" [stack: 0x00000006b4e00000,0x00000006b4f00000] [id=28400]
  0x000001554d240d10 GCTaskThread "GC Thread#2" [stack: 0x00000006b4f00000,0x00000006b5000000] [id=27084]
  0x000001554d241440 GCTaskThread "GC Thread#3" [stack: 0x00000006b5000000,0x00000006b5100000] [id=10620]
  0x0000015535f8e310 ConcurrentGCThread "G1 Main Marker" [stack: 0x00000006b3a00000,0x00000006b3b00000] [id=16420]
  0x0000015535f8f4c0 ConcurrentGCThread "G1 Conc#0" [stack: 0x00000006b3b00000,0x00000006b3c00000] [id=20420]
  0x000001554c0824c0 ConcurrentGCThread "G1 Refine#0" [stack: 0x00000006b3c00000,0x00000006b3d00000] [id=29548]
  0x000001554d2416f0 ConcurrentGCThread "G1 Refine#1" [stack: 0x00000006b5100000,0x00000006b5200000] [id=28056]
  0x000001554c082ee0 ConcurrentGCThread "G1 Service" [stack: 0x00000006b3d00000,0x00000006b3e00000] [id=13216]

Threads with active compile tasks:

VM state: at safepoint (normal execution)

VM Mutex/Monitor currently owned by a thread:  ([mutex/lock_event])
[0x0000015535f28fc0] Threads_lock - owner thread: 0x000001554c1b6e60
[0x0000015535f28090] Heap_lock - owner thread: 0x000001554f1253a0

Heap address: 0x0000000700e00000, size: 4082 MB, Compressed Oops mode: Zero based, Oop shift amount: 3

CDS archive(s) mapped at: [0x0000000800000000-0x0000000800bc0000-0x0000000800bc0000), size 12320768, SharedBaseAddress: 0x0000000800000000, ArchiveRelocationMode: 0.
Compressed class space mapped at: 0x0000000800c00000-0x0000000840c00000, reserved size: 1073741824
Narrow klass base: 0x0000000800000000, Narrow klass shift: 0, Narrow klass range: 0x100000000

GC Precious Log:
 CPUs: 4 total, 4 available
 Memory: 16322M
 Large Page Support: Disabled
 NUMA Support: Disabled
 Compressed Oops: Enabled (Zero based)
 Heap Region Size: 2M
 Heap Min Capacity: 8M
 Heap Initial Capacity: 256M
 Heap Max Capacity: 4082M
 Pre-touch: Disabled
 Parallel Workers: 4
 Concurrent Workers: 1
 Concurrent Refinement Workers: 4
 Periodic GC: Disabled

Heap:
 garbage-first heap   total 122880K, used 28989K [0x0000000700e00000, 0x0000000800000000)
  region size 2048K, 3 young (6144K), 3 survivors (6144K)
 Metaspace       used 55447K, committed 55872K, reserved 1097728K
  class space    used 7722K, committed 7936K, reserved 1048576K

Heap Regions: E=young(eden), S=young(survivor), O=old, HS=humongous(starts), HC=humongous(continues), CS=collection set, F=free, OA=open archive, CA=closed archive, TAMS=top-at-mark-start (previous, next)
|   0|0x0000000700e00000, 0x0000000701000000, 0x0000000701000000|100%| O|  |TAMS 0x0000000701000000, 0x0000000700e00000| Untracked 
|   1|0x0000000701000000, 0x0000000701200000, 0x0000000701200000|100%| O|  |TAMS 0x0000000701200000, 0x0000000701000000| Untracked 
|   2|0x0000000701200000, 0x0000000701400000, 0x0000000701400000|100%| O|  |TAMS 0x0000000701400000, 0x0000000701200000| Untracked 
|   3|0x0000000701400000, 0x0000000701600000, 0x0000000701600000|100%| O|  |TAMS 0x0000000701600000, 0x0000000701400000| Untracked 
|   4|0x0000000701600000, 0x0000000701800000, 0x0000000701800000|100%| O|  |TAMS 0x0000000701800000, 0x0000000701600000| Untracked 
|   5|0x0000000701800000, 0x0000000701a00000, 0x0000000701a00000|100%| O|  |TAMS 0x0000000701a00000, 0x0000000701800000| Untracked 
|   6|0x0000000701a00000, 0x0000000701c00000, 0x0000000701c00000|100%| O|  |TAMS 0x0000000701a67000, 0x0000000701a00000| Untracked 
|   7|0x0000000701c00000, 0x0000000701c6c600, 0x0000000701e00000| 21%| O|  |TAMS 0x0000000701c00000, 0x0000000701c00000| Untracked 
|   8|0x0000000701e00000, 0x0000000701e00000, 0x0000000702000000|  0%| F|  |TAMS 0x0000000701e00000, 0x0000000701e00000| Untracked 
|   9|0x0000000702000000, 0x0000000702200000, 0x0000000702200000|100%| O|  |TAMS 0x0000000702200000, 0x0000000702000000| Untracked 
|  10|0x0000000702200000, 0x0000000702400000, 0x0000000702400000|100%| O|  |TAMS 0x0000000702400000, 0x0000000702200000| Untracked 
|  11|0x0000000702400000, 0x0000000702600000, 0x0000000702600000|100%| O|  |TAMS 0x0000000702600000, 0x0000000702400000| Untracked 
|  12|0x0000000702600000, 0x0000000702800000, 0x0000000702800000|100%| O|  |TAMS 0x0000000702800000, 0x0000000702600000| Untracked 
|  13|0x0000000702800000, 0x0000000702800000, 0x0000000702a00000|  0%| F|  |TAMS 0x0000000702800000, 0x0000000702800000| Untracked 
|  14|0x0000000702a00000, 0x0000000702a00000, 0x0000000702c00000|  0%| F|  |TAMS 0x0000000702a00000, 0x0000000702a00000| Untracked 
|  15|0x0000000702c00000, 0x0000000702c00000, 0x0000000702e00000|  0%| F|  |TAMS 0x0000000702c00000, 0x0000000702c00000| Untracked 
|  16|0x0000000702e00000, 0x0000000702fe2fd0, 0x0000000703000000| 94%| S|CS|TAMS 0x0000000702e00000, 0x0000000702e00000| Complete 
|  17|0x0000000703000000, 0x0000000703000000, 0x0000000703200000|  0%| F|  |TAMS 0x0000000703000000, 0x0000000703000000| Untracked 
|  18|0x0000000703200000, 0x0000000703400000, 0x0000000703400000|100%| S|CS|TAMS 0x0000000703200000, 0x0000000703200000| Complete 
|  19|0x0000000703400000, 0x0000000703600000, 0x0000000703600000|100%| S|CS|TAMS 0x0000000703400000, 0x0000000703400000| Complete 
|  20|0x0000000703600000, 0x0000000703600000, 0x0000000703800000|  0%| F|  |TAMS 0x0000000703600000, 0x0000000703600000| Untracked 
|  21|0x0000000703800000, 0x0000000703800000, 0x0000000703a00000|  0%| F|  |TAMS 0x0000000703800000, 0x0000000703800000| Untracked 
|  22|0x0000000703a00000, 0x0000000703a00000, 0x0000000703c00000|  0%| F|  |TAMS 0x0000000703a00000, 0x0000000703a00000| Untracked 
|  23|0x0000000703c00000, 0x0000000703c00000, 0x0000000703e00000|  0%| F|  |TAMS 0x0000000703c00000, 0x0000000703c00000| Untracked 
|  24|0x0000000703e00000, 0x0000000703e00000, 0x0000000704000000|  0%| F|  |TAMS 0x0000000703e00000, 0x0000000703e00000| Untracked 
|  25|0x0000000704000000, 0x0000000704000000, 0x0000000704200000|  0%| F|  |TAMS 0x0000000704000000, 0x0000000704000000| Untracked 
|  26|0x0000000704200000, 0x0000000704200000, 0x0000000704400000|  0%| F|  |TAMS 0x0000000704200000, 0x0000000704200000| Untracked 
|  27|0x0000000704400000, 0x0000000704400000, 0x0000000704600000|  0%| F|  |TAMS 0x0000000704400000, 0x0000000704400000| Untracked 
|  28|0x0000000704600000, 0x0000000704600000, 0x0000000704800000|  0%| F|  |TAMS 0x0000000704600000, 0x0000000704600000| Untracked 
|  29|0x0000000704800000, 0x0000000704800000, 0x0000000704a00000|  0%| F|  |TAMS 0x0000000704800000, 0x0000000704800000| Untracked 
|  30|0x0000000704a00000, 0x0000000704a00000, 0x0000000704c00000|  0%| F|  |TAMS 0x0000000704a00000, 0x0000000704a00000| Untracked 
|  31|0x0000000704c00000, 0x0000000704c00000, 0x0000000704e00000|  0%| F|  |TAMS 0x0000000704c00000, 0x0000000704c00000| Untracked 
|  32|0x0000000704e00000, 0x0000000704e00000, 0x0000000705000000|  0%| F|  |TAMS 0x0000000704e00000, 0x0000000704e00000| Untracked 
|  33|0x0000000705000000, 0x0000000705000000, 0x0000000705200000|  0%| F|  |TAMS 0x0000000705000000, 0x0000000705000000| Untracked 
|  34|0x0000000705200000, 0x0000000705200000, 0x0000000705400000|  0%| F|  |TAMS 0x0000000705200000, 0x0000000705200000| Untracked 
|  35|0x0000000705400000, 0x0000000705400000, 0x0000000705600000|  0%| F|  |TAMS 0x0000000705400000, 0x0000000705400000| Untracked 
|  36|0x0000000705600000, 0x0000000705600000, 0x0000000705800000|  0%| F|  |TAMS 0x0000000705600000, 0x0000000705600000| Untracked 
|  37|0x0000000705800000, 0x0000000705800000, 0x0000000705a00000|  0%| F|  |TAMS 0x0000000705800000, 0x0000000705800000| Untracked 
|  38|0x0000000705a00000, 0x0000000705a00000, 0x0000000705c00000|  0%| F|  |TAMS 0x0000000705a00000, 0x0000000705a00000| Untracked 
|  39|0x0000000705c00000, 0x0000000705c00000, 0x0000000705e00000|  0%| F|  |TAMS 0x0000000705c00000, 0x0000000705c00000| Untracked 
|  40|0x0000000705e00000, 0x0000000705e00000, 0x0000000706000000|  0%| F|  |TAMS 0x0000000705e00000, 0x0000000705e00000| Untracked 
|  41|0x0000000706000000, 0x0000000706000000, 0x0000000706200000|  0%| F|  |TAMS 0x0000000706000000, 0x0000000706000000| Untracked 
|  42|0x0000000706200000, 0x0000000706200000, 0x0000000706400000|  0%| F|  |TAMS 0x0000000706200000, 0x0000000706200000| Untracked 
|  43|0x0000000706400000, 0x0000000706400000, 0x0000000706600000|  0%| F|  |TAMS 0x0000000706400000, 0x0000000706400000| Untracked 
|  44|0x0000000706600000, 0x0000000706600000, 0x0000000706800000|  0%| F|  |TAMS 0x0000000706600000, 0x0000000706600000| Untracked 
|  45|0x0000000706800000, 0x0000000706800000, 0x0000000706a00000|  0%| F|  |TAMS 0x0000000706800000, 0x0000000706800000| Untracked 
|  46|0x0000000706a00000, 0x0000000706a00000, 0x0000000706c00000|  0%| F|  |TAMS 0x0000000706a00000, 0x0000000706a00000| Untracked 
|  47|0x0000000706c00000, 0x0000000706c00000, 0x0000000706e00000|  0%| F|  |TAMS 0x0000000706c00000, 0x0000000706c00000| Untracked 
|  48|0x0000000706e00000, 0x0000000706e00000, 0x0000000707000000|  0%| F|  |TAMS 0x0000000706e00000, 0x0000000706e00000| Untracked 
|  49|0x0000000707000000, 0x0000000707000000, 0x0000000707200000|  0%| F|  |TAMS 0x0000000707000000, 0x0000000707000000| Untracked 
|  50|0x0000000707200000, 0x0000000707200000, 0x0000000707400000|  0%| F|  |TAMS 0x0000000707200000, 0x0000000707200000| Untracked 
|  51|0x0000000707400000, 0x0000000707400000, 0x0000000707600000|  0%| F|  |TAMS 0x0000000707400000, 0x0000000707400000| Untracked 
|  52|0x0000000707600000, 0x0000000707600000, 0x0000000707800000|  0%| F|  |TAMS 0x0000000707600000, 0x0000000707600000| Untracked 
|  53|0x0000000707800000, 0x0000000707800000, 0x0000000707a00000|  0%| F|  |TAMS 0x0000000707800000, 0x0000000707800000| Untracked 
|  54|0x0000000707a00000, 0x0000000707a00000, 0x0000000707c00000|  0%| F|  |TAMS 0x0000000707a00000, 0x0000000707a00000| Untracked 
|  55|0x0000000707c00000, 0x0000000707c00000, 0x0000000707e00000|  0%| F|  |TAMS 0x0000000707c00000, 0x0000000707c00000| Untracked 
|  56|0x0000000707e00000, 0x0000000707e00000, 0x0000000708000000|  0%| F|  |TAMS 0x0000000707e00000, 0x0000000707e00000| Untracked 
|  57|0x0000000708000000, 0x0000000708000000, 0x0000000708200000|  0%| F|  |TAMS 0x0000000708000000, 0x0000000708000000| Untracked 
|  58|0x0000000708200000, 0x0000000708200000, 0x0000000708400000|  0%| F|  |TAMS 0x0000000708200000, 0x0000000708200000| Untracked 
| 127|0x0000000710c00000, 0x0000000710c00000, 0x0000000710e00000|  0%| F|  |TAMS 0x0000000710c00000, 0x0000000710c00000| Untracked 

Card table byte_map: [0x0000015540f70000,0x0000015541770000] _byte_map_base: 0x000001553d769000

Marking Bits (Prev, Next): (CMBitMap*) 0x0000015535f7db10, (CMBitMap*) 0x0000015535f7dad0
 Prev Bits: [0x0000015545f40000, 0x0000015549f08000)
 Next Bits: [0x0000015541f70000, 0x0000015545f38000)

Polling page: 0x0000015533da0000

Metaspace:

Usage:
  Non-class:     46.61 MB used.
      Class:      7.54 MB used.
       Both:     54.15 MB used.

Virtual space:
  Non-class space:       48.00 MB reserved,      46.81 MB ( 98%) committed,  6 nodes.
      Class space:        1.00 GB reserved,       7.75 MB ( <1%) committed,  1 nodes.
             Both:        1.05 GB reserved,      54.56 MB (  5%) committed. 

Chunk freelists:
   Non-Class:  736.00 KB
       Class:  304.00 KB
        Both:  1.02 MB

MaxMetaspaceSize: unlimited
CompressedClassSpaceSize: 1.00 GB
Initial GC threshold: 21.00 MB
Current GC threshold: 78.25 MB
CDS: on
MetaspaceReclaimPolicy: balanced
 - commit_granule_bytes: 65536.
 - commit_granule_words: 8192.
 - virtual_space_node_default_size: 1048576.
 - enlarge_chunks_in_place: 1.
 - new_chunks_are_fully_committed: 0.
 - uncommit_free_chunks: 1.
 - use_allocation_guard: 0.
 - handle_deallocations: 1.


Internal statistics:

num_allocs_failed_limit: 9.
num_arena_births: 538.
num_arena_deaths: 0.
num_vsnodes_births: 7.
num_vsnodes_deaths: 0.
num_space_committed: 873.
num_space_uncommitted: 0.
num_chunks_returned_to_freelist: 9.
num_chunks_taken_from_freelist: 2454.
num_chunk_merges: 9.
num_chunk_splits: 1757.
num_chunks_enlarged: 1356.
num_purges: 0.
num_inconsistent_stats: 0.

CodeCache: size=49152Kb used=10076Kb max_used=10885Kb free=39076Kb
 bounds [0x000001553d770000, 0x000001553e220000, 0x0000015540770000]
 total_blobs=6144 nmethods=5481 adapters=590
 compilation: enabled
              stopped_count=0, restarted_count=0
 full_count=0

Compilation events (20 events):
Event: 20.704 Thread 0x000001554c1e5f70 5472       1       antlr.CharQueue::elementAt (17 bytes)
Event: 20.704 Thread 0x000001554c1e5f70 nmethod 5472 0x000001553d8cf990 code [0x000001553d8cfb20, 0x000001553d8cfc18]
Event: 20.704 Thread 0x000001554c1e5f70 5473       1       antlr.CharScanner::LA (35 bytes)
Event: 20.705 Thread 0x000001554c1e5f70 nmethod 5473 0x000001553d8cf210 code [0x000001553d8cf3e0, 0x000001553d8cf698]
Event: 20.705 Thread 0x000001554c1e5f70 5474       1       antlr.Token::getType (5 bytes)
Event: 20.705 Thread 0x000001554c1e5f70 nmethod 5474 0x000001553d8cef10 code [0x000001553d8cf0a0, 0x000001553d8cf178]
Event: 20.705 Thread 0x000001554c1e5f70 5475       1       antlr.ANTLRStringBuffer::length (5 bytes)
Event: 20.705 Thread 0x000001554c1e5f70 nmethod 5475 0x000001553d8cec10 code [0x000001553d8ceda0, 0x000001553d8cee78]
Event: 20.705 Thread 0x000001554c1e5f70 5476       1       java.util.regex.Pattern$CharPropertyGreedy::match (160 bytes)
Event: 20.706 Thread 0x000001554c1e5f70 nmethod 5476 0x000001553d8ce490 code [0x000001553d8ce680, 0x000001553d8cea08]
Event: 20.706 Thread 0x000001554c1e5f70 5479       1       java.util.regex.Pattern$BmpCharPredicate$$Lambda$831/0x00000008010e9e38::is (15 bytes)
Event: 20.706 Thread 0x000001554c1e5f70 nmethod 5479 0x000001553d8ce190 code [0x000001553d8ce320, 0x000001553d8ce428]
Event: 20.706 Thread 0x000001554c1e5f70 5480       1       java.util.regex.Pattern$BmpCharPredicate::lambda$union$3 (26 bytes)
Event: 20.706 Thread 0x000001554c1e5f70 nmethod 5480 0x000001553d8cdd90 code [0x000001553d8cdf40, 0x000001553d8ce098]
Event: 20.706 Thread 0x000001554c1e5f70 5478       1       antlr.BaseAST::getFirstChild (5 bytes)
Event: 20.706 Thread 0x000001554c1e5f70 nmethod 5478 0x000001553d8cda90 code [0x000001553d8cdc20, 0x000001553d8cdcf8]
Event: 20.706 Thread 0x000001554c1e5f70 5477       1       antlr.BaseAST::getNextSibling (5 bytes)
Event: 20.706 Thread 0x000001554c1e5f70 nmethod 5477 0x000001553d8cd790 code [0x000001553d8cd920, 0x000001553d8cd9f8]
Event: 20.710 Thread 0x000001554c1e5f70 5481       1       java.util.Locale::getVariant (8 bytes)
Event: 20.710 Thread 0x000001554c1e5f70 nmethod 5481 0x000001553d8cd490 code [0x000001553d8cd620, 0x000001553d8cd6f8]

GC Heap History (20 events):
Event: 0.711 GC heap after
{Heap after GC invocations=2 (full 0):
 garbage-first heap   total 262144K, used 7297K [0x0000000700e00000, 0x0000000800000000)
  region size 2048K, 1 young (2048K), 1 survivors (2048K)
 Metaspace       used 7194K, committed 7360K, reserved 1056768K
  class space    used 893K, committed 960K, reserved 1048576K
}
Event: 0.949 GC heap before
{Heap before GC invocations=2 (full 0):
 garbage-first heap   total 262144K, used 25729K [0x0000000700e00000, 0x0000000800000000)
  region size 2048K, 10 young (20480K), 1 survivors (2048K)
 Metaspace       used 11205K, committed 11456K, reserved 1064960K
  class space    used 1478K, committed 1600K, reserved 1048576K
}
Event: 0.951 GC heap after
{Heap after GC invocations=3 (full 0):
 garbage-first heap   total 262144K, used 8560K [0x0000000700e00000, 0x0000000800000000)
  region size 2048K, 2 young (4096K), 2 survivors (4096K)
 Metaspace       used 11205K, committed 11456K, reserved 1064960K
  class space    used 1478K, committed 1600K, reserved 1048576K
}
Event: 1.989 GC heap before
{Heap before GC invocations=3 (full 0):
 garbage-first heap   total 262144K, used 80240K [0x0000000700e00000, 0x0000000800000000)
  region size 2048K, 38 young (77824K), 2 survivors (4096K)
 Metaspace       used 21197K, committed 21504K, reserved 1073152K
  class space    used 2930K, committed 3072K, reserved 1048576K
}
Event: 1.996 GC heap after
{Heap after GC invocations=4 (full 0):
 garbage-first heap   total 262144K, used 13786K [0x0000000700e00000, 0x0000000800000000)
  region size 2048K, 4 young (8192K), 4 survivors (8192K)
 Metaspace       used 21197K, committed 21504K, reserved 1073152K
  class space    used 2930K, committed 3072K, reserved 1048576K
}
Event: 2.447 GC heap before
{Heap before GC invocations=5 (full 0):
 garbage-first heap   total 55296K, used 40410K [0x0000000700e00000, 0x0000000800000000)
  region size 2048K, 18 young (36864K), 4 survivors (8192K)
 Metaspace       used 24464K, committed 24832K, reserved 1073152K
  class space    used 3373K, committed 3584K, reserved 1048576K
}
Event: 2.455 GC heap after
{Heap after GC invocations=6 (full 0):
 garbage-first heap   total 55296K, used 15924K [0x0000000700e00000, 0x0000000800000000)
  region size 2048K, 5 young (10240K), 5 survivors (10240K)
 Metaspace       used 24464K, committed 24832K, reserved 1073152K
  class space    used 3373K, committed 3584K, reserved 1048576K
}
Event: 2.462 GC heap before
{Heap before GC invocations=6 (full 0):
 garbage-first heap   total 55296K, used 17972K [0x0000000700e00000, 0x0000000800000000)
  region size 2048K, 6 young (12288K), 5 survivors (10240K)
 Metaspace       used 24464K, committed 24832K, reserved 1073152K
  class space    used 3373K, committed 3584K, reserved 1048576K
}
Event: 2.469 GC heap after
{Heap after GC invocations=7 (full 0):
 garbage-first heap   total 159744K, used 16399K [0x0000000700e00000, 0x0000000800000000)
  region size 2048K, 1 young (2048K), 1 survivors (2048K)
 Metaspace       used 24464K, committed 24832K, reserved 1073152K
  class space    used 3373K, committed 3584K, reserved 1048576K
}
Event: 3.037 GC heap before
{Heap before GC invocations=7 (full 0):
 garbage-first heap   total 159744K, used 51215K [0x0000000700e00000, 0x0000000800000000)
  region size 2048K, 19 young (38912K), 1 survivors (2048K)
 Metaspace       used 36056K, committed 36416K, reserved 1081344K
  class space    used 4952K, committed 5120K, reserved 1048576K
}
Event: 3.041 GC heap after
{Heap after GC invocations=8 (full 0):
 garbage-first heap   total 159744K, used 18895K [0x0000000700e00000, 0x0000000800000000)
  region size 2048K, 2 young (4096K), 2 survivors (4096K)
 Metaspace       used 36056K, committed 36416K, reserved 1081344K
  class space    used 4952K, committed 5120K, reserved 1048576K
}
Event: 3.464 GC heap before
{Heap before GC invocations=9 (full 0):
 garbage-first heap   total 75776K, used 59855K [0x0000000700e00000, 0x0000000800000000)
  region size 2048K, 22 young (45056K), 2 survivors (4096K)
 Metaspace       used 43486K, committed 43840K, reserved 1089536K
  class space    used 6063K, committed 6208K, reserved 1048576K
}
Event: 3.468 GC heap after
{Heap after GC invocations=10 (full 0):
 garbage-first heap   total 75776K, used 20998K [0x0000000700e00000, 0x0000000800000000)
  region size 2048K, 2 young (4096K), 2 survivors (4096K)
 Metaspace       used 43486K, committed 43840K, reserved 1089536K
  class space    used 6063K, committed 6208K, reserved 1048576K
}
Event: 3.511 GC heap before
{Heap before GC invocations=10 (full 0):
 garbage-first heap   total 75776K, used 23046K [0x0000000700e00000, 0x0000000800000000)
  region size 2048K, 3 young (6144K), 2 survivors (4096K)
 Metaspace       used 44017K, committed 44416K, reserved 1089536K
  class space    used 6132K, committed 6336K, reserved 1048576K
}
Event: 3.514 GC heap after
{Heap after GC invocations=11 (full 0):
 garbage-first heap   total 75776K, used 21314K [0x0000000700e00000, 0x0000000800000000)
  region size 2048K, 1 young (2048K), 1 survivors (2048K)
 Metaspace       used 44017K, committed 44416K, reserved 1089536K
  class space    used 6132K, committed 6336K, reserved 1048576K
}
Event: 3.804 GC heap before
{Heap before GC invocations=11 (full 0):
 garbage-first heap   total 75776K, used 54082K [0x0000000700e00000, 0x0000000800000000)
  region size 2048K, 17 young (34816K), 1 survivors (2048K)
 Metaspace       used 47366K, committed 47808K, reserved 1097728K
  class space    used 6603K, committed 6784K, reserved 1048576K
}
Event: 3.807 GC heap after
{Heap after GC invocations=12 (full 0):
 garbage-first heap   total 75776K, used 23312K [0x0000000700e00000, 0x0000000800000000)
  region size 2048K, 2 young (4096K), 2 survivors (4096K)
 Metaspace       used 47366K, committed 47808K, reserved 1097728K
  class space    used 6603K, committed 6784K, reserved 1048576K
}
Event: 4.153 GC heap before
{Heap before GC invocations=13 (full 0):
 garbage-first heap   total 75776K, used 54032K [0x0000000700e00000, 0x0000000800000000)
  region size 2048K, 17 young (34816K), 2 survivors (4096K)
 Metaspace       used 50334K, committed 50752K, reserved 1097728K
  class space    used 7057K, committed 7296K, reserved 1048576K
}
Event: 4.157 GC heap after
{Heap after GC invocations=14 (full 0):
 garbage-first heap   total 75776K, used 25684K [0x0000000700e00000, 0x0000000800000000)
  region size 2048K, 3 young (6144K), 3 survivors (6144K)
 Metaspace       used 50334K, committed 50752K, reserved 1097728K
  class space    used 7057K, committed 7296K, reserved 1048576K
}
Event: 20.722 GC heap before
{Heap before GC invocations=14 (full 0):
 garbage-first heap   total 75776K, used 54356K [0x0000000700e00000, 0x0000000800000000)
  region size 2048K, 18 young (36864K), 3 survivors (6144K)
 Metaspace       used 55447K, committed 55872K, reserved 1097728K
  class space    used 7722K, committed 7936K, reserved 1048576K
}

Deoptimization events (16 events):
Event: 0.622 Thread 0x0000015535f2c9b0 DEOPT PACKING pc=0x000001553da4a801 sp=0x00000006b38fdd70
Event: 0.622 Thread 0x0000015535f2c9b0 DEOPT UNPACKING pc=0x000001553d7c2b43 sp=0x00000006b38fd1c8 mode 3
Event: 0.970 Thread 0x0000015535f2c9b0 DEOPT PACKING pc=0x000001553dc6b5f9 sp=0x00000006b38fd820
Event: 0.970 Thread 0x0000015535f2c9b0 DEOPT UNPACKING pc=0x000001553d7c2b43 sp=0x00000006b38fcd00 mode 3
Event: 1.612 Thread 0x0000015535f2c9b0 DEOPT PACKING pc=0x000001553dc9ffd4 sp=0x00000006b38fdc50
Event: 1.612 Thread 0x0000015535f2c9b0 DEOPT UNPACKING pc=0x000001553d7c2b43 sp=0x00000006b38fd1a8 mode 0
Event: 1.776 Thread 0x0000015535f2c9b0 DEOPT PACKING pc=0x000001553de69701 sp=0x00000006b38fd260
Event: 1.776 Thread 0x0000015535f2c9b0 DEOPT UNPACKING pc=0x000001553d7c2b43 sp=0x00000006b38fc6d0 mode 3
Event: 2.407 Thread 0x0000015535f2c9b0 DEOPT PACKING pc=0x000001553df341e5 sp=0x00000006b38fca20
Event: 2.407 Thread 0x0000015535f2c9b0 DEOPT UNPACKING pc=0x000001553d7c2b43 sp=0x00000006b38fbf88 mode 3
Event: 2.419 Thread 0x0000015535f2c9b0 DEOPT PACKING pc=0x000001553dc83709 sp=0x00000006b38fec90
Event: 2.419 Thread 0x0000015535f2c9b0 DEOPT UNPACKING pc=0x000001553d7c2b43 sp=0x00000006b38fe120 mode 3
Event: 2.419 Thread 0x000001554edb5020 DEOPT PACKING pc=0x000001553dc5091f sp=0x00000006b55feb90
Event: 2.419 Thread 0x000001554edb5020 DEOPT UNPACKING pc=0x000001553d7c2b43 sp=0x00000006b55fdfe8 mode 3
Event: 3.582 Thread 0x0000015535f2c9b0 DEOPT PACKING pc=0x000001553dcb6ed2 sp=0x00000006b38fc310
Event: 3.582 Thread 0x0000015535f2c9b0 DEOPT UNPACKING pc=0x000001553d7c2b43 sp=0x00000006b38fb818 mode 3

Classes unloaded (0 events):
No events

Classes redefined (0 events):
No events

Internal exceptions (20 events):
Event: 3.771 Thread 0x0000015535f2c9b0 Exception <a 'java/lang/ClassNotFoundException'{0x0000000703a19d88}: org/springframework/beans/factory/AwareCustomizer> (0x0000000703a19d88) 
thrown [t:\workspace\open\src\hotspot\share\classfile\systemDictionary.cpp, line 256]
Event: 3.771 Thread 0x0000015535f2c9b0 Exception <a 'java/lang/ClassNotFoundException'{0x0000000703a1e3d8}: org/springframework/web/context/ServletContextAwareCustomizer> (0x0000000703a1e3d8) 
thrown [t:\workspace\open\src\hotspot\share\classfile\systemDictionary.cpp, line 256]
Event: 3.771 Thread 0x0000015535f2c9b0 Exception <a 'java/lang/ClassNotFoundException'{0x0000000703a23a78}: org/springframework/beans/factory/AwareCustomizer> (0x0000000703a23a78) 
thrown [t:\workspace\open\src\hotspot\share\classfile\systemDictionary.cpp, line 256]
Event: 3.809 Thread 0x0000015535f2c9b0 Exception <a 'java/lang/reflect/InvocationTargetException'{0x0000000710c46050}> (0x0000000710c46050) 
thrown [t:\workspace\open\src\hotspot\share\runtime\reflection.cpp, line 1121]
Event: 3.823 Thread 0x000001554e88ebd0 Exception <a 'java/lang/reflect/InvocationTargetException'{0x0000000710db6020}> (0x0000000710db6020) 
thrown [t:\workspace\open\src\hotspot\share\runtime\reflection.cpp, line 1121]
Event: 3.827 Thread 0x0000015535f2c9b0 Exception <a 'java/lang/ClassNotFoundException'{0x000000070821b4c0}: java/lang/ObjectCustomizer> (0x000000070821b4c0) 
thrown [t:\workspace\open\src\hotspot\share\classfile\systemDictionary.cpp, line 256]
Event: 3.827 Thread 0x0000015535f2c9b0 Exception <a 'java/lang/ClassNotFoundException'{0x0000000708223a70}: org/springframework/security/config/annotation/web/configuration/WebSecurityConfigurationCustomizer> (0x0000000708223a70) 
thrown [t:\workspace\open\src\hotspot\share\classfile\systemDictionary.cpp, line 256]
Event: 3.828 Thread 0x0000015535f2c9b0 Exception <a 'java/lang/ClassNotFoundException'{0x0000000708232a28}: org/springframework/context/annotation/ImportAwareCustomizer> (0x0000000708232a28) 
thrown [t:\workspace\open\src\hotspot\share\classfile\systemDictionary.cpp, line 256]
Event: 3.828 Thread 0x0000015535f2c9b0 Exception <a 'java/lang/ClassNotFoundException'{0x0000000708237cd8}: org/springframework/beans/factory/AwareCustomizer> (0x0000000708237cd8) 
thrown [t:\workspace\open\src\hotspot\share\classfile\systemDictionary.cpp, line 256]
Event: 3.828 Thread 0x0000015535f2c9b0 Exception <a 'java/lang/ClassNotFoundException'{0x000000070823c498}: org/springframework/beans/factory/BeanClassLoaderAwareCustomizer> (0x000000070823c498) 
thrown [t:\workspace\open\src\hotspot\share\classfile\systemDictionary.cpp, line 256]
Event: 3.828 Thread 0x0000015535f2c9b0 Exception <a 'java/lang/ClassNotFoundException'{0x0000000708241728}: org/springframework/beans/factory/AwareCustomizer> (0x0000000708241728) 
thrown [t:\workspace\open\src\hotspot\share\classfile\systemDictionary.cpp, line 256]
Event: 3.942 Thread 0x0000015535f2c9b0 Exception <a 'java/lang/ClassNotFoundException'{0x0000000704db8860}: java/lang/ObjectCustomizer> (0x0000000704db8860) 
thrown [t:\workspace\open\src\hotspot\share\classfile\systemDictionary.cpp, line 256]
Event: 3.942 Thread 0x0000015535f2c9b0 Exception <a 'java/lang/ClassNotFoundException'{0x0000000704dc0e10}: org/springframework/security/config/annotation/web/configuration/HttpSecurityConfigurationCustomizer> (0x0000000704dc0e10) 
thrown [t:\workspace\open\src\hotspot\share\classfile\systemDictionary.cpp, line 256]
Event: 4.035 Thread 0x0000015535f2c9b0 Exception <a 'java/lang/NoSuchMethodError'{0x0000000704296d30}: 'void java.lang.invoke.DirectMethodHandle$Holder.invokeVirtual(java.lang.Object, java.lang.Object, int)'> (0x0000000704296d30) 
thrown [t:\workspace\open\src\hotspot\share\interpreter\linkResolver.cpp, line 766]
Event: 4.036 Thread 0x0000015535f2c9b0 Exception <a 'java/lang/NoSuchMethodError'{0x00000007042b18d8}: 'void java.lang.invoke.DirectMethodHandle$Holder.invokeVirtual(java.lang.Object, java.lang.Object, long)'> (0x00000007042b18d8) 
thrown [t:\workspace\open\src\hotspot\share\interpreter\linkResolver.cpp, line 766]
Event: 4.125 Thread 0x0000015535f2c9b0 Exception <a 'java/lang/IncompatibleClassChangeError'{0x0000000703a15f38}: Found class java.lang.Object, but interface was expected> (0x0000000703a15f38) 
thrown [t:\workspace\open\src\hotspot\share\interpreter\linkResolver.cpp, line 833]
Event: 4.261 Thread 0x0000015535f2c9b0 Exception <a 'java/lang/NoSuchMethodError'{0x0000000704fd4178}: 'java.lang.Object java.lang.invoke.DirectMethodHandle$Holder.invokeSpecial(java.lang.Object, java.lang.Object, int, java.lang.Object, int, java.lang.Object)'> (0x0000000704fd4178) 
thrown [t:\workspace\open\src\hotspot\share\interpreter\linkResolver.cpp, line 766]
Event: 4.262 Thread 0x0000015535f2c9b0 Exception <a 'java/lang/NoSuchMethodError'{0x0000000704fdbf78}: 'java.lang.Object java.lang.invoke.DirectMethodHandle$Holder.newInvokeSpecial(java.lang.Object, java.lang.Object, int, java.lang.Object, int)'> (0x0000000704fdbf78) 
thrown [t:\workspace\open\src\hotspot\share\interpreter\linkResolver.cpp, line 766]
Event: 4.262 Thread 0x0000015535f2c9b0 Exception <a 'java/lang/NoSuchMethodError'{0x0000000704fe0078}: 'java.lang.Object java.lang.invoke.DirectMethodHandle$Holder.invokeSpecial(java.lang.Object, java.lang.Object, java.lang.Object, int, java.lang.Object, int)'> (0x0000000704fe0078) 
thrown [t:\workspace\open\src\hotspot\share\interpreter\linkResolver.cpp, line 766]
Event: 4.263 Thread 0x0000015535f2c9b0 Exception <a 'java/lang/NoSuchMethodError'{0x0000000704fea2e8}: 'void java.lang.invoke.DirectMethodHandle$Holder.invokeVirtual(java.lang.Object, java.lang.Object)'> (0x0000000704fea2e8) 
thrown [t:\workspace\open\src\hotspot\share\interpreter\linkResolver.cpp, line 766]

VM Operations (20 events):
Event: 4.086 Executing VM operation: HandshakeAllThreads done
Event: 4.112 Executing VM operation: HandshakeAllThreads
Event: 4.112 Executing VM operation: HandshakeAllThreads done
Event: 4.152 Executing VM operation: G1CollectForAllocation
Event: 4.157 Executing VM operation: G1CollectForAllocation done
Event: 5.172 Executing VM operation: Cleanup
Event: 5.172 Executing VM operation: Cleanup done
Event: 18.391 Executing VM operation: HandshakeAllThreads
Event: 18.391 Executing VM operation: HandshakeAllThreads done
Event: 18.391 Executing VM operation: Cleanup
Event: 18.391 Executing VM operation: Cleanup done
Event: 18.407 Executing VM operation: HandshakeAllThreads
Event: 18.407 Executing VM operation: HandshakeAllThreads done
Event: 18.430 Executing VM operation: HandshakeAllThreads
Event: 18.430 Executing VM operation: HandshakeAllThreads done
Event: 18.437 Executing VM operation: HandshakeAllThreads
Event: 18.437 Executing VM operation: HandshakeAllThreads done
Event: 19.444 Executing VM operation: Cleanup
Event: 19.444 Executing VM operation: Cleanup done
Event: 20.722 Executing VM operation: G1CollectForAllocation

Events (20 events):
Event: 18.362 loading class java/lang/invoke/ConstantBootstraps done
Event: 18.363 Thread 0x000001554f124a00 Thread added: 0x000001554f124a00
Event: 18.385 loading class sun/nio/cs/ThreadLocalCoders
Event: 18.385 loading class sun/nio/cs/ThreadLocalCoders done
Event: 18.385 loading class sun/nio/cs/ThreadLocalCoders$1
Event: 18.385 loading class sun/nio/cs/ThreadLocalCoders$Cache
Event: 18.385 loading class sun/nio/cs/ThreadLocalCoders$Cache done
Event: 18.385 loading class sun/nio/cs/ThreadLocalCoders$1 done
Event: 18.385 loading class sun/nio/cs/ThreadLocalCoders$2
Event: 18.385 loading class sun/nio/cs/ThreadLocalCoders$2 done
Event: 18.385 loading class java/io/StringReader
Event: 18.385 loading class java/io/StringReader done
Event: 18.407 loading class java/lang/InheritableThreadLocal
Event: 18.407 loading class java/lang/InheritableThreadLocal done
Event: 18.466 Thread 0x000001554ccb1f70 Thread added: 0x000001554ccb1f70
Event: 18.483 loading class java/util/EnumMap$EntryIterator$Entry
Event: 18.483 loading class java/util/EnumMap$EntryIterator$Entry done
Event: 19.409 Thread 0x000001554f124530 Thread added: 0x000001554f124530
Event: 19.411 Thread 0x000001554ccb1f70 Thread exited: 0x000001554ccb1f70
Event: 20.673 Thread 0x000001554f1253a0 Thread added: 0x000001554f1253a0


Dynamic libraries:
0x00007ff7bbeb0000 - 0x00007ff7bbebe000 	D:\SDK\bin\java.exe
0x00007ff910310000 - 0x00007ff910507000 	C:\WINDOWS\SYSTEM32\ntdll.dll
0x00007ff90ecc0000 - 0x00007ff90ed7d000 	C:\WINDOWS\System32\KERNEL32.DLL
0x00007ff90d3b0000 - 0x00007ff90d67d000 	C:\WINDOWS\System32\KERNELBASE.dll
0x00007ff90d170000 - 0x00007ff90d270000 	C:\WINDOWS\System32\ucrtbase.dll
0x00007ff904430000 - 0x00007ff90444a000 	D:\SDK\bin\VCRUNTIME140.dll
0x00007ff8f4a40000 - 0x00007ff8f4a58000 	D:\SDK\bin\jli.dll
0x00007ff90fce0000 - 0x00007ff90fe80000 	C:\WINDOWS\System32\USER32.dll
0x00007ff90d140000 - 0x00007ff90d162000 	C:\WINDOWS\System32\win32u.dll
0x00007ff90bd70000 - 0x00007ff90c00a000 	C:\WINDOWS\WinSxS\amd64_microsoft.windows.common-controls_6595b64144ccf1df_6.0.19041.1110_none_60b5254171f9507e\COMCTL32.dll
0x00007ff90dd80000 - 0x00007ff90ddaa000 	C:\WINDOWS\System32\GDI32.dll
0x00007ff90ee60000 - 0x00007ff90eefe000 	C:\WINDOWS\System32\msvcrt.dll
0x00007ff90d870000 - 0x00007ff90d97b000 	C:\WINDOWS\System32\gdi32full.dll
0x00007ff90d270000 - 0x00007ff90d30d000 	C:\WINDOWS\System32\msvcp_win.dll
0x00007ff90f5f0000 - 0x00007ff90f620000 	C:\WINDOWS\System32\IMM32.DLL
0x00007ff907810000 - 0x00007ff90781c000 	D:\SDK\bin\vcruntime140_1.dll
0x00007ff8f00c0000 - 0x00007ff8f014d000 	D:\SDK\bin\msvcp140.dll
0x00007ff8dc120000 - 0x00007ff8dcce1000 	D:\SDK\bin\server\jvm.dll
0x00007ff90ddb0000 - 0x00007ff90de5e000 	C:\WINDOWS\System32\ADVAPI32.dll
0x00007ff90f3a0000 - 0x00007ff90f43c000 	C:\WINDOWS\System32\sechost.dll
0x00007ff90d990000 - 0x00007ff90dab5000 	C:\WINDOWS\System32\RPCRT4.dll
0x00007ff90f5e0000 - 0x00007ff90f5e8000 	C:\WINDOWS\System32\PSAPI.DLL
0x00007ff90b5a0000 - 0x00007ff90b5c7000 	C:\WINDOWS\SYSTEM32\WINMM.dll
0x00007ff8f9490000 - 0x00007ff8f9499000 	C:\WINDOWS\SYSTEM32\WSOCK32.dll
0x00007ff905ef0000 - 0x00007ff905efa000 	C:\WINDOWS\SYSTEM32\VERSION.dll
0x00007ff90fc70000 - 0x00007ff90fcdb000 	C:\WINDOWS\System32\WS2_32.dll
0x00007ff90b140000 - 0x00007ff90b152000 	C:\WINDOWS\SYSTEM32\kernel.appcore.dll
0x00007ff9023d0000 - 0x00007ff9023da000 	D:\SDK\bin\jimage.dll
0x00007ff902ae0000 - 0x00007ff902cc4000 	C:\WINDOWS\SYSTEM32\DBGHELP.DLL
0x00007ff902ab0000 - 0x00007ff902adc000 	C:\WINDOWS\SYSTEM32\dbgcore.DLL
0x00007ff90d7e0000 - 0x00007ff90d862000 	C:\WINDOWS\System32\bcryptPrimitives.dll
0x00007ff9024e0000 - 0x00007ff9024ee000 	D:\SDK\bin\instrument.dll
0x00007ff8f4a10000 - 0x00007ff8f4a35000 	D:\SDK\bin\java.dll
0x00007ff8e3450000 - 0x00007ff8e3526000 	D:\SDK\bin\jsvml.dll
0x00007ff90e570000 - 0x00007ff90ecb4000 	C:\WINDOWS\System32\SHELL32.dll
0x00007ff90b5d0000 - 0x00007ff90bd64000 	C:\WINDOWS\SYSTEM32\windows.storage.dll
0x00007ff90ff40000 - 0x00007ff910294000 	C:\WINDOWS\System32\combase.dll
0x00007ff90ca70000 - 0x00007ff90ca9c000 	C:\WINDOWS\SYSTEM32\Wldp.dll
0x00007ff90de60000 - 0x00007ff90df0d000 	C:\WINDOWS\System32\SHCORE.dll
0x00007ff90fee0000 - 0x00007ff90ff35000 	C:\WINDOWS\System32\shlwapi.dll
0x00007ff90cf50000 - 0x00007ff90cf6f000 	C:\WINDOWS\SYSTEM32\profapi.dll
0x00007ff8ec870000 - 0x00007ff8ec888000 	D:\SDK\bin\zip.dll
0x00007ff8ef0a0000 - 0x00007ff8ef0b9000 	D:\SDK\bin\net.dll
0x00007ff902ce0000 - 0x00007ff902dea000 	C:\WINDOWS\SYSTEM32\WINHTTP.dll
0x00007ff90c7d0000 - 0x00007ff90c83a000 	C:\WINDOWS\system32\mswsock.dll
0x00007ff8ecf40000 - 0x00007ff8ecf56000 	D:\SDK\bin\nio.dll
0x00007ff9009e0000 - 0x00007ff9009fa000 	D:\JetBrains\IntelliJ IDEA 2022.1\bin\breakgen64.dll
0x00007ff90c4c0000 - 0x00007ff90c58b000 	C:\WINDOWS\SYSTEM32\DNSAPI.dll
0x00007ff90c480000 - 0x00007ff90c4bb000 	C:\WINDOWS\SYSTEM32\IPHLPAPI.DLL
0x00007ff90f5d0000 - 0x00007ff90f5d8000 	C:\WINDOWS\System32\NSI.dll
0x00007ff9035c0000 - 0x00007ff9035ca000 	C:\Windows\System32\rasadhlp.dll
0x00007ff901ff0000 - 0x00007ff902070000 	C:\WINDOWS\System32\fwpuclnt.dll
0x00007ff90d310000 - 0x00007ff90d337000 	C:\WINDOWS\System32\bcrypt.dll
0x00007ff9024d0000 - 0x00007ff9024d9000 	D:\SDK\bin\management.dll
0x00007ff8f3450000 - 0x00007ff8f345b000 	D:\SDK\bin\management_ext.dll
0x00007ff90c9c0000 - 0x00007ff90c9d8000 	C:\WINDOWS\SYSTEM32\CRYPTSP.dll
0x000000006a680000 - 0x000000006a699000 	C:\Program Files\Common Files\Crypto Pro\AppCompat\cpadvai.dll
0x00007ff90c0f0000 - 0x00007ff90c124000 	C:\WINDOWS\system32\rsaenh.dll
0x00007ff90ced0000 - 0x00007ff90cefe000 	C:\WINDOWS\SYSTEM32\USERENV.dll
0x00007ff90c9e0000 - 0x00007ff90c9ec000 	C:\WINDOWS\SYSTEM32\CRYPTBASE.dll
0x00007ff904750000 - 0x00007ff904767000 	C:\WINDOWS\SYSTEM32\dhcpcsvc6.DLL
0x00007ff9057c0000 - 0x00007ff9057dd000 	C:\WINDOWS\SYSTEM32\dhcpcsvc.DLL
0x00007ff8f6230000 - 0x00007ff8f6247000 	C:\WINDOWS\system32\napinsp.dll
0x00007ff8f2ed0000 - 0x00007ff8f2eeb000 	C:\WINDOWS\system32\pnrpnsp.dll
0x00007ff8f2eb0000 - 0x00007ff8f2ec5000 	C:\WINDOWS\system32\wshbth.dll
0x00007ff905f70000 - 0x00007ff905f8d000 	C:\WINDOWS\system32\NLAapi.dll
0x00007ff8f2e90000 - 0x00007ff8f2ea2000 	C:\WINDOWS\System32\winrnr.dll
0x00007ff8f32a0000 - 0x00007ff8f32ae000 	D:\SDK\bin\sunmscapi.dll
0x00007ff90d680000 - 0x00007ff90d7d6000 	C:\WINDOWS\System32\CRYPT32.dll
0x00007ff90cae0000 - 0x00007ff90cb07000 	C:\WINDOWS\SYSTEM32\ncrypt.dll
0x000000006a6a0000 - 0x000000006a6c5000 	C:\Program Files\Common Files\Crypto Pro\AppCompat\cpcrypt.dll
0x00007ff90caa0000 - 0x00007ff90cadb000 	C:\WINDOWS\SYSTEM32\NTASN1.dll
0x00007ff8f2060000 - 0x00007ff8f2067000 	C:\WINDOWS\system32\wshunix.dll

dbghelp: loaded successfully - version: 4.0.5 - missing functions: none
symbol engine: initialized successfully - sym options: 0x614 - pdb path: .;D:\SDK\bin;C:\WINDOWS\SYSTEM32;C:\WINDOWS\WinSxS\amd64_microsoft.windows.common-controls_6595b64144ccf1df_6.0.19041.1110_none_60b5254171f9507e;D:\SDK\bin\server;D:\JetBrains\IntelliJ IDEA 2022.1\bin;C:\Program Files\Common Files\Crypto Pro\AppCompat

VM Arguments:
jvm_args: -XX:TieredStopAtLevel=1 -Xverify:none -Dspring.output.ansi.enabled=always -Dcom.sun.management.jmxremote -Dspring.jmx.enabled=true -Dspring.liveBeansView.mbeanDomain -Dspring.application.admin.enabled=true -javaagent:D:\JetBrains\IntelliJ IDEA 2022.1\lib\idea_rt.jar=22041:D:\JetBrains\IntelliJ IDEA 2022.1\bin -Dfile.encoding=UTF-8 
java_command: ru.kata.spring.boot_security.demo.SpringBootSecurityDemoApplication
java_class_path (initial): D:\PROJECTS\PP_3_1_2_Boot_Security-master\target\classes;C:\Users\Roman\.m2\repository\org\springframework\boot\spring-boot-starter-data-jpa\2.6.2\spring-boot-starter-data-jpa-2.6.2.jar;C:\Users\Roman\.m2\repository\org\springframework\boot\spring-boot-starter-aop\2.6.2\spring-boot-starter-aop-2.6.2.jar;C:\Users\Roman\.m2\repository\org\aspectj\aspectjweaver\1.9.7\aspectjweaver-1.9.7.jar;C:\Users\Roman\.m2\repository\org\springframework\boot\spring-boot-starter-jdbc\2.6.2\spring-boot-starter-jdbc-2.6.2.jar;C:\Users\Roman\.m2\repository\com\zaxxer\HikariCP\4.0.3\HikariCP-4.0.3.jar;C:\Users\Roman\.m2\repository\org\springframework\spring-jdbc\5.3.14\spring-jdbc-5.3.14.jar;C:\Users\Roman\.m2\repository\jakarta\transaction\jakarta.transaction-api\1.3.3\jakarta.transaction-api-1.3.3.jar;C:\Users\Roman\.m2\repository\jakarta\persistence\jakarta.persistence-api\2.2.3\jakarta.persistence-api-2.2.3.jar;C:\Users\Roman\.m2\repository\org\hibernate\hibernate-core\5.6.3.Final\hibernate-core-5.6.3.Final.jar;C:\Users\Roman\.m2\repository\org\jboss\logging\jboss-logging\3.4.2.Final\jboss-logging-3.4.2.Final.jar;C:\Users\Roman\.m2\repository\net\bytebuddy\byte-buddy\1.11.22\byte-buddy-1.11.22.jar;C:\Users\Roman\.m2\repository\antlr\antlr\2.7.7\antlr-2.7.7.jar;C:\Users\Roman\.m2\repository\org\jboss\jandex\2.2.3.Final\jandex-2.2.3.Final.jar;C:\Users\Roman\.m2\repository\com\fasterxml\classmate\1.5.1\classmate-1.5.1.jar;C:\Users\Roman\.m2\repository\org\hibernate\common\hibernate-commons-annotations\5.1.2.Final\hibernate-commons-annotations-5.1.2.Final.jar;C:\Users\Roman\.m2\repository\org\glassfish\jaxb\jaxb-runtime\2.3.5\jaxb-runtime-2.3.5.jar;C:\Users\Roman\.m2\repository\org\glassfish\jaxb\txw2\2.3.5\txw2-2.3.5.jar;C:\Users\Roman\.m2\repository\com\sun\istack\istack-commons-runtime\3.0.12\istack-commons-runtime-3.0.12.jar;C:\Users\Roman\.m2\repository\com\sun\activation\jakarta.activation\1.2.2\jakarta.activation-1.2.2.jar;C:\Users\Roman\.m2\repository
Launcher Type: SUN_STANDARD

[Global flags]
     intx CICompilerCount                          = 3                                         {product} {ergonomic}
     uint ConcGCThreads                            = 1                                         {product} {ergonomic}
     uint G1ConcRefinementThreads                  = 4                                         {product} {ergonomic}
   size_t G1HeapRegionSize                         = 2097152                                   {product} {ergonomic}
    uintx GCDrainStackTargetSize                   = 64                                        {product} {ergonomic}
   size_t InitialHeapSize                          = 268435456                                 {product} {ergonomic}
     bool ManagementServer                         = true                                      {product} {command line}
   size_t MarkStackSize                            = 4194304                                   {product} {ergonomic}
   size_t MaxHeapSize                              = 4280287232                                {product} {ergonomic}
   size_t MaxNewSize                               = 2566914048                                {product} {ergonomic}
   size_t MinHeapDeltaBytes                        = 2097152                                   {product} {ergonomic}
   size_t MinHeapSize                              = 8388608                                   {product} {ergonomic}
    uintx NonProfiledCodeHeapSize                  = 0                                      {pd product} {ergonomic}
     bool ProfileInterpreter                       = false                                  {pd product} {command line}
    uintx ProfiledCodeHeapSize                     = 0                                      {pd product} {ergonomic}
   size_t SoftMaxHeapSize                          = 4280287232                             {manageable} {ergonomic}
     intx TieredStopAtLevel                        = 1                                         {product} {command line}
     bool UseCompressedClassPointers               = true                           {product lp64_product} {ergonomic}
     bool UseCompressedOops                        = true                           {product lp64_product} {ergonomic}
     bool UseG1GC                                  = true                                      {product} {ergonomic}
     bool UseLargePagesIndividualAllocation        = false                                  {pd product} {ergonomic}

Logging:
Log output configuration:
 #0: stdout all=warning uptime,level,tags
 #1: stderr all=off uptime,level,tags

Environment Variables:
JAVA_HOME=D:\JetBrains\jdk-11.0.14.1+1
PATH=C:\Program Files (x86)\Common Files\Intel\Shared Libraries\redist\intel64\compiler;C:\Program Files (x86)\Common Files\Oracle\Java\javapath;C:\Windows\system32;C:\Windows;C:\Windows\System32\Wbem;C:\Windows\System32\WindowsPowerShell\v1.0\;C:\Users\lawson\.dnx\bin;C:\Program Files\Microsoft DNX\Dnvm\;C:\Program Files\Andy;C:\Windows\SysWOW64;C:\Windows\System32;C:\Windows\SysWOW64\wbem;C:\Windows\System32\wbem;C:\Windows\SysWOW64\WindowsPowerShell\v1.0\;C:\Windows\;C:\Users\  \.dnx\bin;D:\quicktime\QTSystem\;C:\Program Files (x86)\NVIDIA Corporation\PhysX\Common;C:\Program Files (x86)\GtkSharp\2.12\bin;C:\Program Files\dotnet\;D:\quartus\quartus\bin;C:\Program Files\Microsoft SQL Server\130\Tools\Binn\;C:\Program Files\Microsoft SQL Server\Client SDK\ODBC\170\Tools\Binn\;C:\WINDOWS\system32;C:\WINDOWS;C:\WINDOWS\System32\Wbem;C:\WINDOWS\System32\WindowsPowerShell\v1.0\;C:\WINDOWS\System32\OpenSSH\;D:\univer\Rational Rose\common;D:\MAVEN\apache-maven-3.8.6\bin;D:\GitHub\Git\cmd;D:\visual studio code\Microsoft VS Code\bin;C:\Users\  \AppData\Local\GitHubDesktop\bin;C:\Users\Roman\.dotnet\tools;C:\Users\Roman\AppData\Local\Microsoft\WindowsApps;C:\Users\Roman\AppData\Local\GitHubDesktop\bin;D:\JetBrains\IntelliJ IDEA 2022.1\bin;;D:\Visual Studio Code\Microsoft VS Code\bin
USERNAME=Roman
OS=Windows_NT
PROCESSOR_IDENTIFIER=Intel64 Family 6 Model 60 Stepping 3, GenuineIntel



---------------  S Y S T E M  ---------------

OS:
 Windows 10 , 64 bit Build 19041 (10.0.19041.1741)
OS uptime: 2 days 18:08 hours

CPU: total 4 (initial active 4) (4 cores per cpu, 1 threads per core) family 6 model 60 stepping 3 microcode 0x27, cx8, cmov, fxsr, mmx, sse, sse2, sse3, ssse3, sse4.1, sse4.2, popcnt, lzcnt, tsc, tscinvbit, avx, avx2, aes, erms, clmul, bmi1, bmi2, fma, vzeroupper, clflush

Memory: 4k page, system-wide physical 16322M (3483M free)
TotalPageFile size 18370M (AvailPageFile size 39M)
current process WorkingSet (physical memory assigned to process): 203M, peak: 203M
current process commit charge ("private bytes"): 281M, peak: 373M

vm_info: OpenJDK 64-Bit Server VM (17.0.2+8-86) for windows-amd64 JRE (17.0.2+8-86), built on Dec  7 2021 21:49:10 by "mach5one" with MS VC++ 16.8 / 16.9 (VS2019)

END.
